(0.000) SELECT @@SQL_AUTO_IS_NULL; args=None
(0.000) SELECT @@SQL_AUTO_IS_NULL; args=None
(0.000) SELECT VERSION(); args=None
(0.000) SELECT VERSION(); args=None
(0.000) SHOW FULL TABLES; args=None
(0.000) SHOW FULL TABLES; args=None
(0.000) SELECT `django_migrations`.`app`, `django_migrations`.`name` FROM `django_migrations`; args=()
(0.000) SELECT `django_migrations`.`app`, `django_migrations`.`name` FROM `django_migrations`; args=()
(0.000) SELECT @@SQL_AUTO_IS_NULL; args=None
(0.000) SELECT @@SQL_AUTO_IS_NULL; args=None
(0.000) SELECT @@sql_mode; args=None
(0.000) SELECT @@sql_mode; args=None
(0.000) SELECT VERSION(); args=None
(0.000) SELECT VERSION(); args=None
(0.001) SHOW FULL TABLES; args=None
(0.001) SHOW FULL TABLES; args=None
(0.000) SELECT `django_migrations`.`app`, `django_migrations`.`name` FROM `django_migrations`; args=()
(0.000) SELECT `django_migrations`.`app`, `django_migrations`.`name` FROM `django_migrations`; args=()
(0.000) SHOW FULL TABLES; args=None
(0.000) SHOW FULL TABLES; args=None
(0.000) SELECT `django_migrations`.`app`, `django_migrations`.`name` FROM `django_migrations`; args=()
(0.000) SELECT `django_migrations`.`app`, `django_migrations`.`name` FROM `django_migrations`; args=()
(0.001) SHOW FULL TABLES; args=None
(0.001) SHOW FULL TABLES; args=None
(0.000) SELECT `django_migrations`.`app`, `django_migrations`.`name` FROM `django_migrations`; args=()
(0.000) SELECT `django_migrations`.`app`, `django_migrations`.`name` FROM `django_migrations`; args=()
(0.000) SELECT `django_content_type`.`id`, `django_content_type`.`app_label`, `django_content_type`.`model` FROM `django_content_type` WHERE (`django_content_type`.`model` = 'logentry' AND `django_content_type`.`app_label` = 'admin'); args=('logentry', 'admin')
(0.000) SELECT `django_content_type`.`id`, `django_content_type`.`app_label`, `django_content_type`.`model` FROM `django_content_type` WHERE (`django_content_type`.`model` = 'logentry' AND `django_content_type`.`app_label` = 'admin'); args=('logentry', 'admin')
(0.000) SELECT `auth_permission`.`content_type_id`, `auth_permission`.`codename` FROM `auth_permission` INNER JOIN `django_content_type` ON (`auth_permission`.`content_type_id` = `django_content_type`.`id`) WHERE `auth_permission`.`content_type_id` IN (1) ORDER BY `django_content_type`.`app_label` ASC, `django_content_type`.`model` ASC, `auth_permission`.`codename` ASC; args=(1,)
(0.000) SELECT `auth_permission`.`content_type_id`, `auth_permission`.`codename` FROM `auth_permission` INNER JOIN `django_content_type` ON (`auth_permission`.`content_type_id` = `django_content_type`.`id`) WHERE `auth_permission`.`content_type_id` IN (1) ORDER BY `django_content_type`.`app_label` ASC, `django_content_type`.`model` ASC, `auth_permission`.`codename` ASC; args=(1,)
(0.000) SELECT `django_content_type`.`id`, `django_content_type`.`app_label`, `django_content_type`.`model` FROM `django_content_type` WHERE `django_content_type`.`app_label` = 'admin'; args=('admin',)
(0.000) SELECT `django_content_type`.`id`, `django_content_type`.`app_label`, `django_content_type`.`model` FROM `django_content_type` WHERE `django_content_type`.`app_label` = 'admin'; args=('admin',)
(0.000) SELECT `django_content_type`.`id`, `django_content_type`.`app_label`, `django_content_type`.`model` FROM `django_content_type` WHERE (`django_content_type`.`model` = 'user' AND `django_content_type`.`app_label` = 'auth'); args=('user', 'auth')
(0.000) SELECT `django_content_type`.`id`, `django_content_type`.`app_label`, `django_content_type`.`model` FROM `django_content_type` WHERE (`django_content_type`.`model` = 'user' AND `django_content_type`.`app_label` = 'auth'); args=('user', 'auth')
(0.000) SELECT `django_content_type`.`id`, `django_content_type`.`app_label`, `django_content_type`.`model` FROM `django_content_type` WHERE (`django_content_type`.`model` = 'permission' AND `django_content_type`.`app_label` = 'auth'); args=('permission', 'auth')
(0.000) SELECT `django_content_type`.`id`, `django_content_type`.`app_label`, `django_content_type`.`model` FROM `django_content_type` WHERE (`django_content_type`.`model` = 'permission' AND `django_content_type`.`app_label` = 'auth'); args=('permission', 'auth')
(0.000) SELECT `django_content_type`.`id`, `django_content_type`.`app_label`, `django_content_type`.`model` FROM `django_content_type` WHERE (`django_content_type`.`model` = 'group' AND `django_content_type`.`app_label` = 'auth'); args=('group', 'auth')
(0.000) SELECT `django_content_type`.`id`, `django_content_type`.`app_label`, `django_content_type`.`model` FROM `django_content_type` WHERE (`django_content_type`.`model` = 'group' AND `django_content_type`.`app_label` = 'auth'); args=('group', 'auth')
(0.000) SELECT `auth_permission`.`content_type_id`, `auth_permission`.`codename` FROM `auth_permission` INNER JOIN `django_content_type` ON (`auth_permission`.`content_type_id` = `django_content_type`.`id`) WHERE `auth_permission`.`content_type_id` IN (2, 3, 4) ORDER BY `django_content_type`.`app_label` ASC, `django_content_type`.`model` ASC, `auth_permission`.`codename` ASC; args=(2, 3, 4)
(0.000) SELECT `auth_permission`.`content_type_id`, `auth_permission`.`codename` FROM `auth_permission` INNER JOIN `django_content_type` ON (`auth_permission`.`content_type_id` = `django_content_type`.`id`) WHERE `auth_permission`.`content_type_id` IN (2, 3, 4) ORDER BY `django_content_type`.`app_label` ASC, `django_content_type`.`model` ASC, `auth_permission`.`codename` ASC; args=(2, 3, 4)
(0.000) SELECT `django_content_type`.`id`, `django_content_type`.`app_label`, `django_content_type`.`model` FROM `django_content_type` WHERE `django_content_type`.`app_label` = 'auth'; args=('auth',)
(0.000) SELECT `django_content_type`.`id`, `django_content_type`.`app_label`, `django_content_type`.`model` FROM `django_content_type` WHERE `django_content_type`.`app_label` = 'auth'; args=('auth',)
(0.000) SELECT `django_content_type`.`id`, `django_content_type`.`app_label`, `django_content_type`.`model` FROM `django_content_type` WHERE (`django_content_type`.`model` = 'contenttype' AND `django_content_type`.`app_label` = 'contenttypes'); args=('contenttype', 'contenttypes')
(0.000) SELECT `django_content_type`.`id`, `django_content_type`.`app_label`, `django_content_type`.`model` FROM `django_content_type` WHERE (`django_content_type`.`model` = 'contenttype' AND `django_content_type`.`app_label` = 'contenttypes'); args=('contenttype', 'contenttypes')
(0.000) SELECT `auth_permission`.`content_type_id`, `auth_permission`.`codename` FROM `auth_permission` INNER JOIN `django_content_type` ON (`auth_permission`.`content_type_id` = `django_content_type`.`id`) WHERE `auth_permission`.`content_type_id` IN (5) ORDER BY `django_content_type`.`app_label` ASC, `django_content_type`.`model` ASC, `auth_permission`.`codename` ASC; args=(5,)
(0.000) SELECT `auth_permission`.`content_type_id`, `auth_permission`.`codename` FROM `auth_permission` INNER JOIN `django_content_type` ON (`auth_permission`.`content_type_id` = `django_content_type`.`id`) WHERE `auth_permission`.`content_type_id` IN (5) ORDER BY `django_content_type`.`app_label` ASC, `django_content_type`.`model` ASC, `auth_permission`.`codename` ASC; args=(5,)
(0.000) SELECT `django_content_type`.`id`, `django_content_type`.`app_label`, `django_content_type`.`model` FROM `django_content_type` WHERE `django_content_type`.`app_label` = 'contenttypes'; args=('contenttypes',)
(0.000) SELECT `django_content_type`.`id`, `django_content_type`.`app_label`, `django_content_type`.`model` FROM `django_content_type` WHERE `django_content_type`.`app_label` = 'contenttypes'; args=('contenttypes',)
(0.001) SELECT `django_content_type`.`id`, `django_content_type`.`app_label`, `django_content_type`.`model` FROM `django_content_type` WHERE (`django_content_type`.`model` = 'session' AND `django_content_type`.`app_label` = 'sessions'); args=('session', 'sessions')
(0.001) SELECT `django_content_type`.`id`, `django_content_type`.`app_label`, `django_content_type`.`model` FROM `django_content_type` WHERE (`django_content_type`.`model` = 'session' AND `django_content_type`.`app_label` = 'sessions'); args=('session', 'sessions')
(0.000) SELECT `auth_permission`.`content_type_id`, `auth_permission`.`codename` FROM `auth_permission` INNER JOIN `django_content_type` ON (`auth_permission`.`content_type_id` = `django_content_type`.`id`) WHERE `auth_permission`.`content_type_id` IN (6) ORDER BY `django_content_type`.`app_label` ASC, `django_content_type`.`model` ASC, `auth_permission`.`codename` ASC; args=(6,)
(0.000) SELECT `auth_permission`.`content_type_id`, `auth_permission`.`codename` FROM `auth_permission` INNER JOIN `django_content_type` ON (`auth_permission`.`content_type_id` = `django_content_type`.`id`) WHERE `auth_permission`.`content_type_id` IN (6) ORDER BY `django_content_type`.`app_label` ASC, `django_content_type`.`model` ASC, `auth_permission`.`codename` ASC; args=(6,)
(0.000) SELECT `django_content_type`.`id`, `django_content_type`.`app_label`, `django_content_type`.`model` FROM `django_content_type` WHERE `django_content_type`.`app_label` = 'sessions'; args=('sessions',)
(0.000) SELECT `django_content_type`.`id`, `django_content_type`.`app_label`, `django_content_type`.`model` FROM `django_content_type` WHERE `django_content_type`.`app_label` = 'sessions'; args=('sessions',)
(0.000) SELECT `django_content_type`.`id`, `django_content_type`.`app_label`, `django_content_type`.`model` FROM `django_content_type` WHERE (`django_content_type`.`model` = 'question' AND `django_content_type`.`app_label` = 'qa'); args=('question', 'qa')
(0.000) SELECT `django_content_type`.`id`, `django_content_type`.`app_label`, `django_content_type`.`model` FROM `django_content_type` WHERE (`django_content_type`.`model` = 'question' AND `django_content_type`.`app_label` = 'qa'); args=('question', 'qa')
(0.000) SELECT `django_content_type`.`id`, `django_content_type`.`app_label`, `django_content_type`.`model` FROM `django_content_type` WHERE (`django_content_type`.`model` = 'answer' AND `django_content_type`.`app_label` = 'qa'); args=('answer', 'qa')
(0.000) SELECT `django_content_type`.`id`, `django_content_type`.`app_label`, `django_content_type`.`model` FROM `django_content_type` WHERE (`django_content_type`.`model` = 'answer' AND `django_content_type`.`app_label` = 'qa'); args=('answer', 'qa')
(0.000) SELECT `auth_permission`.`content_type_id`, `auth_permission`.`codename` FROM `auth_permission` INNER JOIN `django_content_type` ON (`auth_permission`.`content_type_id` = `django_content_type`.`id`) WHERE `auth_permission`.`content_type_id` IN (8, 7) ORDER BY `django_content_type`.`app_label` ASC, `django_content_type`.`model` ASC, `auth_permission`.`codename` ASC; args=(8, 7)
(0.000) SELECT `auth_permission`.`content_type_id`, `auth_permission`.`codename` FROM `auth_permission` INNER JOIN `django_content_type` ON (`auth_permission`.`content_type_id` = `django_content_type`.`id`) WHERE `auth_permission`.`content_type_id` IN (8, 7) ORDER BY `django_content_type`.`app_label` ASC, `django_content_type`.`model` ASC, `auth_permission`.`codename` ASC; args=(8, 7)
(0.000) SELECT `django_content_type`.`id`, `django_content_type`.`app_label`, `django_content_type`.`model` FROM `django_content_type` WHERE `django_content_type`.`app_label` = 'qa'; args=('qa',)
(0.000) SELECT `django_content_type`.`id`, `django_content_type`.`app_label`, `django_content_type`.`model` FROM `django_content_type` WHERE `django_content_type`.`app_label` = 'qa'; args=('qa',)
(0.000) SELECT @@SQL_AUTO_IS_NULL; args=None
(0.000) SELECT @@SQL_AUTO_IS_NULL; args=None
(0.000) SELECT MAX(`qa_question`.`rating`) AS `rating__max` FROM `qa_question`; args=()
(0.000) SELECT MAX(`qa_question`.`rating`) AS `rating__max` FROM `qa_question`; args=()
(0.000) SELECT VERSION(); args=None
(0.000) SELECT VERSION(); args=None
(0.000) SELECT `auth_user`.`id`, `auth_user`.`password`, `auth_user`.`last_login`, `auth_user`.`is_superuser`, `auth_user`.`username`, `auth_user`.`first_name`, `auth_user`.`last_name`, `auth_user`.`email`, `auth_user`.`is_staff`, `auth_user`.`is_active`, `auth_user`.`date_joined` FROM `auth_user` WHERE `auth_user`.`username` = 'x'; args=('x',)
(0.000) SELECT `auth_user`.`id`, `auth_user`.`password`, `auth_user`.`last_login`, `auth_user`.`is_superuser`, `auth_user`.`username`, `auth_user`.`first_name`, `auth_user`.`last_name`, `auth_user`.`email`, `auth_user`.`is_staff`, `auth_user`.`is_active`, `auth_user`.`date_joined` FROM `auth_user` WHERE `auth_user`.`username` = 'x'; args=('x',)
(0.000) INSERT INTO `qa_question` (`title`, `text`, `added_at`, `rating`, `author_id`) VALUES ('question 0', 'text 0', '2019-07-10', 29, 1); args=['question 0', 'text 0', u'2019-07-10', 29, 1]
(0.000) INSERT INTO `qa_question` (`title`, `text`, `added_at`, `rating`, `author_id`) VALUES ('question 0', 'text 0', '2019-07-10', 29, 1); args=['question 0', 'text 0', u'2019-07-10', 29, 1]
(0.000) INSERT INTO `qa_question` (`title`, `text`, `added_at`, `rating`, `author_id`) VALUES ('question 1', 'text 1', '2019-07-10', 30, 1); args=['question 1', 'text 1', u'2019-07-10', 30, 1]
(0.000) INSERT INTO `qa_question` (`title`, `text`, `added_at`, `rating`, `author_id`) VALUES ('question 1', 'text 1', '2019-07-10', 30, 1); args=['question 1', 'text 1', u'2019-07-10', 30, 1]
(0.000) INSERT INTO `qa_question` (`title`, `text`, `added_at`, `rating`, `author_id`) VALUES ('question 2', 'text 2', '2019-07-10', 31, 1); args=['question 2', 'text 2', u'2019-07-10', 31, 1]
(0.000) INSERT INTO `qa_question` (`title`, `text`, `added_at`, `rating`, `author_id`) VALUES ('question 2', 'text 2', '2019-07-10', 31, 1); args=['question 2', 'text 2', u'2019-07-10', 31, 1]
(0.000) INSERT INTO `qa_question` (`title`, `text`, `added_at`, `rating`, `author_id`) VALUES ('question 3', 'text 3', '2019-07-10', 32, 1); args=['question 3', 'text 3', u'2019-07-10', 32, 1]
(0.000) INSERT INTO `qa_question` (`title`, `text`, `added_at`, `rating`, `author_id`) VALUES ('question 3', 'text 3', '2019-07-10', 32, 1); args=['question 3', 'text 3', u'2019-07-10', 32, 1]
(0.000) INSERT INTO `qa_question` (`title`, `text`, `added_at`, `rating`, `author_id`) VALUES ('question 4', 'text 4', '2019-07-10', 33, 1); args=['question 4', 'text 4', u'2019-07-10', 33, 1]
(0.000) INSERT INTO `qa_question` (`title`, `text`, `added_at`, `rating`, `author_id`) VALUES ('question 4', 'text 4', '2019-07-10', 33, 1); args=['question 4', 'text 4', u'2019-07-10', 33, 1]
(0.000) INSERT INTO `qa_question` (`title`, `text`, `added_at`, `rating`, `author_id`) VALUES ('question 5', 'text 5', '2019-07-10', 34, 1); args=['question 5', 'text 5', u'2019-07-10', 34, 1]
(0.000) INSERT INTO `qa_question` (`title`, `text`, `added_at`, `rating`, `author_id`) VALUES ('question 5', 'text 5', '2019-07-10', 34, 1); args=['question 5', 'text 5', u'2019-07-10', 34, 1]
(0.000) INSERT INTO `qa_question` (`title`, `text`, `added_at`, `rating`, `author_id`) VALUES ('question 6', 'text 6', '2019-07-10', 35, 1); args=['question 6', 'text 6', u'2019-07-10', 35, 1]
(0.000) INSERT INTO `qa_question` (`title`, `text`, `added_at`, `rating`, `author_id`) VALUES ('question 6', 'text 6', '2019-07-10', 35, 1); args=['question 6', 'text 6', u'2019-07-10', 35, 1]
(0.000) INSERT INTO `qa_question` (`title`, `text`, `added_at`, `rating`, `author_id`) VALUES ('question 7', 'text 7', '2019-07-10', 36, 1); args=['question 7', 'text 7', u'2019-07-10', 36, 1]
(0.000) INSERT INTO `qa_question` (`title`, `text`, `added_at`, `rating`, `author_id`) VALUES ('question 7', 'text 7', '2019-07-10', 36, 1); args=['question 7', 'text 7', u'2019-07-10', 36, 1]
(0.000) INSERT INTO `qa_question` (`title`, `text`, `added_at`, `rating`, `author_id`) VALUES ('question 8', 'text 8', '2019-07-10', 37, 1); args=['question 8', 'text 8', u'2019-07-10', 37, 1]
(0.000) INSERT INTO `qa_question` (`title`, `text`, `added_at`, `rating`, `author_id`) VALUES ('question 8', 'text 8', '2019-07-10', 37, 1); args=['question 8', 'text 8', u'2019-07-10', 37, 1]
(0.000) INSERT INTO `qa_question` (`title`, `text`, `added_at`, `rating`, `author_id`) VALUES ('question 9', 'text 9', '2019-07-10', 38, 1); args=['question 9', 'text 9', u'2019-07-10', 38, 1]
(0.000) INSERT INTO `qa_question` (`title`, `text`, `added_at`, `rating`, `author_id`) VALUES ('question 9', 'text 9', '2019-07-10', 38, 1); args=['question 9', 'text 9', u'2019-07-10', 38, 1]
(0.000) INSERT INTO `qa_question` (`title`, `text`, `added_at`, `rating`, `author_id`) VALUES ('question 10', 'text 10', '2019-07-10', 39, 1); args=['question 10', 'text 10', u'2019-07-10', 39, 1]
(0.000) INSERT INTO `qa_question` (`title`, `text`, `added_at`, `rating`, `author_id`) VALUES ('question 10', 'text 10', '2019-07-10', 39, 1); args=['question 10', 'text 10', u'2019-07-10', 39, 1]
(0.000) INSERT INTO `qa_question` (`title`, `text`, `added_at`, `rating`, `author_id`) VALUES ('question 11', 'text 11', '2019-07-10', 40, 1); args=['question 11', 'text 11', u'2019-07-10', 40, 1]
(0.000) INSERT INTO `qa_question` (`title`, `text`, `added_at`, `rating`, `author_id`) VALUES ('question 11', 'text 11', '2019-07-10', 40, 1); args=['question 11', 'text 11', u'2019-07-10', 40, 1]
(0.000) INSERT INTO `qa_question` (`title`, `text`, `added_at`, `rating`, `author_id`) VALUES ('question 12', 'text 12', '2019-07-10', 41, 1); args=['question 12', 'text 12', u'2019-07-10', 41, 1]
(0.000) INSERT INTO `qa_question` (`title`, `text`, `added_at`, `rating`, `author_id`) VALUES ('question 12', 'text 12', '2019-07-10', 41, 1); args=['question 12', 'text 12', u'2019-07-10', 41, 1]
(0.000) INSERT INTO `qa_question` (`title`, `text`, `added_at`, `rating`, `author_id`) VALUES ('question 13', 'text 13', '2019-07-10', 42, 1); args=['question 13', 'text 13', u'2019-07-10', 42, 1]
(0.000) INSERT INTO `qa_question` (`title`, `text`, `added_at`, `rating`, `author_id`) VALUES ('question 13', 'text 13', '2019-07-10', 42, 1); args=['question 13', 'text 13', u'2019-07-10', 42, 1]
(0.000) INSERT INTO `qa_question` (`title`, `text`, `added_at`, `rating`, `author_id`) VALUES ('question 14', 'text 14', '2019-07-10', 43, 1); args=['question 14', 'text 14', u'2019-07-10', 43, 1]
(0.000) INSERT INTO `qa_question` (`title`, `text`, `added_at`, `rating`, `author_id`) VALUES ('question 14', 'text 14', '2019-07-10', 43, 1); args=['question 14', 'text 14', u'2019-07-10', 43, 1]
(0.000) INSERT INTO `qa_question` (`title`, `text`, `added_at`, `rating`, `author_id`) VALUES ('question 15', 'text 15', '2019-07-10', 44, 1); args=['question 15', 'text 15', u'2019-07-10', 44, 1]
(0.000) INSERT INTO `qa_question` (`title`, `text`, `added_at`, `rating`, `author_id`) VALUES ('question 15', 'text 15', '2019-07-10', 44, 1); args=['question 15', 'text 15', u'2019-07-10', 44, 1]
(0.000) INSERT INTO `qa_question` (`title`, `text`, `added_at`, `rating`, `author_id`) VALUES ('question 16', 'text 16', '2019-07-10', 45, 1); args=['question 16', 'text 16', u'2019-07-10', 45, 1]
(0.000) INSERT INTO `qa_question` (`title`, `text`, `added_at`, `rating`, `author_id`) VALUES ('question 16', 'text 16', '2019-07-10', 45, 1); args=['question 16', 'text 16', u'2019-07-10', 45, 1]
(0.000) INSERT INTO `qa_question` (`title`, `text`, `added_at`, `rating`, `author_id`) VALUES ('question 17', 'text 17', '2019-07-10', 46, 1); args=['question 17', 'text 17', u'2019-07-10', 46, 1]
(0.000) INSERT INTO `qa_question` (`title`, `text`, `added_at`, `rating`, `author_id`) VALUES ('question 17', 'text 17', '2019-07-10', 46, 1); args=['question 17', 'text 17', u'2019-07-10', 46, 1]
(0.000) INSERT INTO `qa_question` (`title`, `text`, `added_at`, `rating`, `author_id`) VALUES ('question 18', 'text 18', '2019-07-10', 47, 1); args=['question 18', 'text 18', u'2019-07-10', 47, 1]
(0.000) INSERT INTO `qa_question` (`title`, `text`, `added_at`, `rating`, `author_id`) VALUES ('question 18', 'text 18', '2019-07-10', 47, 1); args=['question 18', 'text 18', u'2019-07-10', 47, 1]
(0.000) INSERT INTO `qa_question` (`title`, `text`, `added_at`, `rating`, `author_id`) VALUES ('question 19', 'text 19', '2019-07-10', 48, 1); args=['question 19', 'text 19', u'2019-07-10', 48, 1]
(0.000) INSERT INTO `qa_question` (`title`, `text`, `added_at`, `rating`, `author_id`) VALUES ('question 19', 'text 19', '2019-07-10', 48, 1); args=['question 19', 'text 19', u'2019-07-10', 48, 1]
(0.000) INSERT INTO `qa_question` (`title`, `text`, `added_at`, `rating`, `author_id`) VALUES ('question 20', 'text 20', '2019-07-10', 49, 1); args=['question 20', 'text 20', u'2019-07-10', 49, 1]
(0.000) INSERT INTO `qa_question` (`title`, `text`, `added_at`, `rating`, `author_id`) VALUES ('question 20', 'text 20', '2019-07-10', 49, 1); args=['question 20', 'text 20', u'2019-07-10', 49, 1]
(0.000) INSERT INTO `qa_question` (`title`, `text`, `added_at`, `rating`, `author_id`) VALUES ('question 21', 'text 21', '2019-07-10', 50, 1); args=['question 21', 'text 21', u'2019-07-10', 50, 1]
(0.000) INSERT INTO `qa_question` (`title`, `text`, `added_at`, `rating`, `author_id`) VALUES ('question 21', 'text 21', '2019-07-10', 50, 1); args=['question 21', 'text 21', u'2019-07-10', 50, 1]
(0.000) INSERT INTO `qa_question` (`title`, `text`, `added_at`, `rating`, `author_id`) VALUES ('question 22', 'text 22', '2019-07-10', 51, 1); args=['question 22', 'text 22', u'2019-07-10', 51, 1]
(0.000) INSERT INTO `qa_question` (`title`, `text`, `added_at`, `rating`, `author_id`) VALUES ('question 22', 'text 22', '2019-07-10', 51, 1); args=['question 22', 'text 22', u'2019-07-10', 51, 1]
(0.000) INSERT INTO `qa_question` (`title`, `text`, `added_at`, `rating`, `author_id`) VALUES ('question 23', 'text 23', '2019-07-10', 52, 1); args=['question 23', 'text 23', u'2019-07-10', 52, 1]
(0.000) INSERT INTO `qa_question` (`title`, `text`, `added_at`, `rating`, `author_id`) VALUES ('question 23', 'text 23', '2019-07-10', 52, 1); args=['question 23', 'text 23', u'2019-07-10', 52, 1]
(0.000) INSERT INTO `qa_question` (`title`, `text`, `added_at`, `rating`, `author_id`) VALUES ('question 24', 'text 24', '2019-07-10', 53, 1); args=['question 24', 'text 24', u'2019-07-10', 53, 1]
(0.000) INSERT INTO `qa_question` (`title`, `text`, `added_at`, `rating`, `author_id`) VALUES ('question 24', 'text 24', '2019-07-10', 53, 1); args=['question 24', 'text 24', u'2019-07-10', 53, 1]
(0.000) INSERT INTO `qa_question` (`title`, `text`, `added_at`, `rating`, `author_id`) VALUES ('question 25', 'text 25', '2019-07-10', 54, 1); args=['question 25', 'text 25', u'2019-07-10', 54, 1]
(0.000) INSERT INTO `qa_question` (`title`, `text`, `added_at`, `rating`, `author_id`) VALUES ('question 25', 'text 25', '2019-07-10', 54, 1); args=['question 25', 'text 25', u'2019-07-10', 54, 1]
(0.000) INSERT INTO `qa_question` (`title`, `text`, `added_at`, `rating`, `author_id`) VALUES ('question 26', 'text 26', '2019-07-10', 55, 1); args=['question 26', 'text 26', u'2019-07-10', 55, 1]
(0.000) INSERT INTO `qa_question` (`title`, `text`, `added_at`, `rating`, `author_id`) VALUES ('question 26', 'text 26', '2019-07-10', 55, 1); args=['question 26', 'text 26', u'2019-07-10', 55, 1]
(0.000) INSERT INTO `qa_question` (`title`, `text`, `added_at`, `rating`, `author_id`) VALUES ('question 27', 'text 27', '2019-07-10', 56, 1); args=['question 27', 'text 27', u'2019-07-10', 56, 1]
(0.000) INSERT INTO `qa_question` (`title`, `text`, `added_at`, `rating`, `author_id`) VALUES ('question 27', 'text 27', '2019-07-10', 56, 1); args=['question 27', 'text 27', u'2019-07-10', 56, 1]
(0.000) INSERT INTO `qa_question` (`title`, `text`, `added_at`, `rating`, `author_id`) VALUES ('question 28', 'text 28', '2019-07-10', 57, 1); args=['question 28', 'text 28', u'2019-07-10', 57, 1]
(0.000) INSERT INTO `qa_question` (`title`, `text`, `added_at`, `rating`, `author_id`) VALUES ('question 28', 'text 28', '2019-07-10', 57, 1); args=['question 28', 'text 28', u'2019-07-10', 57, 1]
(0.000) INSERT INTO `qa_question` (`title`, `text`, `added_at`, `rating`, `author_id`) VALUES ('question 29', 'text 29', '2019-07-10', 58, 1); args=['question 29', 'text 29', u'2019-07-10', 58, 1]
(0.000) INSERT INTO `qa_question` (`title`, `text`, `added_at`, `rating`, `author_id`) VALUES ('question 29', 'text 29', '2019-07-10', 58, 1); args=['question 29', 'text 29', u'2019-07-10', 58, 1]
(0.000) INSERT INTO `qa_question` (`title`, `text`, `added_at`, `rating`, `author_id`) VALUES ('question last', 'text', '2019-07-10', 0, 1); args=['question last', 'text', u'2019-07-10', 0, 1]
(0.000) INSERT INTO `qa_question` (`title`, `text`, `added_at`, `rating`, `author_id`) VALUES ('question last', 'text', '2019-07-10', 0, 1); args=['question last', 'text', u'2019-07-10', 0, 1]
(0.000) SELECT `qa_question`.`id`, `qa_question`.`title`, `qa_question`.`text`, `qa_question`.`added_at`, `qa_question`.`rating`, `qa_question`.`author_id` FROM `qa_question` WHERE (`qa_question`.`id` = 3141592 AND `qa_question`.`title` = 'question about pi' AND `qa_question`.`text` = 'what is the last digit?' AND `qa_question`.`author_id` = 1); args=(3141592, 'question about pi', 'what is the last digit?', 1)
(0.000) SELECT `qa_question`.`id`, `qa_question`.`title`, `qa_question`.`text`, `qa_question`.`added_at`, `qa_question`.`rating`, `qa_question`.`author_id` FROM `qa_question` WHERE (`qa_question`.`id` = 3141592 AND `qa_question`.`title` = 'question about pi' AND `qa_question`.`text` = 'what is the last digit?' AND `qa_question`.`author_id` = 1); args=(3141592, 'question about pi', 'what is the last digit?', 1)
(0.000) DELETE FROM `qa_answer` WHERE `qa_answer`.`question_id` = 3141592; args=(3141592,)
(0.000) DELETE FROM `qa_answer` WHERE `qa_answer`.`question_id` = 3141592; args=(3141592,)
(0.000) INSERT INTO `qa_answer` (`text`, `added_at`, `question_id`, `author_id`) VALUES ('answer 0', '2019-07-10', 3141592, 1); args=['answer 0', u'2019-07-10', 3141592, 1]
(0.000) INSERT INTO `qa_answer` (`text`, `added_at`, `question_id`, `author_id`) VALUES ('answer 0', '2019-07-10', 3141592, 1); args=['answer 0', u'2019-07-10', 3141592, 1]
(0.000) INSERT INTO `qa_answer` (`text`, `added_at`, `question_id`, `author_id`) VALUES ('answer 1', '2019-07-10', 3141592, 1); args=['answer 1', u'2019-07-10', 3141592, 1]
(0.000) INSERT INTO `qa_answer` (`text`, `added_at`, `question_id`, `author_id`) VALUES ('answer 1', '2019-07-10', 3141592, 1); args=['answer 1', u'2019-07-10', 3141592, 1]
(0.000) INSERT INTO `qa_answer` (`text`, `added_at`, `question_id`, `author_id`) VALUES ('answer 2', '2019-07-10', 3141592, 1); args=['answer 2', u'2019-07-10', 3141592, 1]
(0.000) INSERT INTO `qa_answer` (`text`, `added_at`, `question_id`, `author_id`) VALUES ('answer 2', '2019-07-10', 3141592, 1); args=['answer 2', u'2019-07-10', 3141592, 1]
(0.000) INSERT INTO `qa_answer` (`text`, `added_at`, `question_id`, `author_id`) VALUES ('answer 3', '2019-07-10', 3141592, 1); args=['answer 3', u'2019-07-10', 3141592, 1]
(0.000) INSERT INTO `qa_answer` (`text`, `added_at`, `question_id`, `author_id`) VALUES ('answer 3', '2019-07-10', 3141592, 1); args=['answer 3', u'2019-07-10', 3141592, 1]
(0.000) INSERT INTO `qa_answer` (`text`, `added_at`, `question_id`, `author_id`) VALUES ('answer 4', '2019-07-10', 3141592, 1); args=['answer 4', u'2019-07-10', 3141592, 1]
(0.000) INSERT INTO `qa_answer` (`text`, `added_at`, `question_id`, `author_id`) VALUES ('answer 4', '2019-07-10', 3141592, 1); args=['answer 4', u'2019-07-10', 3141592, 1]
(0.000) INSERT INTO `qa_answer` (`text`, `added_at`, `question_id`, `author_id`) VALUES ('answer 5', '2019-07-10', 3141592, 1); args=['answer 5', u'2019-07-10', 3141592, 1]
(0.000) INSERT INTO `qa_answer` (`text`, `added_at`, `question_id`, `author_id`) VALUES ('answer 5', '2019-07-10', 3141592, 1); args=['answer 5', u'2019-07-10', 3141592, 1]
(0.000) INSERT INTO `qa_answer` (`text`, `added_at`, `question_id`, `author_id`) VALUES ('answer 6', '2019-07-10', 3141592, 1); args=['answer 6', u'2019-07-10', 3141592, 1]
(0.000) INSERT INTO `qa_answer` (`text`, `added_at`, `question_id`, `author_id`) VALUES ('answer 6', '2019-07-10', 3141592, 1); args=['answer 6', u'2019-07-10', 3141592, 1]
(0.000) INSERT INTO `qa_answer` (`text`, `added_at`, `question_id`, `author_id`) VALUES ('answer 7', '2019-07-10', 3141592, 1); args=['answer 7', u'2019-07-10', 3141592, 1]
(0.000) INSERT INTO `qa_answer` (`text`, `added_at`, `question_id`, `author_id`) VALUES ('answer 7', '2019-07-10', 3141592, 1); args=['answer 7', u'2019-07-10', 3141592, 1]
(0.000) INSERT INTO `qa_answer` (`text`, `added_at`, `question_id`, `author_id`) VALUES ('answer 8', '2019-07-10', 3141592, 1); args=['answer 8', u'2019-07-10', 3141592, 1]
(0.000) INSERT INTO `qa_answer` (`text`, `added_at`, `question_id`, `author_id`) VALUES ('answer 8', '2019-07-10', 3141592, 1); args=['answer 8', u'2019-07-10', 3141592, 1]
(0.000) INSERT INTO `qa_answer` (`text`, `added_at`, `question_id`, `author_id`) VALUES ('answer 9', '2019-07-10', 3141592, 1); args=['answer 9', u'2019-07-10', 3141592, 1]
(0.000) INSERT INTO `qa_answer` (`text`, `added_at`, `question_id`, `author_id`) VALUES ('answer 9', '2019-07-10', 3141592, 1); args=['answer 9', u'2019-07-10', 3141592, 1]
main_page
(0.000) SELECT @@SQL_AUTO_IS_NULL; args=None
(0.000) SELECT @@SQL_AUTO_IS_NULL; args=None
(0.000) SELECT COUNT(*) AS `__count` FROM `qa_question`; args=()
(0.000) SELECT COUNT(*) AS `__count` FROM `qa_question`; args=()
(0.000) SELECT `qa_question`.`id`, `qa_question`.`title`, `qa_question`.`text`, `qa_question`.`added_at`, `qa_question`.`rating`, `qa_question`.`author_id` FROM `qa_question` ORDER BY `qa_question`.`id` DESC LIMIT 10; args=()
(0.000) SELECT `qa_question`.`id`, `qa_question`.`title`, `qa_question`.`text`, `qa_question`.`added_at`, `qa_question`.`rating`, `qa_question`.`author_id` FROM `qa_question` ORDER BY `qa_question`.`id` DESC LIMIT 10; args=()
Internal Server Error: /
Traceback (most recent call last):
  File "/usr/local/lib/python3.4/dist-packages/django/urls/base.py", line 77, in reverse
    extra, resolver = resolver.namespace_dict[ns]
KeyError: 'qa'

During handling of the above exception, another exception occurred:

Traceback (most recent call last):
  File "/usr/local/lib/python3.4/dist-packages/django/core/handlers/exception.py", line 39, in inner
    response = get_response(request)
  File "/usr/local/lib/python3.4/dist-packages/django/core/handlers/base.py", line 187, in _get_response
    response = self.process_exception_by_middleware(e, request)
  File "/usr/local/lib/python3.4/dist-packages/django/core/handlers/base.py", line 185, in _get_response
    response = wrapped_callback(request, *callback_args, **callback_kwargs)
  File "/usr/local/lib/python3.4/dist-packages/django/views/decorators/http.py", line 40, in inner
    return func(request, *args, **kwargs)
  File "/home/box/web/ask/qa/views.py", line 28, in main_page
    logger.debug(question.get_url())
  File "/home/box/web/ask/qa/models.py", line 28, in get_url
    return reverse('qa:question-page', kwargs={'num': self.pk})
  File "/usr/local/lib/python3.4/dist-packages/django/urls/base.py", line 87, in reverse
    raise NoReverseMatch("%s is not a registered namespace" % key)
django.urls.exceptions.NoReverseMatch: 'qa' is not a registered namespace
Internal Server Error: /
Traceback (most recent call last):
  File "/usr/local/lib/python3.4/dist-packages/django/urls/base.py", line 77, in reverse
    extra, resolver = resolver.namespace_dict[ns]
KeyError: 'qa'

During handling of the above exception, another exception occurred:

Traceback (most recent call last):
  File "/usr/local/lib/python3.4/dist-packages/django/core/handlers/exception.py", line 39, in inner
    response = get_response(request)
  File "/usr/local/lib/python3.4/dist-packages/django/core/handlers/base.py", line 187, in _get_response
    response = self.process_exception_by_middleware(e, request)
  File "/usr/local/lib/python3.4/dist-packages/django/core/handlers/base.py", line 185, in _get_response
    response = wrapped_callback(request, *callback_args, **callback_kwargs)
  File "/usr/local/lib/python3.4/dist-packages/django/views/decorators/http.py", line 40, in inner
    return func(request, *args, **kwargs)
  File "/home/box/web/ask/qa/views.py", line 28, in main_page
    logger.debug(question.get_url())
  File "/home/box/web/ask/qa/models.py", line 28, in get_url
    return reverse('qa:question-page', kwargs={'num': self.pk})
  File "/usr/local/lib/python3.4/dist-packages/django/urls/base.py", line 87, in reverse
    raise NoReverseMatch("%s is not a registered namespace" % key)
django.urls.exceptions.NoReverseMatch: 'qa' is not a registered namespace
Internal Server Error: /
Traceback (most recent call last):
  File "/usr/local/lib/python3.4/dist-packages/django/urls/base.py", line 77, in reverse
    extra, resolver = resolver.namespace_dict[ns]
KeyError: 'qa'

During handling of the above exception, another exception occurred:

Traceback (most recent call last):
  File "/usr/local/lib/python3.4/dist-packages/django/core/handlers/exception.py", line 39, in inner
    response = get_response(request)
  File "/usr/local/lib/python3.4/dist-packages/django/core/handlers/base.py", line 187, in _get_response
    response = self.process_exception_by_middleware(e, request)
  File "/usr/local/lib/python3.4/dist-packages/django/core/handlers/base.py", line 185, in _get_response
    response = wrapped_callback(request, *callback_args, **callback_kwargs)
  File "/usr/local/lib/python3.4/dist-packages/django/views/decorators/http.py", line 40, in inner
    return func(request, *args, **kwargs)
  File "/home/box/web/ask/qa/views.py", line 28, in main_page
    logger.debug(question.get_url())
  File "/home/box/web/ask/qa/models.py", line 28, in get_url
    return reverse('qa:question-page', kwargs={'num': self.pk})
  File "/usr/local/lib/python3.4/dist-packages/django/urls/base.py", line 87, in reverse
    raise NoReverseMatch("%s is not a registered namespace" % key)
django.urls.exceptions.NoReverseMatch: 'qa' is not a registered namespace
(0.000) SELECT `qa_question`.`id`, `qa_question`.`title`, `qa_question`.`text`, `qa_question`.`added_at`, `qa_question`.`rating`, `qa_question`.`author_id` FROM `qa_question` ORDER BY `qa_question`.`id` DESC LIMIT 21; args=()
(0.000) SELECT `qa_question`.`id`, `qa_question`.`title`, `qa_question`.`text`, `qa_question`.`added_at`, `qa_question`.`rating`, `qa_question`.`author_id` FROM `qa_question` ORDER BY `qa_question`.`id` DESC LIMIT 21; args=()
