(0.000) SELECT @@SQL_AUTO_IS_NULL; args=None
(0.000) SELECT @@SQL_AUTO_IS_NULL; args=None
(0.010) SELECT VERSION(); args=None
(0.010) SELECT VERSION(); args=None
(0.000) SHOW FULL TABLES; args=None
(0.000) SHOW FULL TABLES; args=None
(0.000) SELECT `django_migrations`.`app`, `django_migrations`.`name` FROM `django_migrations`; args=()
(0.000) SELECT `django_migrations`.`app`, `django_migrations`.`name` FROM `django_migrations`; args=()
(0.000) SELECT @@SQL_AUTO_IS_NULL; args=None
(0.000) SELECT @@SQL_AUTO_IS_NULL; args=None
(0.000) SELECT @@sql_mode; args=None
(0.000) SELECT @@sql_mode; args=None
(0.000) SELECT VERSION(); args=None
(0.000) SELECT VERSION(); args=None
(0.000) SHOW FULL TABLES; args=None
(0.000) SHOW FULL TABLES; args=None
(0.000) SELECT `django_migrations`.`app`, `django_migrations`.`name` FROM `django_migrations`; args=()
(0.000) SELECT `django_migrations`.`app`, `django_migrations`.`name` FROM `django_migrations`; args=()
(0.004) SHOW FULL TABLES; args=None
(0.004) SHOW FULL TABLES; args=None
(0.000) SELECT `django_migrations`.`app`, `django_migrations`.`name` FROM `django_migrations`; args=()
(0.000) SELECT `django_migrations`.`app`, `django_migrations`.`name` FROM `django_migrations`; args=()
(0.006) SHOW FULL TABLES; args=None
(0.006) SHOW FULL TABLES; args=None
(0.001) SELECT `django_migrations`.`app`, `django_migrations`.`name` FROM `django_migrations`; args=()
(0.001) SELECT `django_migrations`.`app`, `django_migrations`.`name` FROM `django_migrations`; args=()
(0.008) SELECT `django_content_type`.`id`, `django_content_type`.`app_label`, `django_content_type`.`model` FROM `django_content_type` WHERE (`django_content_type`.`app_label` = 'admin' AND `django_content_type`.`model` = 'logentry'); args=('admin', 'logentry')
(0.008) SELECT `django_content_type`.`id`, `django_content_type`.`app_label`, `django_content_type`.`model` FROM `django_content_type` WHERE (`django_content_type`.`app_label` = 'admin' AND `django_content_type`.`model` = 'logentry'); args=('admin', 'logentry')
(0.003) SELECT `auth_permission`.`content_type_id`, `auth_permission`.`codename` FROM `auth_permission` INNER JOIN `django_content_type` ON (`auth_permission`.`content_type_id` = `django_content_type`.`id`) WHERE `auth_permission`.`content_type_id` IN (1) ORDER BY `django_content_type`.`app_label` ASC, `django_content_type`.`model` ASC, `auth_permission`.`codename` ASC; args=(1,)
(0.003) SELECT `auth_permission`.`content_type_id`, `auth_permission`.`codename` FROM `auth_permission` INNER JOIN `django_content_type` ON (`auth_permission`.`content_type_id` = `django_content_type`.`id`) WHERE `auth_permission`.`content_type_id` IN (1) ORDER BY `django_content_type`.`app_label` ASC, `django_content_type`.`model` ASC, `auth_permission`.`codename` ASC; args=(1,)
(0.004) SELECT `django_content_type`.`id`, `django_content_type`.`app_label`, `django_content_type`.`model` FROM `django_content_type` WHERE `django_content_type`.`app_label` = 'admin'; args=('admin',)
(0.004) SELECT `django_content_type`.`id`, `django_content_type`.`app_label`, `django_content_type`.`model` FROM `django_content_type` WHERE `django_content_type`.`app_label` = 'admin'; args=('admin',)
(0.003) SELECT `django_content_type`.`id`, `django_content_type`.`app_label`, `django_content_type`.`model` FROM `django_content_type` WHERE (`django_content_type`.`app_label` = 'auth' AND `django_content_type`.`model` = 'permission'); args=('auth', 'permission')
(0.003) SELECT `django_content_type`.`id`, `django_content_type`.`app_label`, `django_content_type`.`model` FROM `django_content_type` WHERE (`django_content_type`.`app_label` = 'auth' AND `django_content_type`.`model` = 'permission'); args=('auth', 'permission')
(0.002) SELECT `django_content_type`.`id`, `django_content_type`.`app_label`, `django_content_type`.`model` FROM `django_content_type` WHERE (`django_content_type`.`app_label` = 'auth' AND `django_content_type`.`model` = 'user'); args=('auth', 'user')
(0.002) SELECT `django_content_type`.`id`, `django_content_type`.`app_label`, `django_content_type`.`model` FROM `django_content_type` WHERE (`django_content_type`.`app_label` = 'auth' AND `django_content_type`.`model` = 'user'); args=('auth', 'user')
(0.004) SELECT `django_content_type`.`id`, `django_content_type`.`app_label`, `django_content_type`.`model` FROM `django_content_type` WHERE (`django_content_type`.`app_label` = 'auth' AND `django_content_type`.`model` = 'group'); args=('auth', 'group')
(0.004) SELECT `django_content_type`.`id`, `django_content_type`.`app_label`, `django_content_type`.`model` FROM `django_content_type` WHERE (`django_content_type`.`app_label` = 'auth' AND `django_content_type`.`model` = 'group'); args=('auth', 'group')
(0.003) SELECT `auth_permission`.`content_type_id`, `auth_permission`.`codename` FROM `auth_permission` INNER JOIN `django_content_type` ON (`auth_permission`.`content_type_id` = `django_content_type`.`id`) WHERE `auth_permission`.`content_type_id` IN (2, 3, 4) ORDER BY `django_content_type`.`app_label` ASC, `django_content_type`.`model` ASC, `auth_permission`.`codename` ASC; args=(2, 3, 4)
(0.003) SELECT `auth_permission`.`content_type_id`, `auth_permission`.`codename` FROM `auth_permission` INNER JOIN `django_content_type` ON (`auth_permission`.`content_type_id` = `django_content_type`.`id`) WHERE `auth_permission`.`content_type_id` IN (2, 3, 4) ORDER BY `django_content_type`.`app_label` ASC, `django_content_type`.`model` ASC, `auth_permission`.`codename` ASC; args=(2, 3, 4)
(0.008) SELECT `django_content_type`.`id`, `django_content_type`.`app_label`, `django_content_type`.`model` FROM `django_content_type` WHERE `django_content_type`.`app_label` = 'auth'; args=('auth',)
(0.008) SELECT `django_content_type`.`id`, `django_content_type`.`app_label`, `django_content_type`.`model` FROM `django_content_type` WHERE `django_content_type`.`app_label` = 'auth'; args=('auth',)
(0.015) SELECT `django_content_type`.`id`, `django_content_type`.`app_label`, `django_content_type`.`model` FROM `django_content_type` WHERE (`django_content_type`.`app_label` = 'contenttypes' AND `django_content_type`.`model` = 'contenttype'); args=('contenttypes', 'contenttype')
(0.015) SELECT `django_content_type`.`id`, `django_content_type`.`app_label`, `django_content_type`.`model` FROM `django_content_type` WHERE (`django_content_type`.`app_label` = 'contenttypes' AND `django_content_type`.`model` = 'contenttype'); args=('contenttypes', 'contenttype')
(0.003) SELECT `auth_permission`.`content_type_id`, `auth_permission`.`codename` FROM `auth_permission` INNER JOIN `django_content_type` ON (`auth_permission`.`content_type_id` = `django_content_type`.`id`) WHERE `auth_permission`.`content_type_id` IN (5) ORDER BY `django_content_type`.`app_label` ASC, `django_content_type`.`model` ASC, `auth_permission`.`codename` ASC; args=(5,)
(0.003) SELECT `auth_permission`.`content_type_id`, `auth_permission`.`codename` FROM `auth_permission` INNER JOIN `django_content_type` ON (`auth_permission`.`content_type_id` = `django_content_type`.`id`) WHERE `auth_permission`.`content_type_id` IN (5) ORDER BY `django_content_type`.`app_label` ASC, `django_content_type`.`model` ASC, `auth_permission`.`codename` ASC; args=(5,)
(0.002) SELECT `django_content_type`.`id`, `django_content_type`.`app_label`, `django_content_type`.`model` FROM `django_content_type` WHERE `django_content_type`.`app_label` = 'contenttypes'; args=('contenttypes',)
(0.002) SELECT `django_content_type`.`id`, `django_content_type`.`app_label`, `django_content_type`.`model` FROM `django_content_type` WHERE `django_content_type`.`app_label` = 'contenttypes'; args=('contenttypes',)
(0.008) SELECT `django_content_type`.`id`, `django_content_type`.`app_label`, `django_content_type`.`model` FROM `django_content_type` WHERE (`django_content_type`.`app_label` = 'sessions' AND `django_content_type`.`model` = 'session'); args=('sessions', 'session')
(0.008) SELECT `django_content_type`.`id`, `django_content_type`.`app_label`, `django_content_type`.`model` FROM `django_content_type` WHERE (`django_content_type`.`app_label` = 'sessions' AND `django_content_type`.`model` = 'session'); args=('sessions', 'session')
(0.007) SELECT `auth_permission`.`content_type_id`, `auth_permission`.`codename` FROM `auth_permission` INNER JOIN `django_content_type` ON (`auth_permission`.`content_type_id` = `django_content_type`.`id`) WHERE `auth_permission`.`content_type_id` IN (6) ORDER BY `django_content_type`.`app_label` ASC, `django_content_type`.`model` ASC, `auth_permission`.`codename` ASC; args=(6,)
(0.007) SELECT `auth_permission`.`content_type_id`, `auth_permission`.`codename` FROM `auth_permission` INNER JOIN `django_content_type` ON (`auth_permission`.`content_type_id` = `django_content_type`.`id`) WHERE `auth_permission`.`content_type_id` IN (6) ORDER BY `django_content_type`.`app_label` ASC, `django_content_type`.`model` ASC, `auth_permission`.`codename` ASC; args=(6,)
(0.005) SELECT `django_content_type`.`id`, `django_content_type`.`app_label`, `django_content_type`.`model` FROM `django_content_type` WHERE `django_content_type`.`app_label` = 'sessions'; args=('sessions',)
(0.005) SELECT `django_content_type`.`id`, `django_content_type`.`app_label`, `django_content_type`.`model` FROM `django_content_type` WHERE `django_content_type`.`app_label` = 'sessions'; args=('sessions',)
(0.007) SELECT `django_content_type`.`id`, `django_content_type`.`app_label`, `django_content_type`.`model` FROM `django_content_type` WHERE (`django_content_type`.`app_label` = 'qa' AND `django_content_type`.`model` = 'question'); args=('qa', 'question')
(0.007) SELECT `django_content_type`.`id`, `django_content_type`.`app_label`, `django_content_type`.`model` FROM `django_content_type` WHERE (`django_content_type`.`app_label` = 'qa' AND `django_content_type`.`model` = 'question'); args=('qa', 'question')
(0.002) SELECT `django_content_type`.`id`, `django_content_type`.`app_label`, `django_content_type`.`model` FROM `django_content_type` WHERE (`django_content_type`.`app_label` = 'qa' AND `django_content_type`.`model` = 'answer'); args=('qa', 'answer')
(0.002) SELECT `django_content_type`.`id`, `django_content_type`.`app_label`, `django_content_type`.`model` FROM `django_content_type` WHERE (`django_content_type`.`app_label` = 'qa' AND `django_content_type`.`model` = 'answer'); args=('qa', 'answer')
(0.004) SELECT `auth_permission`.`content_type_id`, `auth_permission`.`codename` FROM `auth_permission` INNER JOIN `django_content_type` ON (`auth_permission`.`content_type_id` = `django_content_type`.`id`) WHERE `auth_permission`.`content_type_id` IN (8, 7) ORDER BY `django_content_type`.`app_label` ASC, `django_content_type`.`model` ASC, `auth_permission`.`codename` ASC; args=(8, 7)
(0.004) SELECT `auth_permission`.`content_type_id`, `auth_permission`.`codename` FROM `auth_permission` INNER JOIN `django_content_type` ON (`auth_permission`.`content_type_id` = `django_content_type`.`id`) WHERE `auth_permission`.`content_type_id` IN (8, 7) ORDER BY `django_content_type`.`app_label` ASC, `django_content_type`.`model` ASC, `auth_permission`.`codename` ASC; args=(8, 7)
(0.000) SELECT `django_content_type`.`id`, `django_content_type`.`app_label`, `django_content_type`.`model` FROM `django_content_type` WHERE `django_content_type`.`app_label` = 'qa'; args=('qa',)
(0.000) SELECT `django_content_type`.`id`, `django_content_type`.`app_label`, `django_content_type`.`model` FROM `django_content_type` WHERE `django_content_type`.`app_label` = 'qa'; args=('qa',)
ask_page
(0.000) SELECT @@SQL_AUTO_IS_NULL; args=None
(0.000) SELECT @@SQL_AUTO_IS_NULL; args=None
(0.000) SELECT VERSION(); args=None
(0.000) SELECT VERSION(); args=None
(0.000) SHOW FULL TABLES; args=None
(0.000) SHOW FULL TABLES; args=None
(0.000) SELECT `django_migrations`.`app`, `django_migrations`.`name` FROM `django_migrations`; args=()
(0.000) SELECT `django_migrations`.`app`, `django_migrations`.`name` FROM `django_migrations`; args=()
(0.000) SELECT @@SQL_AUTO_IS_NULL; args=None
(0.000) SELECT @@SQL_AUTO_IS_NULL; args=None
(0.000) SELECT @@sql_mode; args=None
(0.000) SELECT @@sql_mode; args=None
(0.000) SELECT VERSION(); args=None
(0.000) SELECT VERSION(); args=None
(0.000) SHOW FULL TABLES; args=None
(0.000) SHOW FULL TABLES; args=None
(0.000) SELECT `django_migrations`.`app`, `django_migrations`.`name` FROM `django_migrations`; args=()
(0.000) SELECT `django_migrations`.`app`, `django_migrations`.`name` FROM `django_migrations`; args=()
(0.000) SHOW FULL TABLES; args=None
(0.000) SHOW FULL TABLES; args=None
(0.000) SELECT `django_migrations`.`app`, `django_migrations`.`name` FROM `django_migrations`; args=()
(0.000) SELECT `django_migrations`.`app`, `django_migrations`.`name` FROM `django_migrations`; args=()
(0.000) SHOW FULL TABLES; args=None
(0.000) SHOW FULL TABLES; args=None
(0.000) SELECT `django_migrations`.`app`, `django_migrations`.`name` FROM `django_migrations`; args=()
(0.000) SELECT `django_migrations`.`app`, `django_migrations`.`name` FROM `django_migrations`; args=()
(0.000) SELECT `django_content_type`.`id`, `django_content_type`.`app_label`, `django_content_type`.`model` FROM `django_content_type` WHERE (`django_content_type`.`app_label` = 'admin' AND `django_content_type`.`model` = 'logentry'); args=('admin', 'logentry')
(0.000) SELECT `django_content_type`.`id`, `django_content_type`.`app_label`, `django_content_type`.`model` FROM `django_content_type` WHERE (`django_content_type`.`app_label` = 'admin' AND `django_content_type`.`model` = 'logentry'); args=('admin', 'logentry')
(0.000) SELECT `auth_permission`.`content_type_id`, `auth_permission`.`codename` FROM `auth_permission` INNER JOIN `django_content_type` ON (`auth_permission`.`content_type_id` = `django_content_type`.`id`) WHERE `auth_permission`.`content_type_id` IN (1) ORDER BY `django_content_type`.`app_label` ASC, `django_content_type`.`model` ASC, `auth_permission`.`codename` ASC; args=(1,)
(0.000) SELECT `auth_permission`.`content_type_id`, `auth_permission`.`codename` FROM `auth_permission` INNER JOIN `django_content_type` ON (`auth_permission`.`content_type_id` = `django_content_type`.`id`) WHERE `auth_permission`.`content_type_id` IN (1) ORDER BY `django_content_type`.`app_label` ASC, `django_content_type`.`model` ASC, `auth_permission`.`codename` ASC; args=(1,)
(0.000) SELECT `django_content_type`.`id`, `django_content_type`.`app_label`, `django_content_type`.`model` FROM `django_content_type` WHERE `django_content_type`.`app_label` = 'admin'; args=('admin',)
(0.000) SELECT `django_content_type`.`id`, `django_content_type`.`app_label`, `django_content_type`.`model` FROM `django_content_type` WHERE `django_content_type`.`app_label` = 'admin'; args=('admin',)
(0.000) SELECT `django_content_type`.`id`, `django_content_type`.`app_label`, `django_content_type`.`model` FROM `django_content_type` WHERE (`django_content_type`.`app_label` = 'auth' AND `django_content_type`.`model` = 'group'); args=('auth', 'group')
(0.000) SELECT `django_content_type`.`id`, `django_content_type`.`app_label`, `django_content_type`.`model` FROM `django_content_type` WHERE (`django_content_type`.`app_label` = 'auth' AND `django_content_type`.`model` = 'group'); args=('auth', 'group')
(0.000) SELECT `django_content_type`.`id`, `django_content_type`.`app_label`, `django_content_type`.`model` FROM `django_content_type` WHERE (`django_content_type`.`app_label` = 'auth' AND `django_content_type`.`model` = 'user'); args=('auth', 'user')
(0.000) SELECT `django_content_type`.`id`, `django_content_type`.`app_label`, `django_content_type`.`model` FROM `django_content_type` WHERE (`django_content_type`.`app_label` = 'auth' AND `django_content_type`.`model` = 'user'); args=('auth', 'user')
(0.000) SELECT `django_content_type`.`id`, `django_content_type`.`app_label`, `django_content_type`.`model` FROM `django_content_type` WHERE (`django_content_type`.`app_label` = 'auth' AND `django_content_type`.`model` = 'permission'); args=('auth', 'permission')
(0.000) SELECT `django_content_type`.`id`, `django_content_type`.`app_label`, `django_content_type`.`model` FROM `django_content_type` WHERE (`django_content_type`.`app_label` = 'auth' AND `django_content_type`.`model` = 'permission'); args=('auth', 'permission')
(0.000) SELECT `auth_permission`.`content_type_id`, `auth_permission`.`codename` FROM `auth_permission` INNER JOIN `django_content_type` ON (`auth_permission`.`content_type_id` = `django_content_type`.`id`) WHERE `auth_permission`.`content_type_id` IN (2, 3, 4) ORDER BY `django_content_type`.`app_label` ASC, `django_content_type`.`model` ASC, `auth_permission`.`codename` ASC; args=(2, 3, 4)
(0.000) SELECT `auth_permission`.`content_type_id`, `auth_permission`.`codename` FROM `auth_permission` INNER JOIN `django_content_type` ON (`auth_permission`.`content_type_id` = `django_content_type`.`id`) WHERE `auth_permission`.`content_type_id` IN (2, 3, 4) ORDER BY `django_content_type`.`app_label` ASC, `django_content_type`.`model` ASC, `auth_permission`.`codename` ASC; args=(2, 3, 4)
(0.000) SELECT `django_content_type`.`id`, `django_content_type`.`app_label`, `django_content_type`.`model` FROM `django_content_type` WHERE `django_content_type`.`app_label` = 'auth'; args=('auth',)
(0.000) SELECT `django_content_type`.`id`, `django_content_type`.`app_label`, `django_content_type`.`model` FROM `django_content_type` WHERE `django_content_type`.`app_label` = 'auth'; args=('auth',)
(0.000) SELECT `django_content_type`.`id`, `django_content_type`.`app_label`, `django_content_type`.`model` FROM `django_content_type` WHERE (`django_content_type`.`app_label` = 'contenttypes' AND `django_content_type`.`model` = 'contenttype'); args=('contenttypes', 'contenttype')
(0.000) SELECT `django_content_type`.`id`, `django_content_type`.`app_label`, `django_content_type`.`model` FROM `django_content_type` WHERE (`django_content_type`.`app_label` = 'contenttypes' AND `django_content_type`.`model` = 'contenttype'); args=('contenttypes', 'contenttype')
(0.000) SELECT `auth_permission`.`content_type_id`, `auth_permission`.`codename` FROM `auth_permission` INNER JOIN `django_content_type` ON (`auth_permission`.`content_type_id` = `django_content_type`.`id`) WHERE `auth_permission`.`content_type_id` IN (5) ORDER BY `django_content_type`.`app_label` ASC, `django_content_type`.`model` ASC, `auth_permission`.`codename` ASC; args=(5,)
(0.000) SELECT `auth_permission`.`content_type_id`, `auth_permission`.`codename` FROM `auth_permission` INNER JOIN `django_content_type` ON (`auth_permission`.`content_type_id` = `django_content_type`.`id`) WHERE `auth_permission`.`content_type_id` IN (5) ORDER BY `django_content_type`.`app_label` ASC, `django_content_type`.`model` ASC, `auth_permission`.`codename` ASC; args=(5,)
(0.000) SELECT `django_content_type`.`id`, `django_content_type`.`app_label`, `django_content_type`.`model` FROM `django_content_type` WHERE `django_content_type`.`app_label` = 'contenttypes'; args=('contenttypes',)
(0.000) SELECT `django_content_type`.`id`, `django_content_type`.`app_label`, `django_content_type`.`model` FROM `django_content_type` WHERE `django_content_type`.`app_label` = 'contenttypes'; args=('contenttypes',)
(0.000) SELECT `django_content_type`.`id`, `django_content_type`.`app_label`, `django_content_type`.`model` FROM `django_content_type` WHERE (`django_content_type`.`app_label` = 'sessions' AND `django_content_type`.`model` = 'session'); args=('sessions', 'session')
(0.000) SELECT `django_content_type`.`id`, `django_content_type`.`app_label`, `django_content_type`.`model` FROM `django_content_type` WHERE (`django_content_type`.`app_label` = 'sessions' AND `django_content_type`.`model` = 'session'); args=('sessions', 'session')
(0.000) SELECT `auth_permission`.`content_type_id`, `auth_permission`.`codename` FROM `auth_permission` INNER JOIN `django_content_type` ON (`auth_permission`.`content_type_id` = `django_content_type`.`id`) WHERE `auth_permission`.`content_type_id` IN (6) ORDER BY `django_content_type`.`app_label` ASC, `django_content_type`.`model` ASC, `auth_permission`.`codename` ASC; args=(6,)
(0.000) SELECT `auth_permission`.`content_type_id`, `auth_permission`.`codename` FROM `auth_permission` INNER JOIN `django_content_type` ON (`auth_permission`.`content_type_id` = `django_content_type`.`id`) WHERE `auth_permission`.`content_type_id` IN (6) ORDER BY `django_content_type`.`app_label` ASC, `django_content_type`.`model` ASC, `auth_permission`.`codename` ASC; args=(6,)
(0.000) SELECT `django_content_type`.`id`, `django_content_type`.`app_label`, `django_content_type`.`model` FROM `django_content_type` WHERE `django_content_type`.`app_label` = 'sessions'; args=('sessions',)
(0.000) SELECT `django_content_type`.`id`, `django_content_type`.`app_label`, `django_content_type`.`model` FROM `django_content_type` WHERE `django_content_type`.`app_label` = 'sessions'; args=('sessions',)
(0.000) SELECT `django_content_type`.`id`, `django_content_type`.`app_label`, `django_content_type`.`model` FROM `django_content_type` WHERE (`django_content_type`.`app_label` = 'qa' AND `django_content_type`.`model` = 'answer'); args=('qa', 'answer')
(0.000) SELECT `django_content_type`.`id`, `django_content_type`.`app_label`, `django_content_type`.`model` FROM `django_content_type` WHERE (`django_content_type`.`app_label` = 'qa' AND `django_content_type`.`model` = 'answer'); args=('qa', 'answer')
(0.000) SELECT `django_content_type`.`id`, `django_content_type`.`app_label`, `django_content_type`.`model` FROM `django_content_type` WHERE (`django_content_type`.`app_label` = 'qa' AND `django_content_type`.`model` = 'question'); args=('qa', 'question')
(0.000) SELECT `django_content_type`.`id`, `django_content_type`.`app_label`, `django_content_type`.`model` FROM `django_content_type` WHERE (`django_content_type`.`app_label` = 'qa' AND `django_content_type`.`model` = 'question'); args=('qa', 'question')
(0.000) SELECT `auth_permission`.`content_type_id`, `auth_permission`.`codename` FROM `auth_permission` INNER JOIN `django_content_type` ON (`auth_permission`.`content_type_id` = `django_content_type`.`id`) WHERE `auth_permission`.`content_type_id` IN (8, 7) ORDER BY `django_content_type`.`app_label` ASC, `django_content_type`.`model` ASC, `auth_permission`.`codename` ASC; args=(8, 7)
(0.000) SELECT `auth_permission`.`content_type_id`, `auth_permission`.`codename` FROM `auth_permission` INNER JOIN `django_content_type` ON (`auth_permission`.`content_type_id` = `django_content_type`.`id`) WHERE `auth_permission`.`content_type_id` IN (8, 7) ORDER BY `django_content_type`.`app_label` ASC, `django_content_type`.`model` ASC, `auth_permission`.`codename` ASC; args=(8, 7)
(0.000) SELECT `django_content_type`.`id`, `django_content_type`.`app_label`, `django_content_type`.`model` FROM `django_content_type` WHERE `django_content_type`.`app_label` = 'qa'; args=('qa',)
(0.000) SELECT `django_content_type`.`id`, `django_content_type`.`app_label`, `django_content_type`.`model` FROM `django_content_type` WHERE `django_content_type`.`app_label` = 'qa'; args=('qa',)
ask_page
ask_page
ask_page
(0.000) SELECT @@SQL_AUTO_IS_NULL; args=None
(0.000) SELECT @@SQL_AUTO_IS_NULL; args=None
(0.001) INSERT INTO `qa_question` (`title`, `text`, `added_at`, `rating`, `author_id`) VALUES ('x123', '2bo!2b?', '2019-07-10', 0, 1); args=['x123', '2bo!2b?', '2019-07-10', 0, 1]
(0.001) INSERT INTO `qa_question` (`title`, `text`, `added_at`, `rating`, `author_id`) VALUES ('x123', '2bo!2b?', '2019-07-10', 0, 1); args=['x123', '2bo!2b?', '2019-07-10', 0, 1]
Internal Server Error: /ask/
Traceback (most recent call last):
  File "/usr/local/lib/python3.4/dist-packages/django/db/backends/utils.py", line 64, in execute
    return self.cursor.execute(sql, params)
  File "/usr/local/lib/python3.4/dist-packages/django/db/backends/mysql/base.py", line 110, in execute
    return self.cursor.execute(query, args)
  File "/usr/local/lib/python3.4/dist-packages/MySQLdb/cursors.py", line 250, in execute
    self.errorhandler(self, exc, value)
  File "/usr/local/lib/python3.4/dist-packages/MySQLdb/connections.py", line 50, in defaulterrorhandler
    raise errorvalue
  File "/usr/local/lib/python3.4/dist-packages/MySQLdb/cursors.py", line 247, in execute
    res = self._query(query)
  File "/usr/local/lib/python3.4/dist-packages/MySQLdb/cursors.py", line 411, in _query
    rowcount = self._do_query(q)
  File "/usr/local/lib/python3.4/dist-packages/MySQLdb/cursors.py", line 374, in _do_query
    db.query(q)
  File "/usr/local/lib/python3.4/dist-packages/MySQLdb/connections.py", line 292, in query
    _mysql.connection.query(self, query)
_mysql_exceptions.IntegrityError: (1452, 'Cannot add or update a child row: a foreign key constraint fails (`stepic_web`.`qa_question`, CONSTRAINT `qa_question_author_id_3665c779_fk_auth_user_id` FOREIGN KEY (`author_id`) REFERENCES `auth_user` (`id`))')

The above exception was the direct cause of the following exception:

Traceback (most recent call last):
  File "/usr/local/lib/python3.4/dist-packages/django/core/handlers/exception.py", line 39, in inner
    response = get_response(request)
  File "/usr/local/lib/python3.4/dist-packages/django/core/handlers/base.py", line 187, in _get_response
    response = self.process_exception_by_middleware(e, request)
  File "/usr/local/lib/python3.4/dist-packages/django/core/handlers/base.py", line 185, in _get_response
    response = wrapped_callback(request, *callback_args, **callback_kwargs)
  File "/home/box/web/ask/qa/views.py", line 80, in ask_page
    question = form.save()
  File "/home/box/web/ask/qa/forms.py", line 14, in save
    question.save()
  File "/usr/local/lib/python3.4/dist-packages/django/db/models/base.py", line 796, in save
    force_update=force_update, update_fields=update_fields)
  File "/usr/local/lib/python3.4/dist-packages/django/db/models/base.py", line 824, in save_base
    updated = self._save_table(raw, cls, force_insert, force_update, using, update_fields)
  File "/usr/local/lib/python3.4/dist-packages/django/db/models/base.py", line 908, in _save_table
    result = self._do_insert(cls._base_manager, using, fields, update_pk, raw)
  File "/usr/local/lib/python3.4/dist-packages/django/db/models/base.py", line 947, in _do_insert
    using=using, raw=raw)
  File "/usr/local/lib/python3.4/dist-packages/django/db/models/manager.py", line 85, in manager_method
    return getattr(self.get_queryset(), name)(*args, **kwargs)
  File "/usr/local/lib/python3.4/dist-packages/django/db/models/query.py", line 1045, in _insert
    return query.get_compiler(using=using).execute_sql(return_id)
  File "/usr/local/lib/python3.4/dist-packages/django/db/models/sql/compiler.py", line 1054, in execute_sql
    cursor.execute(sql, params)
  File "/usr/local/lib/python3.4/dist-packages/django/db/backends/utils.py", line 79, in execute
    return super(CursorDebugWrapper, self).execute(sql, params)
  File "/usr/local/lib/python3.4/dist-packages/django/db/backends/utils.py", line 64, in execute
    return self.cursor.execute(sql, params)
  File "/usr/local/lib/python3.4/dist-packages/django/db/utils.py", line 94, in __exit__
    six.reraise(dj_exc_type, dj_exc_value, traceback)
  File "/usr/local/lib/python3.4/dist-packages/django/utils/six.py", line 685, in reraise
    raise value.with_traceback(tb)
  File "/usr/local/lib/python3.4/dist-packages/django/db/backends/utils.py", line 64, in execute
    return self.cursor.execute(sql, params)
  File "/usr/local/lib/python3.4/dist-packages/django/db/backends/mysql/base.py", line 110, in execute
    return self.cursor.execute(query, args)
  File "/usr/local/lib/python3.4/dist-packages/MySQLdb/cursors.py", line 250, in execute
    self.errorhandler(self, exc, value)
  File "/usr/local/lib/python3.4/dist-packages/MySQLdb/connections.py", line 50, in defaulterrorhandler
    raise errorvalue
  File "/usr/local/lib/python3.4/dist-packages/MySQLdb/cursors.py", line 247, in execute
    res = self._query(query)
  File "/usr/local/lib/python3.4/dist-packages/MySQLdb/cursors.py", line 411, in _query
    rowcount = self._do_query(q)
  File "/usr/local/lib/python3.4/dist-packages/MySQLdb/cursors.py", line 374, in _do_query
    db.query(q)
  File "/usr/local/lib/python3.4/dist-packages/MySQLdb/connections.py", line 292, in query
    _mysql.connection.query(self, query)
django.db.utils.IntegrityError: (1452, 'Cannot add or update a child row: a foreign key constraint fails (`stepic_web`.`qa_question`, CONSTRAINT `qa_question_author_id_3665c779_fk_auth_user_id` FOREIGN KEY (`author_id`) REFERENCES `auth_user` (`id`))')
Internal Server Error: /ask/
Traceback (most recent call last):
  File "/usr/local/lib/python3.4/dist-packages/django/db/backends/utils.py", line 64, in execute
    return self.cursor.execute(sql, params)
  File "/usr/local/lib/python3.4/dist-packages/django/db/backends/mysql/base.py", line 110, in execute
    return self.cursor.execute(query, args)
  File "/usr/local/lib/python3.4/dist-packages/MySQLdb/cursors.py", line 250, in execute
    self.errorhandler(self, exc, value)
  File "/usr/local/lib/python3.4/dist-packages/MySQLdb/connections.py", line 50, in defaulterrorhandler
    raise errorvalue
  File "/usr/local/lib/python3.4/dist-packages/MySQLdb/cursors.py", line 247, in execute
    res = self._query(query)
  File "/usr/local/lib/python3.4/dist-packages/MySQLdb/cursors.py", line 411, in _query
    rowcount = self._do_query(q)
  File "/usr/local/lib/python3.4/dist-packages/MySQLdb/cursors.py", line 374, in _do_query
    db.query(q)
  File "/usr/local/lib/python3.4/dist-packages/MySQLdb/connections.py", line 292, in query
    _mysql.connection.query(self, query)
_mysql_exceptions.IntegrityError: (1452, 'Cannot add or update a child row: a foreign key constraint fails (`stepic_web`.`qa_question`, CONSTRAINT `qa_question_author_id_3665c779_fk_auth_user_id` FOREIGN KEY (`author_id`) REFERENCES `auth_user` (`id`))')

The above exception was the direct cause of the following exception:

Traceback (most recent call last):
  File "/usr/local/lib/python3.4/dist-packages/django/core/handlers/exception.py", line 39, in inner
    response = get_response(request)
  File "/usr/local/lib/python3.4/dist-packages/django/core/handlers/base.py", line 187, in _get_response
    response = self.process_exception_by_middleware(e, request)
  File "/usr/local/lib/python3.4/dist-packages/django/core/handlers/base.py", line 185, in _get_response
    response = wrapped_callback(request, *callback_args, **callback_kwargs)
  File "/home/box/web/ask/qa/views.py", line 80, in ask_page
    question = form.save()
  File "/home/box/web/ask/qa/forms.py", line 14, in save
    question.save()
  File "/usr/local/lib/python3.4/dist-packages/django/db/models/base.py", line 796, in save
    force_update=force_update, update_fields=update_fields)
  File "/usr/local/lib/python3.4/dist-packages/django/db/models/base.py", line 824, in save_base
    updated = self._save_table(raw, cls, force_insert, force_update, using, update_fields)
  File "/usr/local/lib/python3.4/dist-packages/django/db/models/base.py", line 908, in _save_table
    result = self._do_insert(cls._base_manager, using, fields, update_pk, raw)
  File "/usr/local/lib/python3.4/dist-packages/django/db/models/base.py", line 947, in _do_insert
    using=using, raw=raw)
  File "/usr/local/lib/python3.4/dist-packages/django/db/models/manager.py", line 85, in manager_method
    return getattr(self.get_queryset(), name)(*args, **kwargs)
  File "/usr/local/lib/python3.4/dist-packages/django/db/models/query.py", line 1045, in _insert
    return query.get_compiler(using=using).execute_sql(return_id)
  File "/usr/local/lib/python3.4/dist-packages/django/db/models/sql/compiler.py", line 1054, in execute_sql
    cursor.execute(sql, params)
  File "/usr/local/lib/python3.4/dist-packages/django/db/backends/utils.py", line 79, in execute
    return super(CursorDebugWrapper, self).execute(sql, params)
  File "/usr/local/lib/python3.4/dist-packages/django/db/backends/utils.py", line 64, in execute
    return self.cursor.execute(sql, params)
  File "/usr/local/lib/python3.4/dist-packages/django/db/utils.py", line 94, in __exit__
    six.reraise(dj_exc_type, dj_exc_value, traceback)
  File "/usr/local/lib/python3.4/dist-packages/django/utils/six.py", line 685, in reraise
    raise value.with_traceback(tb)
  File "/usr/local/lib/python3.4/dist-packages/django/db/backends/utils.py", line 64, in execute
    return self.cursor.execute(sql, params)
  File "/usr/local/lib/python3.4/dist-packages/django/db/backends/mysql/base.py", line 110, in execute
    return self.cursor.execute(query, args)
  File "/usr/local/lib/python3.4/dist-packages/MySQLdb/cursors.py", line 250, in execute
    self.errorhandler(self, exc, value)
  File "/usr/local/lib/python3.4/dist-packages/MySQLdb/connections.py", line 50, in defaulterrorhandler
    raise errorvalue
  File "/usr/local/lib/python3.4/dist-packages/MySQLdb/cursors.py", line 247, in execute
    res = self._query(query)
  File "/usr/local/lib/python3.4/dist-packages/MySQLdb/cursors.py", line 411, in _query
    rowcount = self._do_query(q)
  File "/usr/local/lib/python3.4/dist-packages/MySQLdb/cursors.py", line 374, in _do_query
    db.query(q)
  File "/usr/local/lib/python3.4/dist-packages/MySQLdb/connections.py", line 292, in query
    _mysql.connection.query(self, query)
django.db.utils.IntegrityError: (1452, 'Cannot add or update a child row: a foreign key constraint fails (`stepic_web`.`qa_question`, CONSTRAINT `qa_question_author_id_3665c779_fk_auth_user_id` FOREIGN KEY (`author_id`) REFERENCES `auth_user` (`id`))')
Internal Server Error: /ask/
Traceback (most recent call last):
  File "/usr/local/lib/python3.4/dist-packages/django/db/backends/utils.py", line 64, in execute
    return self.cursor.execute(sql, params)
  File "/usr/local/lib/python3.4/dist-packages/django/db/backends/mysql/base.py", line 110, in execute
    return self.cursor.execute(query, args)
  File "/usr/local/lib/python3.4/dist-packages/MySQLdb/cursors.py", line 250, in execute
    self.errorhandler(self, exc, value)
  File "/usr/local/lib/python3.4/dist-packages/MySQLdb/connections.py", line 50, in defaulterrorhandler
    raise errorvalue
  File "/usr/local/lib/python3.4/dist-packages/MySQLdb/cursors.py", line 247, in execute
    res = self._query(query)
  File "/usr/local/lib/python3.4/dist-packages/MySQLdb/cursors.py", line 411, in _query
    rowcount = self._do_query(q)
  File "/usr/local/lib/python3.4/dist-packages/MySQLdb/cursors.py", line 374, in _do_query
    db.query(q)
  File "/usr/local/lib/python3.4/dist-packages/MySQLdb/connections.py", line 292, in query
    _mysql.connection.query(self, query)
_mysql_exceptions.IntegrityError: (1452, 'Cannot add or update a child row: a foreign key constraint fails (`stepic_web`.`qa_question`, CONSTRAINT `qa_question_author_id_3665c779_fk_auth_user_id` FOREIGN KEY (`author_id`) REFERENCES `auth_user` (`id`))')

The above exception was the direct cause of the following exception:

Traceback (most recent call last):
  File "/usr/local/lib/python3.4/dist-packages/django/core/handlers/exception.py", line 39, in inner
    response = get_response(request)
  File "/usr/local/lib/python3.4/dist-packages/django/core/handlers/base.py", line 187, in _get_response
    response = self.process_exception_by_middleware(e, request)
  File "/usr/local/lib/python3.4/dist-packages/django/core/handlers/base.py", line 185, in _get_response
    response = wrapped_callback(request, *callback_args, **callback_kwargs)
  File "/home/box/web/ask/qa/views.py", line 80, in ask_page
    question = form.save()
  File "/home/box/web/ask/qa/forms.py", line 14, in save
    question.save()
  File "/usr/local/lib/python3.4/dist-packages/django/db/models/base.py", line 796, in save
    force_update=force_update, update_fields=update_fields)
  File "/usr/local/lib/python3.4/dist-packages/django/db/models/base.py", line 824, in save_base
    updated = self._save_table(raw, cls, force_insert, force_update, using, update_fields)
  File "/usr/local/lib/python3.4/dist-packages/django/db/models/base.py", line 908, in _save_table
    result = self._do_insert(cls._base_manager, using, fields, update_pk, raw)
  File "/usr/local/lib/python3.4/dist-packages/django/db/models/base.py", line 947, in _do_insert
    using=using, raw=raw)
  File "/usr/local/lib/python3.4/dist-packages/django/db/models/manager.py", line 85, in manager_method
    return getattr(self.get_queryset(), name)(*args, **kwargs)
  File "/usr/local/lib/python3.4/dist-packages/django/db/models/query.py", line 1045, in _insert
    return query.get_compiler(using=using).execute_sql(return_id)
  File "/usr/local/lib/python3.4/dist-packages/django/db/models/sql/compiler.py", line 1054, in execute_sql
    cursor.execute(sql, params)
  File "/usr/local/lib/python3.4/dist-packages/django/db/backends/utils.py", line 79, in execute
    return super(CursorDebugWrapper, self).execute(sql, params)
  File "/usr/local/lib/python3.4/dist-packages/django/db/backends/utils.py", line 64, in execute
    return self.cursor.execute(sql, params)
  File "/usr/local/lib/python3.4/dist-packages/django/db/utils.py", line 94, in __exit__
    six.reraise(dj_exc_type, dj_exc_value, traceback)
  File "/usr/local/lib/python3.4/dist-packages/django/utils/six.py", line 685, in reraise
    raise value.with_traceback(tb)
  File "/usr/local/lib/python3.4/dist-packages/django/db/backends/utils.py", line 64, in execute
    return self.cursor.execute(sql, params)
  File "/usr/local/lib/python3.4/dist-packages/django/db/backends/mysql/base.py", line 110, in execute
    return self.cursor.execute(query, args)
  File "/usr/local/lib/python3.4/dist-packages/MySQLdb/cursors.py", line 250, in execute
    self.errorhandler(self, exc, value)
  File "/usr/local/lib/python3.4/dist-packages/MySQLdb/connections.py", line 50, in defaulterrorhandler
    raise errorvalue
  File "/usr/local/lib/python3.4/dist-packages/MySQLdb/cursors.py", line 247, in execute
    res = self._query(query)
  File "/usr/local/lib/python3.4/dist-packages/MySQLdb/cursors.py", line 411, in _query
    rowcount = self._do_query(q)
  File "/usr/local/lib/python3.4/dist-packages/MySQLdb/cursors.py", line 374, in _do_query
    db.query(q)
  File "/usr/local/lib/python3.4/dist-packages/MySQLdb/connections.py", line 292, in query
    _mysql.connection.query(self, query)
django.db.utils.IntegrityError: (1452, 'Cannot add or update a child row: a foreign key constraint fails (`stepic_web`.`qa_question`, CONSTRAINT `qa_question_author_id_3665c779_fk_auth_user_id` FOREIGN KEY (`author_id`) REFERENCES `auth_user` (`id`))')
(0.000) SELECT `qa_question`.`id`, `qa_question`.`title`, `qa_question`.`text`, `qa_question`.`added_at`, `qa_question`.`rating`, `qa_question`.`author_id` FROM `qa_question` LIMIT 21; args=()
(0.000) SELECT `qa_question`.`id`, `qa_question`.`title`, `qa_question`.`text`, `qa_question`.`added_at`, `qa_question`.`rating`, `qa_question`.`author_id` FROM `qa_question` LIMIT 21; args=()
(0.000) SELECT @@SQL_AUTO_IS_NULL; args=None
(0.000) SELECT @@SQL_AUTO_IS_NULL; args=None
(0.000) SELECT VERSION(); args=None
(0.000) SELECT VERSION(); args=None
(0.000) SHOW FULL TABLES; args=None
(0.000) SHOW FULL TABLES; args=None
CREATE TABLE `django_migrations` (`id` integer AUTO_INCREMENT NOT NULL PRIMARY KEY, `app` varchar(255) NOT NULL, `name` varchar(255) NOT NULL, `applied` datetime NOT NULL); (params None)
CREATE TABLE `django_migrations` (`id` integer AUTO_INCREMENT NOT NULL PRIMARY KEY, `app` varchar(255) NOT NULL, `name` varchar(255) NOT NULL, `applied` datetime NOT NULL); (params None)
(0.024) CREATE TABLE `django_migrations` (`id` integer AUTO_INCREMENT NOT NULL PRIMARY KEY, `app` varchar(255) NOT NULL, `name` varchar(255) NOT NULL, `applied` datetime NOT NULL); args=None
(0.024) CREATE TABLE `django_migrations` (`id` integer AUTO_INCREMENT NOT NULL PRIMARY KEY, `app` varchar(255) NOT NULL, `name` varchar(255) NOT NULL, `applied` datetime NOT NULL); args=None
(0.000) SELECT engine FROM information_schema.tables WHERE table_name = 'django_migrations'; args=['django_migrations']
(0.000) SELECT engine FROM information_schema.tables WHERE table_name = 'django_migrations'; args=['django_migrations']
(0.000) SELECT engine FROM information_schema.tables WHERE table_name = 'django_migrations'; args=['django_migrations']
(0.000) SELECT engine FROM information_schema.tables WHERE table_name = 'django_migrations'; args=['django_migrations']
(0.000) SELECT engine FROM information_schema.tables WHERE table_name = 'django_migrations'; args=['django_migrations']
(0.000) SELECT engine FROM information_schema.tables WHERE table_name = 'django_migrations'; args=['django_migrations']
(0.000) SELECT engine FROM information_schema.tables WHERE table_name = 'django_migrations'; args=['django_migrations']
(0.000) SELECT engine FROM information_schema.tables WHERE table_name = 'django_migrations'; args=['django_migrations']
(0.000) SELECT `django_migrations`.`app`, `django_migrations`.`name` FROM `django_migrations`; args=()
(0.000) SELECT `django_migrations`.`app`, `django_migrations`.`name` FROM `django_migrations`; args=()
(0.000) SELECT @@SQL_AUTO_IS_NULL; args=None
(0.000) SELECT @@SQL_AUTO_IS_NULL; args=None
(0.000) SELECT @@sql_mode; args=None
(0.000) SELECT @@sql_mode; args=None
(0.000) SELECT VERSION(); args=None
(0.000) SELECT VERSION(); args=None
(0.000) SHOW FULL TABLES; args=None
(0.000) SHOW FULL TABLES; args=None
(0.000) SELECT `django_migrations`.`app`, `django_migrations`.`name` FROM `django_migrations`; args=()
(0.000) SELECT `django_migrations`.`app`, `django_migrations`.`name` FROM `django_migrations`; args=()
(0.000) SHOW FULL TABLES; args=None
(0.000) SHOW FULL TABLES; args=None
(0.000) SELECT `django_migrations`.`app`, `django_migrations`.`name` FROM `django_migrations`; args=()
(0.000) SELECT `django_migrations`.`app`, `django_migrations`.`name` FROM `django_migrations`; args=()
CREATE TABLE `django_content_type` (`id` integer AUTO_INCREMENT NOT NULL PRIMARY KEY, `name` varchar(100) NOT NULL, `app_label` varchar(100) NOT NULL, `model` varchar(100) NOT NULL); (params None)
CREATE TABLE `django_content_type` (`id` integer AUTO_INCREMENT NOT NULL PRIMARY KEY, `name` varchar(100) NOT NULL, `app_label` varchar(100) NOT NULL, `model` varchar(100) NOT NULL); (params None)
(0.019) CREATE TABLE `django_content_type` (`id` integer AUTO_INCREMENT NOT NULL PRIMARY KEY, `name` varchar(100) NOT NULL, `app_label` varchar(100) NOT NULL, `model` varchar(100) NOT NULL); args=None
(0.019) CREATE TABLE `django_content_type` (`id` integer AUTO_INCREMENT NOT NULL PRIMARY KEY, `name` varchar(100) NOT NULL, `app_label` varchar(100) NOT NULL, `model` varchar(100) NOT NULL); args=None
(0.001) SELECT engine FROM information_schema.tables WHERE table_name = 'django_content_type'; args=['django_content_type']
(0.001) SELECT engine FROM information_schema.tables WHERE table_name = 'django_content_type'; args=['django_content_type']
(0.000) SELECT engine FROM information_schema.tables WHERE table_name = 'django_content_type'; args=['django_content_type']
(0.000) SELECT engine FROM information_schema.tables WHERE table_name = 'django_content_type'; args=['django_content_type']
(0.000) SELECT engine FROM information_schema.tables WHERE table_name = 'django_content_type'; args=['django_content_type']
(0.000) SELECT engine FROM information_schema.tables WHERE table_name = 'django_content_type'; args=['django_content_type']
(0.000) SELECT engine FROM information_schema.tables WHERE table_name = 'django_content_type'; args=['django_content_type']
(0.000) SELECT engine FROM information_schema.tables WHERE table_name = 'django_content_type'; args=['django_content_type']
ALTER TABLE `django_content_type` ADD CONSTRAINT `django_content_type_app_label_76bd3d3b_uniq` UNIQUE (`app_label`, `model`); (params [])
ALTER TABLE `django_content_type` ADD CONSTRAINT `django_content_type_app_label_76bd3d3b_uniq` UNIQUE (`app_label`, `model`); (params [])
(0.039) ALTER TABLE `django_content_type` ADD CONSTRAINT `django_content_type_app_label_76bd3d3b_uniq` UNIQUE (`app_label`, `model`); args=[]
(0.039) ALTER TABLE `django_content_type` ADD CONSTRAINT `django_content_type_app_label_76bd3d3b_uniq` UNIQUE (`app_label`, `model`); args=[]
(0.000) SHOW FULL TABLES; args=None
(0.000) SHOW FULL TABLES; args=None
(0.000) INSERT INTO `django_migrations` (`app`, `name`, `applied`) VALUES ('contenttypes', '0001_initial', '2019-07-11 07:45:18'); args=['contenttypes', '0001_initial', '2019-07-11 07:45:18']
(0.000) INSERT INTO `django_migrations` (`app`, `name`, `applied`) VALUES ('contenttypes', '0001_initial', '2019-07-11 07:45:18'); args=['contenttypes', '0001_initial', '2019-07-11 07:45:18']
CREATE TABLE `auth_permission` (`id` integer AUTO_INCREMENT NOT NULL PRIMARY KEY, `name` varchar(50) NOT NULL, `content_type_id` integer NOT NULL, `codename` varchar(100) NOT NULL); (params None)
CREATE TABLE `auth_permission` (`id` integer AUTO_INCREMENT NOT NULL PRIMARY KEY, `name` varchar(50) NOT NULL, `content_type_id` integer NOT NULL, `codename` varchar(100) NOT NULL); (params None)
(0.019) CREATE TABLE `auth_permission` (`id` integer AUTO_INCREMENT NOT NULL PRIMARY KEY, `name` varchar(50) NOT NULL, `content_type_id` integer NOT NULL, `codename` varchar(100) NOT NULL); args=None
(0.019) CREATE TABLE `auth_permission` (`id` integer AUTO_INCREMENT NOT NULL PRIMARY KEY, `name` varchar(50) NOT NULL, `content_type_id` integer NOT NULL, `codename` varchar(100) NOT NULL); args=None
(0.000) SELECT engine FROM information_schema.tables WHERE table_name = 'auth_permission'; args=['auth_permission']
(0.000) SELECT engine FROM information_schema.tables WHERE table_name = 'auth_permission'; args=['auth_permission']
(0.000) SELECT engine FROM information_schema.tables WHERE table_name = 'auth_permission'; args=['auth_permission']
(0.000) SELECT engine FROM information_schema.tables WHERE table_name = 'auth_permission'; args=['auth_permission']
(0.000) SELECT engine FROM information_schema.tables WHERE table_name = 'auth_permission'; args=['auth_permission']
(0.000) SELECT engine FROM information_schema.tables WHERE table_name = 'auth_permission'; args=['auth_permission']
(0.000) SELECT engine FROM information_schema.tables WHERE table_name = 'auth_permission'; args=['auth_permission']
(0.000) SELECT engine FROM information_schema.tables WHERE table_name = 'auth_permission'; args=['auth_permission']
CREATE TABLE `auth_group` (`id` integer AUTO_INCREMENT NOT NULL PRIMARY KEY, `name` varchar(80) NOT NULL UNIQUE); (params None)
CREATE TABLE `auth_group` (`id` integer AUTO_INCREMENT NOT NULL PRIMARY KEY, `name` varchar(80) NOT NULL UNIQUE); (params None)
(0.019) CREATE TABLE `auth_group` (`id` integer AUTO_INCREMENT NOT NULL PRIMARY KEY, `name` varchar(80) NOT NULL UNIQUE); args=None
(0.019) CREATE TABLE `auth_group` (`id` integer AUTO_INCREMENT NOT NULL PRIMARY KEY, `name` varchar(80) NOT NULL UNIQUE); args=None
(0.000) SELECT engine FROM information_schema.tables WHERE table_name = 'auth_group'; args=['auth_group']
(0.000) SELECT engine FROM information_schema.tables WHERE table_name = 'auth_group'; args=['auth_group']
(0.000) SELECT engine FROM information_schema.tables WHERE table_name = 'auth_group'; args=['auth_group']
(0.000) SELECT engine FROM information_schema.tables WHERE table_name = 'auth_group'; args=['auth_group']
CREATE TABLE `auth_group_permissions` (`id` integer AUTO_INCREMENT NOT NULL PRIMARY KEY, `group_id` integer NOT NULL, `permission_id` integer NOT NULL); (params None)
CREATE TABLE `auth_group_permissions` (`id` integer AUTO_INCREMENT NOT NULL PRIMARY KEY, `group_id` integer NOT NULL, `permission_id` integer NOT NULL); (params None)
(0.056) CREATE TABLE `auth_group_permissions` (`id` integer AUTO_INCREMENT NOT NULL PRIMARY KEY, `group_id` integer NOT NULL, `permission_id` integer NOT NULL); args=None
(0.056) CREATE TABLE `auth_group_permissions` (`id` integer AUTO_INCREMENT NOT NULL PRIMARY KEY, `group_id` integer NOT NULL, `permission_id` integer NOT NULL); args=None
(0.000) SELECT engine FROM information_schema.tables WHERE table_name = 'auth_group_permissions'; args=['auth_group_permissions']
(0.000) SELECT engine FROM information_schema.tables WHERE table_name = 'auth_group_permissions'; args=['auth_group_permissions']
(0.000) SELECT engine FROM information_schema.tables WHERE table_name = 'auth_group_permissions'; args=['auth_group_permissions']
(0.000) SELECT engine FROM information_schema.tables WHERE table_name = 'auth_group_permissions'; args=['auth_group_permissions']
(0.000) SELECT engine FROM information_schema.tables WHERE table_name = 'auth_group_permissions'; args=['auth_group_permissions']
(0.000) SELECT engine FROM information_schema.tables WHERE table_name = 'auth_group_permissions'; args=['auth_group_permissions']
CREATE TABLE `auth_user` (`id` integer AUTO_INCREMENT NOT NULL PRIMARY KEY, `password` varchar(128) NOT NULL, `last_login` datetime NOT NULL, `is_superuser` bool NOT NULL, `username` varchar(30) NOT NULL UNIQUE, `first_name` varchar(30) NOT NULL, `last_name` varchar(30) NOT NULL, `email` varchar(75) NOT NULL, `is_staff` bool NOT NULL, `is_active` bool NOT NULL, `date_joined` datetime NOT NULL); (params None)
CREATE TABLE `auth_user` (`id` integer AUTO_INCREMENT NOT NULL PRIMARY KEY, `password` varchar(128) NOT NULL, `last_login` datetime NOT NULL, `is_superuser` bool NOT NULL, `username` varchar(30) NOT NULL UNIQUE, `first_name` varchar(30) NOT NULL, `last_name` varchar(30) NOT NULL, `email` varchar(75) NOT NULL, `is_staff` bool NOT NULL, `is_active` bool NOT NULL, `date_joined` datetime NOT NULL); (params None)
(0.020) CREATE TABLE `auth_user` (`id` integer AUTO_INCREMENT NOT NULL PRIMARY KEY, `password` varchar(128) NOT NULL, `last_login` datetime NOT NULL, `is_superuser` bool NOT NULL, `username` varchar(30) NOT NULL UNIQUE, `first_name` varchar(30) NOT NULL, `last_name` varchar(30) NOT NULL, `email` varchar(75) NOT NULL, `is_staff` bool NOT NULL, `is_active` bool NOT NULL, `date_joined` datetime NOT NULL); args=None
(0.020) CREATE TABLE `auth_user` (`id` integer AUTO_INCREMENT NOT NULL PRIMARY KEY, `password` varchar(128) NOT NULL, `last_login` datetime NOT NULL, `is_superuser` bool NOT NULL, `username` varchar(30) NOT NULL UNIQUE, `first_name` varchar(30) NOT NULL, `last_name` varchar(30) NOT NULL, `email` varchar(75) NOT NULL, `is_staff` bool NOT NULL, `is_active` bool NOT NULL, `date_joined` datetime NOT NULL); args=None
(0.000) SELECT engine FROM information_schema.tables WHERE table_name = 'auth_user'; args=['auth_user']
(0.000) SELECT engine FROM information_schema.tables WHERE table_name = 'auth_user'; args=['auth_user']
(0.000) SELECT engine FROM information_schema.tables WHERE table_name = 'auth_user'; args=['auth_user']
(0.000) SELECT engine FROM information_schema.tables WHERE table_name = 'auth_user'; args=['auth_user']
(0.000) SELECT engine FROM information_schema.tables WHERE table_name = 'auth_user'; args=['auth_user']
(0.000) SELECT engine FROM information_schema.tables WHERE table_name = 'auth_user'; args=['auth_user']
(0.000) SELECT engine FROM information_schema.tables WHERE table_name = 'auth_user'; args=['auth_user']
(0.000) SELECT engine FROM information_schema.tables WHERE table_name = 'auth_user'; args=['auth_user']
(0.000) SELECT engine FROM information_schema.tables WHERE table_name = 'auth_user'; args=['auth_user']
(0.000) SELECT engine FROM information_schema.tables WHERE table_name = 'auth_user'; args=['auth_user']
(0.000) SELECT engine FROM information_schema.tables WHERE table_name = 'auth_user'; args=['auth_user']
(0.000) SELECT engine FROM information_schema.tables WHERE table_name = 'auth_user'; args=['auth_user']
(0.000) SELECT engine FROM information_schema.tables WHERE table_name = 'auth_user'; args=['auth_user']
(0.000) SELECT engine FROM information_schema.tables WHERE table_name = 'auth_user'; args=['auth_user']
(0.000) SELECT engine FROM information_schema.tables WHERE table_name = 'auth_user'; args=['auth_user']
(0.000) SELECT engine FROM information_schema.tables WHERE table_name = 'auth_user'; args=['auth_user']
(0.000) SELECT engine FROM information_schema.tables WHERE table_name = 'auth_user'; args=['auth_user']
(0.000) SELECT engine FROM information_schema.tables WHERE table_name = 'auth_user'; args=['auth_user']
(0.000) SELECT engine FROM information_schema.tables WHERE table_name = 'auth_user'; args=['auth_user']
(0.000) SELECT engine FROM information_schema.tables WHERE table_name = 'auth_user'; args=['auth_user']
(0.000) SELECT engine FROM information_schema.tables WHERE table_name = 'auth_user'; args=['auth_user']
(0.000) SELECT engine FROM information_schema.tables WHERE table_name = 'auth_user'; args=['auth_user']
CREATE TABLE `auth_user_groups` (`id` integer AUTO_INCREMENT NOT NULL PRIMARY KEY, `user_id` integer NOT NULL, `group_id` integer NOT NULL); (params None)
CREATE TABLE `auth_user_groups` (`id` integer AUTO_INCREMENT NOT NULL PRIMARY KEY, `user_id` integer NOT NULL, `group_id` integer NOT NULL); (params None)
(0.019) CREATE TABLE `auth_user_groups` (`id` integer AUTO_INCREMENT NOT NULL PRIMARY KEY, `user_id` integer NOT NULL, `group_id` integer NOT NULL); args=None
(0.019) CREATE TABLE `auth_user_groups` (`id` integer AUTO_INCREMENT NOT NULL PRIMARY KEY, `user_id` integer NOT NULL, `group_id` integer NOT NULL); args=None
(0.000) SELECT engine FROM information_schema.tables WHERE table_name = 'auth_user_groups'; args=['auth_user_groups']
(0.000) SELECT engine FROM information_schema.tables WHERE table_name = 'auth_user_groups'; args=['auth_user_groups']
(0.000) SELECT engine FROM information_schema.tables WHERE table_name = 'auth_user_groups'; args=['auth_user_groups']
(0.000) SELECT engine FROM information_schema.tables WHERE table_name = 'auth_user_groups'; args=['auth_user_groups']
(0.000) SELECT engine FROM information_schema.tables WHERE table_name = 'auth_user_groups'; args=['auth_user_groups']
(0.000) SELECT engine FROM information_schema.tables WHERE table_name = 'auth_user_groups'; args=['auth_user_groups']
CREATE TABLE `auth_user_user_permissions` (`id` integer AUTO_INCREMENT NOT NULL PRIMARY KEY, `user_id` integer NOT NULL, `permission_id` integer NOT NULL); (params None)
CREATE TABLE `auth_user_user_permissions` (`id` integer AUTO_INCREMENT NOT NULL PRIMARY KEY, `user_id` integer NOT NULL, `permission_id` integer NOT NULL); (params None)
(0.018) CREATE TABLE `auth_user_user_permissions` (`id` integer AUTO_INCREMENT NOT NULL PRIMARY KEY, `user_id` integer NOT NULL, `permission_id` integer NOT NULL); args=None
(0.018) CREATE TABLE `auth_user_user_permissions` (`id` integer AUTO_INCREMENT NOT NULL PRIMARY KEY, `user_id` integer NOT NULL, `permission_id` integer NOT NULL); args=None
(0.000) SELECT engine FROM information_schema.tables WHERE table_name = 'auth_user_user_permissions'; args=['auth_user_user_permissions']
(0.000) SELECT engine FROM information_schema.tables WHERE table_name = 'auth_user_user_permissions'; args=['auth_user_user_permissions']
(0.000) SELECT engine FROM information_schema.tables WHERE table_name = 'auth_user_user_permissions'; args=['auth_user_user_permissions']
(0.000) SELECT engine FROM information_schema.tables WHERE table_name = 'auth_user_user_permissions'; args=['auth_user_user_permissions']
(0.000) SELECT engine FROM information_schema.tables WHERE table_name = 'auth_user_user_permissions'; args=['auth_user_user_permissions']
(0.000) SELECT engine FROM information_schema.tables WHERE table_name = 'auth_user_user_permissions'; args=['auth_user_user_permissions']
ALTER TABLE `auth_permission` ADD CONSTRAINT `auth_permissi_content_type_id_2f476e4b_fk_django_content_type_id` FOREIGN KEY (`content_type_id`) REFERENCES `django_content_type` (`id`); (params [])
ALTER TABLE `auth_permission` ADD CONSTRAINT `auth_permissi_content_type_id_2f476e4b_fk_django_content_type_id` FOREIGN KEY (`content_type_id`) REFERENCES `django_content_type` (`id`); (params [])
(0.049) ALTER TABLE `auth_permission` ADD CONSTRAINT `auth_permissi_content_type_id_2f476e4b_fk_django_content_type_id` FOREIGN KEY (`content_type_id`) REFERENCES `django_content_type` (`id`); args=[]
(0.049) ALTER TABLE `auth_permission` ADD CONSTRAINT `auth_permissi_content_type_id_2f476e4b_fk_django_content_type_id` FOREIGN KEY (`content_type_id`) REFERENCES `django_content_type` (`id`); args=[]
ALTER TABLE `auth_permission` ADD CONSTRAINT `auth_permission_content_type_id_01ab375a_uniq` UNIQUE (`content_type_id`, `codename`); (params [])
ALTER TABLE `auth_permission` ADD CONSTRAINT `auth_permission_content_type_id_01ab375a_uniq` UNIQUE (`content_type_id`, `codename`); (params [])
(0.056) ALTER TABLE `auth_permission` ADD CONSTRAINT `auth_permission_content_type_id_01ab375a_uniq` UNIQUE (`content_type_id`, `codename`); args=[]
(0.056) ALTER TABLE `auth_permission` ADD CONSTRAINT `auth_permission_content_type_id_01ab375a_uniq` UNIQUE (`content_type_id`, `codename`); args=[]
ALTER TABLE `auth_group_permissions` ADD CONSTRAINT `auth_group_permissions_group_id_b120cbf9_fk_auth_group_id` FOREIGN KEY (`group_id`) REFERENCES `auth_group` (`id`); (params [])
ALTER TABLE `auth_group_permissions` ADD CONSTRAINT `auth_group_permissions_group_id_b120cbf9_fk_auth_group_id` FOREIGN KEY (`group_id`) REFERENCES `auth_group` (`id`); (params [])
(0.047) ALTER TABLE `auth_group_permissions` ADD CONSTRAINT `auth_group_permissions_group_id_b120cbf9_fk_auth_group_id` FOREIGN KEY (`group_id`) REFERENCES `auth_group` (`id`); args=[]
(0.047) ALTER TABLE `auth_group_permissions` ADD CONSTRAINT `auth_group_permissions_group_id_b120cbf9_fk_auth_group_id` FOREIGN KEY (`group_id`) REFERENCES `auth_group` (`id`); args=[]
ALTER TABLE `auth_group_permissions` ADD CONSTRAINT `auth_group_permissi_permission_id_84c5c92e_fk_auth_permission_id` FOREIGN KEY (`permission_id`) REFERENCES `auth_permission` (`id`); (params [])
ALTER TABLE `auth_group_permissions` ADD CONSTRAINT `auth_group_permissi_permission_id_84c5c92e_fk_auth_permission_id` FOREIGN KEY (`permission_id`) REFERENCES `auth_permission` (`id`); (params [])
(0.047) ALTER TABLE `auth_group_permissions` ADD CONSTRAINT `auth_group_permissi_permission_id_84c5c92e_fk_auth_permission_id` FOREIGN KEY (`permission_id`) REFERENCES `auth_permission` (`id`); args=[]
(0.047) ALTER TABLE `auth_group_permissions` ADD CONSTRAINT `auth_group_permissi_permission_id_84c5c92e_fk_auth_permission_id` FOREIGN KEY (`permission_id`) REFERENCES `auth_permission` (`id`); args=[]
ALTER TABLE `auth_group_permissions` ADD CONSTRAINT `auth_group_permissions_group_id_0cd325b0_uniq` UNIQUE (`group_id`, `permission_id`); (params [])
ALTER TABLE `auth_group_permissions` ADD CONSTRAINT `auth_group_permissions_group_id_0cd325b0_uniq` UNIQUE (`group_id`, `permission_id`); (params [])
(0.055) ALTER TABLE `auth_group_permissions` ADD CONSTRAINT `auth_group_permissions_group_id_0cd325b0_uniq` UNIQUE (`group_id`, `permission_id`); args=[]
(0.055) ALTER TABLE `auth_group_permissions` ADD CONSTRAINT `auth_group_permissions_group_id_0cd325b0_uniq` UNIQUE (`group_id`, `permission_id`); args=[]
ALTER TABLE `auth_user_groups` ADD CONSTRAINT `auth_user_groups_user_id_6a12ed8b_fk_auth_user_id` FOREIGN KEY (`user_id`) REFERENCES `auth_user` (`id`); (params [])
ALTER TABLE `auth_user_groups` ADD CONSTRAINT `auth_user_groups_user_id_6a12ed8b_fk_auth_user_id` FOREIGN KEY (`user_id`) REFERENCES `auth_user` (`id`); (params [])
(0.045) ALTER TABLE `auth_user_groups` ADD CONSTRAINT `auth_user_groups_user_id_6a12ed8b_fk_auth_user_id` FOREIGN KEY (`user_id`) REFERENCES `auth_user` (`id`); args=[]
(0.045) ALTER TABLE `auth_user_groups` ADD CONSTRAINT `auth_user_groups_user_id_6a12ed8b_fk_auth_user_id` FOREIGN KEY (`user_id`) REFERENCES `auth_user` (`id`); args=[]
ALTER TABLE `auth_user_groups` ADD CONSTRAINT `auth_user_groups_group_id_97559544_fk_auth_group_id` FOREIGN KEY (`group_id`) REFERENCES `auth_group` (`id`); (params [])
ALTER TABLE `auth_user_groups` ADD CONSTRAINT `auth_user_groups_group_id_97559544_fk_auth_group_id` FOREIGN KEY (`group_id`) REFERENCES `auth_group` (`id`); (params [])
(0.046) ALTER TABLE `auth_user_groups` ADD CONSTRAINT `auth_user_groups_group_id_97559544_fk_auth_group_id` FOREIGN KEY (`group_id`) REFERENCES `auth_group` (`id`); args=[]
(0.046) ALTER TABLE `auth_user_groups` ADD CONSTRAINT `auth_user_groups_group_id_97559544_fk_auth_group_id` FOREIGN KEY (`group_id`) REFERENCES `auth_group` (`id`); args=[]
ALTER TABLE `auth_user_groups` ADD CONSTRAINT `auth_user_groups_user_id_94350c0c_uniq` UNIQUE (`user_id`, `group_id`); (params [])
ALTER TABLE `auth_user_groups` ADD CONSTRAINT `auth_user_groups_user_id_94350c0c_uniq` UNIQUE (`user_id`, `group_id`); (params [])
(0.055) ALTER TABLE `auth_user_groups` ADD CONSTRAINT `auth_user_groups_user_id_94350c0c_uniq` UNIQUE (`user_id`, `group_id`); args=[]
(0.055) ALTER TABLE `auth_user_groups` ADD CONSTRAINT `auth_user_groups_user_id_94350c0c_uniq` UNIQUE (`user_id`, `group_id`); args=[]
ALTER TABLE `auth_user_user_permissions` ADD CONSTRAINT `auth_user_user_permissions_user_id_a95ead1b_fk_auth_user_id` FOREIGN KEY (`user_id`) REFERENCES `auth_user` (`id`); (params [])
ALTER TABLE `auth_user_user_permissions` ADD CONSTRAINT `auth_user_user_permissions_user_id_a95ead1b_fk_auth_user_id` FOREIGN KEY (`user_id`) REFERENCES `auth_user` (`id`); (params [])
(0.046) ALTER TABLE `auth_user_user_permissions` ADD CONSTRAINT `auth_user_user_permissions_user_id_a95ead1b_fk_auth_user_id` FOREIGN KEY (`user_id`) REFERENCES `auth_user` (`id`); args=[]
(0.046) ALTER TABLE `auth_user_user_permissions` ADD CONSTRAINT `auth_user_user_permissions_user_id_a95ead1b_fk_auth_user_id` FOREIGN KEY (`user_id`) REFERENCES `auth_user` (`id`); args=[]
ALTER TABLE `auth_user_user_permissions` ADD CONSTRAINT `auth_user_user_perm_permission_id_1fbb5f2c_fk_auth_permission_id` FOREIGN KEY (`permission_id`) REFERENCES `auth_permission` (`id`); (params [])
ALTER TABLE `auth_user_user_permissions` ADD CONSTRAINT `auth_user_user_perm_permission_id_1fbb5f2c_fk_auth_permission_id` FOREIGN KEY (`permission_id`) REFERENCES `auth_permission` (`id`); (params [])
(0.049) ALTER TABLE `auth_user_user_permissions` ADD CONSTRAINT `auth_user_user_perm_permission_id_1fbb5f2c_fk_auth_permission_id` FOREIGN KEY (`permission_id`) REFERENCES `auth_permission` (`id`); args=[]
(0.049) ALTER TABLE `auth_user_user_permissions` ADD CONSTRAINT `auth_user_user_perm_permission_id_1fbb5f2c_fk_auth_permission_id` FOREIGN KEY (`permission_id`) REFERENCES `auth_permission` (`id`); args=[]
ALTER TABLE `auth_user_user_permissions` ADD CONSTRAINT `auth_user_user_permissions_user_id_14a6b632_uniq` UNIQUE (`user_id`, `permission_id`); (params [])
ALTER TABLE `auth_user_user_permissions` ADD CONSTRAINT `auth_user_user_permissions_user_id_14a6b632_uniq` UNIQUE (`user_id`, `permission_id`); (params [])
(0.057) ALTER TABLE `auth_user_user_permissions` ADD CONSTRAINT `auth_user_user_permissions_user_id_14a6b632_uniq` UNIQUE (`user_id`, `permission_id`); args=[]
(0.057) ALTER TABLE `auth_user_user_permissions` ADD CONSTRAINT `auth_user_user_permissions_user_id_14a6b632_uniq` UNIQUE (`user_id`, `permission_id`); args=[]
(0.000) SHOW FULL TABLES; args=None
(0.000) SHOW FULL TABLES; args=None
(0.000) INSERT INTO `django_migrations` (`app`, `name`, `applied`) VALUES ('auth', '0001_initial', '2019-07-11 07:45:19'); args=['auth', '0001_initial', '2019-07-11 07:45:19']
(0.000) INSERT INTO `django_migrations` (`app`, `name`, `applied`) VALUES ('auth', '0001_initial', '2019-07-11 07:45:19'); args=['auth', '0001_initial', '2019-07-11 07:45:19']
CREATE TABLE `django_admin_log` (`id` integer AUTO_INCREMENT NOT NULL PRIMARY KEY, `action_time` datetime NOT NULL, `object_id` longtext NULL, `object_repr` varchar(200) NOT NULL, `action_flag` smallint UNSIGNED NOT NULL, `change_message` longtext NOT NULL, `content_type_id` integer NULL, `user_id` integer NOT NULL); (params None)
CREATE TABLE `django_admin_log` (`id` integer AUTO_INCREMENT NOT NULL PRIMARY KEY, `action_time` datetime NOT NULL, `object_id` longtext NULL, `object_repr` varchar(200) NOT NULL, `action_flag` smallint UNSIGNED NOT NULL, `change_message` longtext NOT NULL, `content_type_id` integer NULL, `user_id` integer NOT NULL); (params None)
(0.020) CREATE TABLE `django_admin_log` (`id` integer AUTO_INCREMENT NOT NULL PRIMARY KEY, `action_time` datetime NOT NULL, `object_id` longtext NULL, `object_repr` varchar(200) NOT NULL, `action_flag` smallint UNSIGNED NOT NULL, `change_message` longtext NOT NULL, `content_type_id` integer NULL, `user_id` integer NOT NULL); args=None
(0.020) CREATE TABLE `django_admin_log` (`id` integer AUTO_INCREMENT NOT NULL PRIMARY KEY, `action_time` datetime NOT NULL, `object_id` longtext NULL, `object_repr` varchar(200) NOT NULL, `action_flag` smallint UNSIGNED NOT NULL, `change_message` longtext NOT NULL, `content_type_id` integer NULL, `user_id` integer NOT NULL); args=None
(0.000) SELECT engine FROM information_schema.tables WHERE table_name = 'django_admin_log'; args=['django_admin_log']
(0.000) SELECT engine FROM information_schema.tables WHERE table_name = 'django_admin_log'; args=['django_admin_log']
(0.000) SELECT engine FROM information_schema.tables WHERE table_name = 'django_admin_log'; args=['django_admin_log']
(0.000) SELECT engine FROM information_schema.tables WHERE table_name = 'django_admin_log'; args=['django_admin_log']
(0.000) SELECT engine FROM information_schema.tables WHERE table_name = 'django_admin_log'; args=['django_admin_log']
(0.000) SELECT engine FROM information_schema.tables WHERE table_name = 'django_admin_log'; args=['django_admin_log']
(0.000) SELECT engine FROM information_schema.tables WHERE table_name = 'django_admin_log'; args=['django_admin_log']
(0.000) SELECT engine FROM information_schema.tables WHERE table_name = 'django_admin_log'; args=['django_admin_log']
(0.000) SELECT engine FROM information_schema.tables WHERE table_name = 'django_admin_log'; args=['django_admin_log']
(0.000) SELECT engine FROM information_schema.tables WHERE table_name = 'django_admin_log'; args=['django_admin_log']
(0.000) SELECT engine FROM information_schema.tables WHERE table_name = 'django_admin_log'; args=['django_admin_log']
(0.000) SELECT engine FROM information_schema.tables WHERE table_name = 'django_admin_log'; args=['django_admin_log']
(0.000) SELECT engine FROM information_schema.tables WHERE table_name = 'django_admin_log'; args=['django_admin_log']
(0.000) SELECT engine FROM information_schema.tables WHERE table_name = 'django_admin_log'; args=['django_admin_log']
(0.000) SELECT engine FROM information_schema.tables WHERE table_name = 'django_admin_log'; args=['django_admin_log']
(0.000) SELECT engine FROM information_schema.tables WHERE table_name = 'django_admin_log'; args=['django_admin_log']
ALTER TABLE `django_admin_log` ADD CONSTRAINT `django_admin__content_type_id_c4bce8eb_fk_django_content_type_id` FOREIGN KEY (`content_type_id`) REFERENCES `django_content_type` (`id`); (params [])
ALTER TABLE `django_admin_log` ADD CONSTRAINT `django_admin__content_type_id_c4bce8eb_fk_django_content_type_id` FOREIGN KEY (`content_type_id`) REFERENCES `django_content_type` (`id`); (params [])
(0.047) ALTER TABLE `django_admin_log` ADD CONSTRAINT `django_admin__content_type_id_c4bce8eb_fk_django_content_type_id` FOREIGN KEY (`content_type_id`) REFERENCES `django_content_type` (`id`); args=[]
(0.047) ALTER TABLE `django_admin_log` ADD CONSTRAINT `django_admin__content_type_id_c4bce8eb_fk_django_content_type_id` FOREIGN KEY (`content_type_id`) REFERENCES `django_content_type` (`id`); args=[]
ALTER TABLE `django_admin_log` ADD CONSTRAINT `django_admin_log_user_id_c564eba6_fk_auth_user_id` FOREIGN KEY (`user_id`) REFERENCES `auth_user` (`id`); (params [])
ALTER TABLE `django_admin_log` ADD CONSTRAINT `django_admin_log_user_id_c564eba6_fk_auth_user_id` FOREIGN KEY (`user_id`) REFERENCES `auth_user` (`id`); (params [])
(0.046) ALTER TABLE `django_admin_log` ADD CONSTRAINT `django_admin_log_user_id_c564eba6_fk_auth_user_id` FOREIGN KEY (`user_id`) REFERENCES `auth_user` (`id`); args=[]
(0.046) ALTER TABLE `django_admin_log` ADD CONSTRAINT `django_admin_log_user_id_c564eba6_fk_auth_user_id` FOREIGN KEY (`user_id`) REFERENCES `auth_user` (`id`); args=[]
(0.000) SHOW FULL TABLES; args=None
(0.000) SHOW FULL TABLES; args=None
(0.000) INSERT INTO `django_migrations` (`app`, `name`, `applied`) VALUES ('admin', '0001_initial', '2019-07-11 07:45:19'); args=['admin', '0001_initial', '2019-07-11 07:45:19']
(0.000) INSERT INTO `django_migrations` (`app`, `name`, `applied`) VALUES ('admin', '0001_initial', '2019-07-11 07:45:19'); args=['admin', '0001_initial', '2019-07-11 07:45:19']
(0.000) SHOW FULL TABLES; args=None
(0.000) SHOW FULL TABLES; args=None
(0.000) INSERT INTO `django_migrations` (`app`, `name`, `applied`) VALUES ('admin', '0002_logentry_remove_auto_add', '2019-07-11 07:45:19'); args=['admin', '0002_logentry_remove_auto_add', '2019-07-11 07:45:19']
(0.000) INSERT INTO `django_migrations` (`app`, `name`, `applied`) VALUES ('admin', '0002_logentry_remove_auto_add', '2019-07-11 07:45:19'); args=['admin', '0002_logentry_remove_auto_add', '2019-07-11 07:45:19']
ALTER TABLE `django_content_type` MODIFY `name` varchar(100) NULL; (params [])
ALTER TABLE `django_content_type` MODIFY `name` varchar(100) NULL; (params [])
(0.053) ALTER TABLE `django_content_type` MODIFY `name` varchar(100) NULL; args=[]
(0.053) ALTER TABLE `django_content_type` MODIFY `name` varchar(100) NULL; args=[]
ALTER TABLE `django_content_type` DROP COLUMN `name` CASCADE; (params [])
ALTER TABLE `django_content_type` DROP COLUMN `name` CASCADE; (params [])
(0.381) ALTER TABLE `django_content_type` DROP COLUMN `name` CASCADE; args=[]
(0.381) ALTER TABLE `django_content_type` DROP COLUMN `name` CASCADE; args=[]
(0.000) SHOW FULL TABLES; args=None
(0.000) SHOW FULL TABLES; args=None
(0.000) INSERT INTO `django_migrations` (`app`, `name`, `applied`) VALUES ('contenttypes', '0002_remove_content_type_name', '2019-07-11 07:45:20'); args=['contenttypes', '0002_remove_content_type_name', '2019-07-11 07:45:20']
(0.000) INSERT INTO `django_migrations` (`app`, `name`, `applied`) VALUES ('contenttypes', '0002_remove_content_type_name', '2019-07-11 07:45:20'); args=['contenttypes', '0002_remove_content_type_name', '2019-07-11 07:45:20']
ALTER TABLE `auth_permission` MODIFY `name` varchar(255) NOT NULL; (params [])
ALTER TABLE `auth_permission` MODIFY `name` varchar(255) NOT NULL; (params [])
(0.049) ALTER TABLE `auth_permission` MODIFY `name` varchar(255) NOT NULL; args=[]
(0.049) ALTER TABLE `auth_permission` MODIFY `name` varchar(255) NOT NULL; args=[]
(0.000) SHOW FULL TABLES; args=None
(0.000) SHOW FULL TABLES; args=None
(0.000) INSERT INTO `django_migrations` (`app`, `name`, `applied`) VALUES ('auth', '0002_alter_permission_name_max_length', '2019-07-11 07:45:20'); args=['auth', '0002_alter_permission_name_max_length', '2019-07-11 07:45:20']
(0.000) INSERT INTO `django_migrations` (`app`, `name`, `applied`) VALUES ('auth', '0002_alter_permission_name_max_length', '2019-07-11 07:45:20'); args=['auth', '0002_alter_permission_name_max_length', '2019-07-11 07:45:20']
ALTER TABLE `auth_user` MODIFY `email` varchar(254) NOT NULL; (params [])
ALTER TABLE `auth_user` MODIFY `email` varchar(254) NOT NULL; (params [])
(0.047) ALTER TABLE `auth_user` MODIFY `email` varchar(254) NOT NULL; args=[]
(0.047) ALTER TABLE `auth_user` MODIFY `email` varchar(254) NOT NULL; args=[]
(0.000) SHOW FULL TABLES; args=None
(0.000) SHOW FULL TABLES; args=None
(0.000) INSERT INTO `django_migrations` (`app`, `name`, `applied`) VALUES ('auth', '0003_alter_user_email_max_length', '2019-07-11 07:45:20'); args=['auth', '0003_alter_user_email_max_length', '2019-07-11 07:45:20']
(0.000) INSERT INTO `django_migrations` (`app`, `name`, `applied`) VALUES ('auth', '0003_alter_user_email_max_length', '2019-07-11 07:45:20'); args=['auth', '0003_alter_user_email_max_length', '2019-07-11 07:45:20']
(0.000) SHOW FULL TABLES; args=None
(0.000) SHOW FULL TABLES; args=None
(0.000) INSERT INTO `django_migrations` (`app`, `name`, `applied`) VALUES ('auth', '0004_alter_user_username_opts', '2019-07-11 07:45:20'); args=['auth', '0004_alter_user_username_opts', '2019-07-11 07:45:20']
(0.000) INSERT INTO `django_migrations` (`app`, `name`, `applied`) VALUES ('auth', '0004_alter_user_username_opts', '2019-07-11 07:45:20'); args=['auth', '0004_alter_user_username_opts', '2019-07-11 07:45:20']
ALTER TABLE `auth_user` MODIFY `last_login` datetime NULL; (params [])
ALTER TABLE `auth_user` MODIFY `last_login` datetime NULL; (params [])
(0.049) ALTER TABLE `auth_user` MODIFY `last_login` datetime NULL; args=[]
(0.049) ALTER TABLE `auth_user` MODIFY `last_login` datetime NULL; args=[]
(0.000) SHOW FULL TABLES; args=None
(0.000) SHOW FULL TABLES; args=None
(0.000) INSERT INTO `django_migrations` (`app`, `name`, `applied`) VALUES ('auth', '0005_alter_user_last_login_null', '2019-07-11 07:45:20'); args=['auth', '0005_alter_user_last_login_null', '2019-07-11 07:45:20']
(0.000) INSERT INTO `django_migrations` (`app`, `name`, `applied`) VALUES ('auth', '0005_alter_user_last_login_null', '2019-07-11 07:45:20'); args=['auth', '0005_alter_user_last_login_null', '2019-07-11 07:45:20']
(0.000) SHOW FULL TABLES; args=None
(0.000) SHOW FULL TABLES; args=None
(0.000) INSERT INTO `django_migrations` (`app`, `name`, `applied`) VALUES ('auth', '0006_require_contenttypes_0002', '2019-07-11 07:45:20'); args=['auth', '0006_require_contenttypes_0002', '2019-07-11 07:45:20']
(0.000) INSERT INTO `django_migrations` (`app`, `name`, `applied`) VALUES ('auth', '0006_require_contenttypes_0002', '2019-07-11 07:45:20'); args=['auth', '0006_require_contenttypes_0002', '2019-07-11 07:45:20']
(0.000) SHOW FULL TABLES; args=None
(0.000) SHOW FULL TABLES; args=None
(0.000) INSERT INTO `django_migrations` (`app`, `name`, `applied`) VALUES ('auth', '0007_alter_validators_add_error_messages', '2019-07-11 07:45:20'); args=['auth', '0007_alter_validators_add_error_messages', '2019-07-11 07:45:20']
(0.000) INSERT INTO `django_migrations` (`app`, `name`, `applied`) VALUES ('auth', '0007_alter_validators_add_error_messages', '2019-07-11 07:45:20'); args=['auth', '0007_alter_validators_add_error_messages', '2019-07-11 07:45:20']
ALTER TABLE `auth_user` MODIFY `username` varchar(150) NOT NULL; (params [])
ALTER TABLE `auth_user` MODIFY `username` varchar(150) NOT NULL; (params [])
(0.047) ALTER TABLE `auth_user` MODIFY `username` varchar(150) NOT NULL; args=[]
(0.047) ALTER TABLE `auth_user` MODIFY `username` varchar(150) NOT NULL; args=[]
(0.000) SHOW FULL TABLES; args=None
(0.000) SHOW FULL TABLES; args=None
(0.000) INSERT INTO `django_migrations` (`app`, `name`, `applied`) VALUES ('auth', '0008_alter_user_username_max_length', '2019-07-11 07:45:20'); args=['auth', '0008_alter_user_username_max_length', '2019-07-11 07:45:20']
(0.000) INSERT INTO `django_migrations` (`app`, `name`, `applied`) VALUES ('auth', '0008_alter_user_username_max_length', '2019-07-11 07:45:20'); args=['auth', '0008_alter_user_username_max_length', '2019-07-11 07:45:20']
CREATE TABLE `qa_answer` (`id` integer AUTO_INCREMENT NOT NULL PRIMARY KEY, `text` longtext NOT NULL, `added_at` date NOT NULL, `author_id` integer NOT NULL); (params None)
CREATE TABLE `qa_answer` (`id` integer AUTO_INCREMENT NOT NULL PRIMARY KEY, `text` longtext NOT NULL, `added_at` date NOT NULL, `author_id` integer NOT NULL); (params None)
(0.019) CREATE TABLE `qa_answer` (`id` integer AUTO_INCREMENT NOT NULL PRIMARY KEY, `text` longtext NOT NULL, `added_at` date NOT NULL, `author_id` integer NOT NULL); args=None
(0.019) CREATE TABLE `qa_answer` (`id` integer AUTO_INCREMENT NOT NULL PRIMARY KEY, `text` longtext NOT NULL, `added_at` date NOT NULL, `author_id` integer NOT NULL); args=None
(0.000) SELECT engine FROM information_schema.tables WHERE table_name = 'qa_answer'; args=['qa_answer']
(0.000) SELECT engine FROM information_schema.tables WHERE table_name = 'qa_answer'; args=['qa_answer']
(0.000) SELECT engine FROM information_schema.tables WHERE table_name = 'qa_answer'; args=['qa_answer']
(0.000) SELECT engine FROM information_schema.tables WHERE table_name = 'qa_answer'; args=['qa_answer']
(0.000) SELECT engine FROM information_schema.tables WHERE table_name = 'qa_answer'; args=['qa_answer']
(0.000) SELECT engine FROM information_schema.tables WHERE table_name = 'qa_answer'; args=['qa_answer']
(0.000) SELECT engine FROM information_schema.tables WHERE table_name = 'qa_answer'; args=['qa_answer']
(0.000) SELECT engine FROM information_schema.tables WHERE table_name = 'qa_answer'; args=['qa_answer']
CREATE TABLE `qa_question` (`id` integer AUTO_INCREMENT NOT NULL PRIMARY KEY, `title` varchar(250) NOT NULL, `text` longtext NOT NULL, `added_at` date NOT NULL, `rating` integer NOT NULL, `author_id` integer NOT NULL); (params None)
CREATE TABLE `qa_question` (`id` integer AUTO_INCREMENT NOT NULL PRIMARY KEY, `title` varchar(250) NOT NULL, `text` longtext NOT NULL, `added_at` date NOT NULL, `rating` integer NOT NULL, `author_id` integer NOT NULL); (params None)
(0.019) CREATE TABLE `qa_question` (`id` integer AUTO_INCREMENT NOT NULL PRIMARY KEY, `title` varchar(250) NOT NULL, `text` longtext NOT NULL, `added_at` date NOT NULL, `rating` integer NOT NULL, `author_id` integer NOT NULL); args=None
(0.019) CREATE TABLE `qa_question` (`id` integer AUTO_INCREMENT NOT NULL PRIMARY KEY, `title` varchar(250) NOT NULL, `text` longtext NOT NULL, `added_at` date NOT NULL, `rating` integer NOT NULL, `author_id` integer NOT NULL); args=None
(0.000) SELECT engine FROM information_schema.tables WHERE table_name = 'qa_question'; args=['qa_question']
(0.000) SELECT engine FROM information_schema.tables WHERE table_name = 'qa_question'; args=['qa_question']
(0.000) SELECT engine FROM information_schema.tables WHERE table_name = 'qa_question'; args=['qa_question']
(0.000) SELECT engine FROM information_schema.tables WHERE table_name = 'qa_question'; args=['qa_question']
(0.000) SELECT engine FROM information_schema.tables WHERE table_name = 'qa_question'; args=['qa_question']
(0.000) SELECT engine FROM information_schema.tables WHERE table_name = 'qa_question'; args=['qa_question']
(0.000) SELECT engine FROM information_schema.tables WHERE table_name = 'qa_question'; args=['qa_question']
(0.000) SELECT engine FROM information_schema.tables WHERE table_name = 'qa_question'; args=['qa_question']
(0.000) SELECT engine FROM information_schema.tables WHERE table_name = 'qa_question'; args=['qa_question']
(0.000) SELECT engine FROM information_schema.tables WHERE table_name = 'qa_question'; args=['qa_question']
(0.000) SELECT engine FROM information_schema.tables WHERE table_name = 'qa_question'; args=['qa_question']
(0.000) SELECT engine FROM information_schema.tables WHERE table_name = 'qa_question'; args=['qa_question']
CREATE TABLE `qa_question_likes` (`id` integer AUTO_INCREMENT NOT NULL PRIMARY KEY, `question_id` integer NOT NULL, `user_id` integer NOT NULL); (params None)
CREATE TABLE `qa_question_likes` (`id` integer AUTO_INCREMENT NOT NULL PRIMARY KEY, `question_id` integer NOT NULL, `user_id` integer NOT NULL); (params None)
(0.019) CREATE TABLE `qa_question_likes` (`id` integer AUTO_INCREMENT NOT NULL PRIMARY KEY, `question_id` integer NOT NULL, `user_id` integer NOT NULL); args=None
(0.019) CREATE TABLE `qa_question_likes` (`id` integer AUTO_INCREMENT NOT NULL PRIMARY KEY, `question_id` integer NOT NULL, `user_id` integer NOT NULL); args=None
(0.000) SELECT engine FROM information_schema.tables WHERE table_name = 'qa_question_likes'; args=['qa_question_likes']
(0.000) SELECT engine FROM information_schema.tables WHERE table_name = 'qa_question_likes'; args=['qa_question_likes']
(0.000) SELECT engine FROM information_schema.tables WHERE table_name = 'qa_question_likes'; args=['qa_question_likes']
(0.000) SELECT engine FROM information_schema.tables WHERE table_name = 'qa_question_likes'; args=['qa_question_likes']
(0.000) SELECT engine FROM information_schema.tables WHERE table_name = 'qa_question_likes'; args=['qa_question_likes']
(0.000) SELECT engine FROM information_schema.tables WHERE table_name = 'qa_question_likes'; args=['qa_question_likes']
ALTER TABLE `qa_answer` ADD COLUMN `question_id` integer NOT NULL; (params [])
ALTER TABLE `qa_answer` ADD COLUMN `question_id` integer NOT NULL; (params [])
(0.046) ALTER TABLE `qa_answer` ADD COLUMN `question_id` integer NOT NULL; args=[]
(0.046) ALTER TABLE `qa_answer` ADD COLUMN `question_id` integer NOT NULL; args=[]
ALTER TABLE `qa_answer` ALTER COLUMN `question_id` DROP DEFAULT; (params [])
ALTER TABLE `qa_answer` ALTER COLUMN `question_id` DROP DEFAULT; (params [])
(0.010) ALTER TABLE `qa_answer` ALTER COLUMN `question_id` DROP DEFAULT; args=[]
(0.010) ALTER TABLE `qa_answer` ALTER COLUMN `question_id` DROP DEFAULT; args=[]
(0.000) SELECT engine FROM information_schema.tables WHERE table_name = 'qa_answer'; args=['qa_answer']
(0.000) SELECT engine FROM information_schema.tables WHERE table_name = 'qa_answer'; args=['qa_answer']
ALTER TABLE `qa_answer` ADD CONSTRAINT `qa_answer_author_id_fdca825d_fk_auth_user_id` FOREIGN KEY (`author_id`) REFERENCES `auth_user` (`id`); (params [])
ALTER TABLE `qa_answer` ADD CONSTRAINT `qa_answer_author_id_fdca825d_fk_auth_user_id` FOREIGN KEY (`author_id`) REFERENCES `auth_user` (`id`); (params [])
(0.046) ALTER TABLE `qa_answer` ADD CONSTRAINT `qa_answer_author_id_fdca825d_fk_auth_user_id` FOREIGN KEY (`author_id`) REFERENCES `auth_user` (`id`); args=[]
(0.046) ALTER TABLE `qa_answer` ADD CONSTRAINT `qa_answer_author_id_fdca825d_fk_auth_user_id` FOREIGN KEY (`author_id`) REFERENCES `auth_user` (`id`); args=[]
ALTER TABLE `qa_question` ADD CONSTRAINT `qa_question_author_id_3665c779_fk_auth_user_id` FOREIGN KEY (`author_id`) REFERENCES `auth_user` (`id`); (params [])
ALTER TABLE `qa_question` ADD CONSTRAINT `qa_question_author_id_3665c779_fk_auth_user_id` FOREIGN KEY (`author_id`) REFERENCES `auth_user` (`id`); (params [])
(0.046) ALTER TABLE `qa_question` ADD CONSTRAINT `qa_question_author_id_3665c779_fk_auth_user_id` FOREIGN KEY (`author_id`) REFERENCES `auth_user` (`id`); args=[]
(0.046) ALTER TABLE `qa_question` ADD CONSTRAINT `qa_question_author_id_3665c779_fk_auth_user_id` FOREIGN KEY (`author_id`) REFERENCES `auth_user` (`id`); args=[]
ALTER TABLE `qa_question_likes` ADD CONSTRAINT `qa_question_likes_question_id_f4460cdb_fk_qa_question_id` FOREIGN KEY (`question_id`) REFERENCES `qa_question` (`id`); (params [])
ALTER TABLE `qa_question_likes` ADD CONSTRAINT `qa_question_likes_question_id_f4460cdb_fk_qa_question_id` FOREIGN KEY (`question_id`) REFERENCES `qa_question` (`id`); (params [])
(0.049) ALTER TABLE `qa_question_likes` ADD CONSTRAINT `qa_question_likes_question_id_f4460cdb_fk_qa_question_id` FOREIGN KEY (`question_id`) REFERENCES `qa_question` (`id`); args=[]
(0.049) ALTER TABLE `qa_question_likes` ADD CONSTRAINT `qa_question_likes_question_id_f4460cdb_fk_qa_question_id` FOREIGN KEY (`question_id`) REFERENCES `qa_question` (`id`); args=[]
ALTER TABLE `qa_question_likes` ADD CONSTRAINT `qa_question_likes_user_id_69852d68_fk_auth_user_id` FOREIGN KEY (`user_id`) REFERENCES `auth_user` (`id`); (params [])
ALTER TABLE `qa_question_likes` ADD CONSTRAINT `qa_question_likes_user_id_69852d68_fk_auth_user_id` FOREIGN KEY (`user_id`) REFERENCES `auth_user` (`id`); (params [])
(0.048) ALTER TABLE `qa_question_likes` ADD CONSTRAINT `qa_question_likes_user_id_69852d68_fk_auth_user_id` FOREIGN KEY (`user_id`) REFERENCES `auth_user` (`id`); args=[]
(0.048) ALTER TABLE `qa_question_likes` ADD CONSTRAINT `qa_question_likes_user_id_69852d68_fk_auth_user_id` FOREIGN KEY (`user_id`) REFERENCES `auth_user` (`id`); args=[]
ALTER TABLE `qa_question_likes` ADD CONSTRAINT `qa_question_likes_question_id_dfaf931d_uniq` UNIQUE (`question_id`, `user_id`); (params [])
ALTER TABLE `qa_question_likes` ADD CONSTRAINT `qa_question_likes_question_id_dfaf931d_uniq` UNIQUE (`question_id`, `user_id`); (params [])
(0.059) ALTER TABLE `qa_question_likes` ADD CONSTRAINT `qa_question_likes_question_id_dfaf931d_uniq` UNIQUE (`question_id`, `user_id`); args=[]
(0.059) ALTER TABLE `qa_question_likes` ADD CONSTRAINT `qa_question_likes_question_id_dfaf931d_uniq` UNIQUE (`question_id`, `user_id`); args=[]
ALTER TABLE `qa_answer` ADD CONSTRAINT `qa_answer_question_id_afdc507a_fk_qa_question_id` FOREIGN KEY (`question_id`) REFERENCES `qa_question` (`id`); (params [])
ALTER TABLE `qa_answer` ADD CONSTRAINT `qa_answer_question_id_afdc507a_fk_qa_question_id` FOREIGN KEY (`question_id`) REFERENCES `qa_question` (`id`); (params [])
(0.045) ALTER TABLE `qa_answer` ADD CONSTRAINT `qa_answer_question_id_afdc507a_fk_qa_question_id` FOREIGN KEY (`question_id`) REFERENCES `qa_question` (`id`); args=[]
(0.045) ALTER TABLE `qa_answer` ADD CONSTRAINT `qa_answer_question_id_afdc507a_fk_qa_question_id` FOREIGN KEY (`question_id`) REFERENCES `qa_question` (`id`); args=[]
(0.000) SHOW FULL TABLES; args=None
(0.000) SHOW FULL TABLES; args=None
(0.000) INSERT INTO `django_migrations` (`app`, `name`, `applied`) VALUES ('qa', '0001_initial', '2019-07-11 07:45:21'); args=['qa', '0001_initial', '2019-07-11 07:45:21']
(0.000) INSERT INTO `django_migrations` (`app`, `name`, `applied`) VALUES ('qa', '0001_initial', '2019-07-11 07:45:21'); args=['qa', '0001_initial', '2019-07-11 07:45:21']
(0.000) 
            SELECT kc.`constraint_name`, kc.`column_name`,
                kc.`referenced_table_name`, kc.`referenced_column_name`
            FROM information_schema.key_column_usage AS kc
            WHERE
                kc.table_schema = DATABASE() AND
                kc.table_name = 'qa_answer'
        ; args=['qa_answer']
(0.000) 
            SELECT kc.`constraint_name`, kc.`column_name`,
                kc.`referenced_table_name`, kc.`referenced_column_name`
            FROM information_schema.key_column_usage AS kc
            WHERE
                kc.table_schema = DATABASE() AND
                kc.table_name = 'qa_answer'
        ; args=['qa_answer']
(0.000) 
            SELECT c.constraint_name, c.constraint_type
            FROM information_schema.table_constraints AS c
            WHERE
                c.table_schema = DATABASE() AND
                c.table_name = 'qa_answer'
        ; args=['qa_answer']
(0.000) 
            SELECT c.constraint_name, c.constraint_type
            FROM information_schema.table_constraints AS c
            WHERE
                c.table_schema = DATABASE() AND
                c.table_name = 'qa_answer'
        ; args=['qa_answer']
(0.000) SHOW INDEX FROM `qa_answer`; args=None
(0.000) SHOW INDEX FROM `qa_answer`; args=None
ALTER TABLE `qa_answer` DROP FOREIGN KEY `qa_answer_author_id_fdca825d_fk_auth_user_id`; (params [])
ALTER TABLE `qa_answer` DROP FOREIGN KEY `qa_answer_author_id_fdca825d_fk_auth_user_id`; (params [])
(0.046) ALTER TABLE `qa_answer` DROP FOREIGN KEY `qa_answer_author_id_fdca825d_fk_auth_user_id`; args=[]
(0.046) ALTER TABLE `qa_answer` DROP FOREIGN KEY `qa_answer_author_id_fdca825d_fk_auth_user_id`; args=[]
ALTER TABLE `qa_answer` ADD CONSTRAINT `qa_answer_author_id_fdca825d_fk_auth_user_id` FOREIGN KEY (`author_id`) REFERENCES `auth_user` (`id`); (params [])
ALTER TABLE `qa_answer` ADD CONSTRAINT `qa_answer_author_id_fdca825d_fk_auth_user_id` FOREIGN KEY (`author_id`) REFERENCES `auth_user` (`id`); (params [])
(0.046) ALTER TABLE `qa_answer` ADD CONSTRAINT `qa_answer_author_id_fdca825d_fk_auth_user_id` FOREIGN KEY (`author_id`) REFERENCES `auth_user` (`id`); args=[]
(0.046) ALTER TABLE `qa_answer` ADD CONSTRAINT `qa_answer_author_id_fdca825d_fk_auth_user_id` FOREIGN KEY (`author_id`) REFERENCES `auth_user` (`id`); args=[]
(0.000) 
            SELECT kc.`constraint_name`, kc.`column_name`,
                kc.`referenced_table_name`, kc.`referenced_column_name`
            FROM information_schema.key_column_usage AS kc
            WHERE
                kc.table_schema = DATABASE() AND
                kc.table_name = 'qa_answer'
        ; args=['qa_answer']
(0.000) 
            SELECT kc.`constraint_name`, kc.`column_name`,
                kc.`referenced_table_name`, kc.`referenced_column_name`
            FROM information_schema.key_column_usage AS kc
            WHERE
                kc.table_schema = DATABASE() AND
                kc.table_name = 'qa_answer'
        ; args=['qa_answer']
(0.000) 
            SELECT c.constraint_name, c.constraint_type
            FROM information_schema.table_constraints AS c
            WHERE
                c.table_schema = DATABASE() AND
                c.table_name = 'qa_answer'
        ; args=['qa_answer']
(0.000) 
            SELECT c.constraint_name, c.constraint_type
            FROM information_schema.table_constraints AS c
            WHERE
                c.table_schema = DATABASE() AND
                c.table_name = 'qa_answer'
        ; args=['qa_answer']
(0.000) SHOW INDEX FROM `qa_answer`; args=None
(0.000) SHOW INDEX FROM `qa_answer`; args=None
ALTER TABLE `qa_answer` DROP FOREIGN KEY `qa_answer_question_id_afdc507a_fk_qa_question_id`; (params [])
ALTER TABLE `qa_answer` DROP FOREIGN KEY `qa_answer_question_id_afdc507a_fk_qa_question_id`; (params [])
(0.046) ALTER TABLE `qa_answer` DROP FOREIGN KEY `qa_answer_question_id_afdc507a_fk_qa_question_id`; args=[]
(0.046) ALTER TABLE `qa_answer` DROP FOREIGN KEY `qa_answer_question_id_afdc507a_fk_qa_question_id`; args=[]
ALTER TABLE `qa_answer` ADD CONSTRAINT `qa_answer_question_id_afdc507a_fk_qa_question_id` FOREIGN KEY (`question_id`) REFERENCES `qa_question` (`id`); (params [])
ALTER TABLE `qa_answer` ADD CONSTRAINT `qa_answer_question_id_afdc507a_fk_qa_question_id` FOREIGN KEY (`question_id`) REFERENCES `qa_question` (`id`); (params [])
(0.047) ALTER TABLE `qa_answer` ADD CONSTRAINT `qa_answer_question_id_afdc507a_fk_qa_question_id` FOREIGN KEY (`question_id`) REFERENCES `qa_question` (`id`); args=[]
(0.047) ALTER TABLE `qa_answer` ADD CONSTRAINT `qa_answer_question_id_afdc507a_fk_qa_question_id` FOREIGN KEY (`question_id`) REFERENCES `qa_question` (`id`); args=[]
(0.000) 
            SELECT kc.`constraint_name`, kc.`column_name`,
                kc.`referenced_table_name`, kc.`referenced_column_name`
            FROM information_schema.key_column_usage AS kc
            WHERE
                kc.table_schema = DATABASE() AND
                kc.table_name = 'qa_question'
        ; args=['qa_question']
(0.000) 
            SELECT kc.`constraint_name`, kc.`column_name`,
                kc.`referenced_table_name`, kc.`referenced_column_name`
            FROM information_schema.key_column_usage AS kc
            WHERE
                kc.table_schema = DATABASE() AND
                kc.table_name = 'qa_question'
        ; args=['qa_question']
(0.001) 
            SELECT c.constraint_name, c.constraint_type
            FROM information_schema.table_constraints AS c
            WHERE
                c.table_schema = DATABASE() AND
                c.table_name = 'qa_question'
        ; args=['qa_question']
(0.001) 
            SELECT c.constraint_name, c.constraint_type
            FROM information_schema.table_constraints AS c
            WHERE
                c.table_schema = DATABASE() AND
                c.table_name = 'qa_question'
        ; args=['qa_question']
(0.000) SHOW INDEX FROM `qa_question`; args=None
(0.000) SHOW INDEX FROM `qa_question`; args=None
ALTER TABLE `qa_question` DROP FOREIGN KEY `qa_question_author_id_3665c779_fk_auth_user_id`; (params [])
ALTER TABLE `qa_question` DROP FOREIGN KEY `qa_question_author_id_3665c779_fk_auth_user_id`; (params [])
(0.049) ALTER TABLE `qa_question` DROP FOREIGN KEY `qa_question_author_id_3665c779_fk_auth_user_id`; args=[]
(0.049) ALTER TABLE `qa_question` DROP FOREIGN KEY `qa_question_author_id_3665c779_fk_auth_user_id`; args=[]
ALTER TABLE `qa_question` ADD CONSTRAINT `qa_question_author_id_3665c779_fk_auth_user_id` FOREIGN KEY (`author_id`) REFERENCES `auth_user` (`id`); (params [])
ALTER TABLE `qa_question` ADD CONSTRAINT `qa_question_author_id_3665c779_fk_auth_user_id` FOREIGN KEY (`author_id`) REFERENCES `auth_user` (`id`); (params [])
(0.046) ALTER TABLE `qa_question` ADD CONSTRAINT `qa_question_author_id_3665c779_fk_auth_user_id` FOREIGN KEY (`author_id`) REFERENCES `auth_user` (`id`); args=[]
(0.046) ALTER TABLE `qa_question` ADD CONSTRAINT `qa_question_author_id_3665c779_fk_auth_user_id` FOREIGN KEY (`author_id`) REFERENCES `auth_user` (`id`); args=[]
(0.000) SHOW FULL TABLES; args=None
(0.000) SHOW FULL TABLES; args=None
(0.000) INSERT INTO `django_migrations` (`app`, `name`, `applied`) VALUES ('qa', '0002_auto_20190710_0834', '2019-07-11 07:45:21'); args=['qa', '0002_auto_20190710_0834', '2019-07-11 07:45:21']
(0.000) INSERT INTO `django_migrations` (`app`, `name`, `applied`) VALUES ('qa', '0002_auto_20190710_0834', '2019-07-11 07:45:21'); args=['qa', '0002_auto_20190710_0834', '2019-07-11 07:45:21']
(0.000) SHOW FULL TABLES; args=None
(0.000) SHOW FULL TABLES; args=None
(0.000) INSERT INTO `django_migrations` (`app`, `name`, `applied`) VALUES ('qa', '0003_auto_20190710_0841', '2019-07-11 07:45:21'); args=['qa', '0003_auto_20190710_0841', '2019-07-11 07:45:21']
(0.000) INSERT INTO `django_migrations` (`app`, `name`, `applied`) VALUES ('qa', '0003_auto_20190710_0841', '2019-07-11 07:45:21'); args=['qa', '0003_auto_20190710_0841', '2019-07-11 07:45:21']
(0.000) 
            SELECT kc.`constraint_name`, kc.`column_name`,
                kc.`referenced_table_name`, kc.`referenced_column_name`
            FROM information_schema.key_column_usage AS kc
            WHERE
                kc.table_schema = DATABASE() AND
                kc.table_name = 'qa_question_likes'
        ; args=['qa_question_likes']
(0.000) 
            SELECT kc.`constraint_name`, kc.`column_name`,
                kc.`referenced_table_name`, kc.`referenced_column_name`
            FROM information_schema.key_column_usage AS kc
            WHERE
                kc.table_schema = DATABASE() AND
                kc.table_name = 'qa_question_likes'
        ; args=['qa_question_likes']
(0.000) 
            SELECT c.constraint_name, c.constraint_type
            FROM information_schema.table_constraints AS c
            WHERE
                c.table_schema = DATABASE() AND
                c.table_name = 'qa_question_likes'
        ; args=['qa_question_likes']
(0.000) 
            SELECT c.constraint_name, c.constraint_type
            FROM information_schema.table_constraints AS c
            WHERE
                c.table_schema = DATABASE() AND
                c.table_name = 'qa_question_likes'
        ; args=['qa_question_likes']
(0.000) SHOW INDEX FROM `qa_question_likes`; args=None
(0.000) SHOW INDEX FROM `qa_question_likes`; args=None
ALTER TABLE `qa_question_likes` DROP FOREIGN KEY `qa_question_likes_user_id_69852d68_fk_auth_user_id`; (params [])
ALTER TABLE `qa_question_likes` DROP FOREIGN KEY `qa_question_likes_user_id_69852d68_fk_auth_user_id`; (params [])
(0.053) ALTER TABLE `qa_question_likes` DROP FOREIGN KEY `qa_question_likes_user_id_69852d68_fk_auth_user_id`; args=[]
(0.053) ALTER TABLE `qa_question_likes` DROP FOREIGN KEY `qa_question_likes_user_id_69852d68_fk_auth_user_id`; args=[]
ALTER TABLE `qa_question_likes` ADD CONSTRAINT `qa_question_likes_user_id_69852d68_fk_auth_user_id` FOREIGN KEY (`user_id`) REFERENCES `auth_user` (`id`); (params [])
ALTER TABLE `qa_question_likes` ADD CONSTRAINT `qa_question_likes_user_id_69852d68_fk_auth_user_id` FOREIGN KEY (`user_id`) REFERENCES `auth_user` (`id`); (params [])
(0.046) ALTER TABLE `qa_question_likes` ADD CONSTRAINT `qa_question_likes_user_id_69852d68_fk_auth_user_id` FOREIGN KEY (`user_id`) REFERENCES `auth_user` (`id`); args=[]
(0.046) ALTER TABLE `qa_question_likes` ADD CONSTRAINT `qa_question_likes_user_id_69852d68_fk_auth_user_id` FOREIGN KEY (`user_id`) REFERENCES `auth_user` (`id`); args=[]
(0.000) 
            SELECT kc.`constraint_name`, kc.`column_name`,
                kc.`referenced_table_name`, kc.`referenced_column_name`
            FROM information_schema.key_column_usage AS kc
            WHERE
                kc.table_schema = DATABASE() AND
                kc.table_name = 'qa_question_likes'
        ; args=['qa_question_likes']
(0.000) 
            SELECT kc.`constraint_name`, kc.`column_name`,
                kc.`referenced_table_name`, kc.`referenced_column_name`
            FROM information_schema.key_column_usage AS kc
            WHERE
                kc.table_schema = DATABASE() AND
                kc.table_name = 'qa_question_likes'
        ; args=['qa_question_likes']
(0.000) 
            SELECT c.constraint_name, c.constraint_type
            FROM information_schema.table_constraints AS c
            WHERE
                c.table_schema = DATABASE() AND
                c.table_name = 'qa_question_likes'
        ; args=['qa_question_likes']
(0.000) 
            SELECT c.constraint_name, c.constraint_type
            FROM information_schema.table_constraints AS c
            WHERE
                c.table_schema = DATABASE() AND
                c.table_name = 'qa_question_likes'
        ; args=['qa_question_likes']
(0.000) SHOW INDEX FROM `qa_question_likes`; args=None
(0.000) SHOW INDEX FROM `qa_question_likes`; args=None
ALTER TABLE `qa_question_likes` DROP FOREIGN KEY `qa_question_likes_question_id_f4460cdb_fk_qa_question_id`; (params [])
ALTER TABLE `qa_question_likes` DROP FOREIGN KEY `qa_question_likes_question_id_f4460cdb_fk_qa_question_id`; (params [])
(0.046) ALTER TABLE `qa_question_likes` DROP FOREIGN KEY `qa_question_likes_question_id_f4460cdb_fk_qa_question_id`; args=[]
(0.046) ALTER TABLE `qa_question_likes` DROP FOREIGN KEY `qa_question_likes_question_id_f4460cdb_fk_qa_question_id`; args=[]
ALTER TABLE `qa_question_likes` ADD CONSTRAINT `qa_question_likes_question_id_f4460cdb_fk_qa_question_id` FOREIGN KEY (`question_id`) REFERENCES `qa_question` (`id`); (params [])
ALTER TABLE `qa_question_likes` ADD CONSTRAINT `qa_question_likes_question_id_f4460cdb_fk_qa_question_id` FOREIGN KEY (`question_id`) REFERENCES `qa_question` (`id`); (params [])
(0.047) ALTER TABLE `qa_question_likes` ADD CONSTRAINT `qa_question_likes_question_id_f4460cdb_fk_qa_question_id` FOREIGN KEY (`question_id`) REFERENCES `qa_question` (`id`); args=[]
(0.047) ALTER TABLE `qa_question_likes` ADD CONSTRAINT `qa_question_likes_question_id_f4460cdb_fk_qa_question_id` FOREIGN KEY (`question_id`) REFERENCES `qa_question` (`id`); args=[]
(0.000) SHOW FULL TABLES; args=None
(0.000) SHOW FULL TABLES; args=None
(0.000) INSERT INTO `django_migrations` (`app`, `name`, `applied`) VALUES ('qa', '0004_auto_20190710_1455', '2019-07-11 07:45:21'); args=['qa', '0004_auto_20190710_1455', '2019-07-11 07:45:21']
(0.000) INSERT INTO `django_migrations` (`app`, `name`, `applied`) VALUES ('qa', '0004_auto_20190710_1455', '2019-07-11 07:45:21'); args=['qa', '0004_auto_20190710_1455', '2019-07-11 07:45:21']
(0.000) 
            SELECT kc.`constraint_name`, kc.`column_name`,
                kc.`referenced_table_name`, kc.`referenced_column_name`
            FROM information_schema.key_column_usage AS kc
            WHERE
                kc.table_schema = DATABASE() AND
                kc.table_name = 'qa_answer'
        ; args=['qa_answer']
(0.000) 
            SELECT kc.`constraint_name`, kc.`column_name`,
                kc.`referenced_table_name`, kc.`referenced_column_name`
            FROM information_schema.key_column_usage AS kc
            WHERE
                kc.table_schema = DATABASE() AND
                kc.table_name = 'qa_answer'
        ; args=['qa_answer']
(0.000) 
            SELECT c.constraint_name, c.constraint_type
            FROM information_schema.table_constraints AS c
            WHERE
                c.table_schema = DATABASE() AND
                c.table_name = 'qa_answer'
        ; args=['qa_answer']
(0.000) 
            SELECT c.constraint_name, c.constraint_type
            FROM information_schema.table_constraints AS c
            WHERE
                c.table_schema = DATABASE() AND
                c.table_name = 'qa_answer'
        ; args=['qa_answer']
(0.000) SHOW INDEX FROM `qa_answer`; args=None
(0.000) SHOW INDEX FROM `qa_answer`; args=None
ALTER TABLE `qa_answer` DROP FOREIGN KEY `qa_answer_author_id_fdca825d_fk_auth_user_id`; (params [])
ALTER TABLE `qa_answer` DROP FOREIGN KEY `qa_answer_author_id_fdca825d_fk_auth_user_id`; (params [])
(0.048) ALTER TABLE `qa_answer` DROP FOREIGN KEY `qa_answer_author_id_fdca825d_fk_auth_user_id`; args=[]
(0.048) ALTER TABLE `qa_answer` DROP FOREIGN KEY `qa_answer_author_id_fdca825d_fk_auth_user_id`; args=[]
ALTER TABLE `qa_answer` ADD CONSTRAINT `qa_answer_author_id_fdca825d_fk_auth_user_id` FOREIGN KEY (`author_id`) REFERENCES `auth_user` (`id`); (params [])
ALTER TABLE `qa_answer` ADD CONSTRAINT `qa_answer_author_id_fdca825d_fk_auth_user_id` FOREIGN KEY (`author_id`) REFERENCES `auth_user` (`id`); (params [])
(0.045) ALTER TABLE `qa_answer` ADD CONSTRAINT `qa_answer_author_id_fdca825d_fk_auth_user_id` FOREIGN KEY (`author_id`) REFERENCES `auth_user` (`id`); args=[]
(0.045) ALTER TABLE `qa_answer` ADD CONSTRAINT `qa_answer_author_id_fdca825d_fk_auth_user_id` FOREIGN KEY (`author_id`) REFERENCES `auth_user` (`id`); args=[]
(0.000) 
            SELECT kc.`constraint_name`, kc.`column_name`,
                kc.`referenced_table_name`, kc.`referenced_column_name`
            FROM information_schema.key_column_usage AS kc
            WHERE
                kc.table_schema = DATABASE() AND
                kc.table_name = 'qa_question'
        ; args=['qa_question']
(0.000) 
            SELECT kc.`constraint_name`, kc.`column_name`,
                kc.`referenced_table_name`, kc.`referenced_column_name`
            FROM information_schema.key_column_usage AS kc
            WHERE
                kc.table_schema = DATABASE() AND
                kc.table_name = 'qa_question'
        ; args=['qa_question']
(0.000) 
            SELECT c.constraint_name, c.constraint_type
            FROM information_schema.table_constraints AS c
            WHERE
                c.table_schema = DATABASE() AND
                c.table_name = 'qa_question'
        ; args=['qa_question']
(0.000) 
            SELECT c.constraint_name, c.constraint_type
            FROM information_schema.table_constraints AS c
            WHERE
                c.table_schema = DATABASE() AND
                c.table_name = 'qa_question'
        ; args=['qa_question']
(0.000) SHOW INDEX FROM `qa_question`; args=None
(0.000) SHOW INDEX FROM `qa_question`; args=None
ALTER TABLE `qa_question` DROP FOREIGN KEY `qa_question_author_id_3665c779_fk_auth_user_id`; (params [])
ALTER TABLE `qa_question` DROP FOREIGN KEY `qa_question_author_id_3665c779_fk_auth_user_id`; (params [])
(0.046) ALTER TABLE `qa_question` DROP FOREIGN KEY `qa_question_author_id_3665c779_fk_auth_user_id`; args=[]
(0.046) ALTER TABLE `qa_question` DROP FOREIGN KEY `qa_question_author_id_3665c779_fk_auth_user_id`; args=[]
ALTER TABLE `qa_question` ADD CONSTRAINT `qa_question_author_id_3665c779_fk_auth_user_id` FOREIGN KEY (`author_id`) REFERENCES `auth_user` (`id`); (params [])
ALTER TABLE `qa_question` ADD CONSTRAINT `qa_question_author_id_3665c779_fk_auth_user_id` FOREIGN KEY (`author_id`) REFERENCES `auth_user` (`id`); (params [])
(0.047) ALTER TABLE `qa_question` ADD CONSTRAINT `qa_question_author_id_3665c779_fk_auth_user_id` FOREIGN KEY (`author_id`) REFERENCES `auth_user` (`id`); args=[]
(0.047) ALTER TABLE `qa_question` ADD CONSTRAINT `qa_question_author_id_3665c779_fk_auth_user_id` FOREIGN KEY (`author_id`) REFERENCES `auth_user` (`id`); args=[]
(0.000) SHOW FULL TABLES; args=None
(0.000) SHOW FULL TABLES; args=None
(0.000) INSERT INTO `django_migrations` (`app`, `name`, `applied`) VALUES ('qa', '0005_auto_20190711_0745', '2019-07-11 07:45:21'); args=['qa', '0005_auto_20190711_0745', '2019-07-11 07:45:21']
(0.000) INSERT INTO `django_migrations` (`app`, `name`, `applied`) VALUES ('qa', '0005_auto_20190711_0745', '2019-07-11 07:45:21'); args=['qa', '0005_auto_20190711_0745', '2019-07-11 07:45:21']
CREATE TABLE `django_session` (`session_key` varchar(40) NOT NULL PRIMARY KEY, `session_data` longtext NOT NULL, `expire_date` datetime NOT NULL); (params None)
CREATE TABLE `django_session` (`session_key` varchar(40) NOT NULL PRIMARY KEY, `session_data` longtext NOT NULL, `expire_date` datetime NOT NULL); (params None)
(0.021) CREATE TABLE `django_session` (`session_key` varchar(40) NOT NULL PRIMARY KEY, `session_data` longtext NOT NULL, `expire_date` datetime NOT NULL); args=None
(0.021) CREATE TABLE `django_session` (`session_key` varchar(40) NOT NULL PRIMARY KEY, `session_data` longtext NOT NULL, `expire_date` datetime NOT NULL); args=None
(0.000) SELECT engine FROM information_schema.tables WHERE table_name = 'django_session'; args=['django_session']
(0.000) SELECT engine FROM information_schema.tables WHERE table_name = 'django_session'; args=['django_session']
(0.000) SELECT engine FROM information_schema.tables WHERE table_name = 'django_session'; args=['django_session']
(0.000) SELECT engine FROM information_schema.tables WHERE table_name = 'django_session'; args=['django_session']
(0.000) SELECT engine FROM information_schema.tables WHERE table_name = 'django_session'; args=['django_session']
(0.000) SELECT engine FROM information_schema.tables WHERE table_name = 'django_session'; args=['django_session']
CREATE INDEX `django_session_de54fa62` ON `django_session` (`expire_date`); (params [])
CREATE INDEX `django_session_de54fa62` ON `django_session` (`expire_date`); (params [])
(0.037) CREATE INDEX `django_session_de54fa62` ON `django_session` (`expire_date`); args=[]
(0.037) CREATE INDEX `django_session_de54fa62` ON `django_session` (`expire_date`); args=[]
(0.000) SHOW FULL TABLES; args=None
(0.000) SHOW FULL TABLES; args=None
(0.000) INSERT INTO `django_migrations` (`app`, `name`, `applied`) VALUES ('sessions', '0001_initial', '2019-07-11 07:45:22'); args=['sessions', '0001_initial', '2019-07-11 07:45:22']
(0.000) INSERT INTO `django_migrations` (`app`, `name`, `applied`) VALUES ('sessions', '0001_initial', '2019-07-11 07:45:22'); args=['sessions', '0001_initial', '2019-07-11 07:45:22']
(0.000) SHOW FULL TABLES; args=None
(0.000) SHOW FULL TABLES; args=None
(0.000) SELECT `django_migrations`.`app`, `django_migrations`.`name` FROM `django_migrations`; args=()
(0.000) SELECT `django_migrations`.`app`, `django_migrations`.`name` FROM `django_migrations`; args=()
(0.000) SELECT `django_content_type`.`id`, `django_content_type`.`app_label`, `django_content_type`.`model` FROM `django_content_type` WHERE (`django_content_type`.`model` = 'logentry' AND `django_content_type`.`app_label` = 'admin'); args=('logentry', 'admin')
(0.000) SELECT `django_content_type`.`id`, `django_content_type`.`app_label`, `django_content_type`.`model` FROM `django_content_type` WHERE (`django_content_type`.`model` = 'logentry' AND `django_content_type`.`app_label` = 'admin'); args=('logentry', 'admin')
(0.000) SELECT `django_content_type`.`id`, `django_content_type`.`app_label`, `django_content_type`.`model` FROM `django_content_type` WHERE (`django_content_type`.`model` = 'logentry' AND `django_content_type`.`app_label` = 'admin'); args=('logentry', 'admin')
(0.000) SELECT `django_content_type`.`id`, `django_content_type`.`app_label`, `django_content_type`.`model` FROM `django_content_type` WHERE (`django_content_type`.`model` = 'logentry' AND `django_content_type`.`app_label` = 'admin'); args=('logentry', 'admin')
(0.000) INSERT INTO `django_content_type` (`app_label`, `model`) VALUES ('admin', 'logentry'); args=['admin', 'logentry']
(0.000) INSERT INTO `django_content_type` (`app_label`, `model`) VALUES ('admin', 'logentry'); args=['admin', 'logentry']
(0.000) SELECT `auth_permission`.`content_type_id`, `auth_permission`.`codename` FROM `auth_permission` INNER JOIN `django_content_type` ON (`auth_permission`.`content_type_id` = `django_content_type`.`id`) WHERE `auth_permission`.`content_type_id` IN (1) ORDER BY `django_content_type`.`app_label` ASC, `django_content_type`.`model` ASC, `auth_permission`.`codename` ASC; args=(1,)
(0.000) SELECT `auth_permission`.`content_type_id`, `auth_permission`.`codename` FROM `auth_permission` INNER JOIN `django_content_type` ON (`auth_permission`.`content_type_id` = `django_content_type`.`id`) WHERE `auth_permission`.`content_type_id` IN (1) ORDER BY `django_content_type`.`app_label` ASC, `django_content_type`.`model` ASC, `auth_permission`.`codename` ASC; args=(1,)
(0.000) INSERT INTO `auth_permission` (`name`, `content_type_id`, `codename`) VALUES ('Can add log entry', 1, 'add_logentry'), ('Can change log entry', 1, 'change_logentry'), ('Can delete log entry', 1, 'delete_logentry'); args=('Can add log entry', 1, 'add_logentry', 'Can change log entry', 1, 'change_logentry', 'Can delete log entry', 1, 'delete_logentry')
(0.000) INSERT INTO `auth_permission` (`name`, `content_type_id`, `codename`) VALUES ('Can add log entry', 1, 'add_logentry'), ('Can change log entry', 1, 'change_logentry'), ('Can delete log entry', 1, 'delete_logentry'); args=('Can add log entry', 1, 'add_logentry', 'Can change log entry', 1, 'change_logentry', 'Can delete log entry', 1, 'delete_logentry')
(0.000) SELECT `django_content_type`.`id`, `django_content_type`.`app_label`, `django_content_type`.`model` FROM `django_content_type` WHERE `django_content_type`.`app_label` = 'admin'; args=('admin',)
(0.000) SELECT `django_content_type`.`id`, `django_content_type`.`app_label`, `django_content_type`.`model` FROM `django_content_type` WHERE `django_content_type`.`app_label` = 'admin'; args=('admin',)
(0.000) SELECT `django_content_type`.`id`, `django_content_type`.`app_label`, `django_content_type`.`model` FROM `django_content_type` WHERE (`django_content_type`.`model` = 'permission' AND `django_content_type`.`app_label` = 'auth'); args=('permission', 'auth')
(0.000) SELECT `django_content_type`.`id`, `django_content_type`.`app_label`, `django_content_type`.`model` FROM `django_content_type` WHERE (`django_content_type`.`model` = 'permission' AND `django_content_type`.`app_label` = 'auth'); args=('permission', 'auth')
(0.000) SELECT `django_content_type`.`id`, `django_content_type`.`app_label`, `django_content_type`.`model` FROM `django_content_type` WHERE (`django_content_type`.`model` = 'permission' AND `django_content_type`.`app_label` = 'auth'); args=('permission', 'auth')
(0.000) SELECT `django_content_type`.`id`, `django_content_type`.`app_label`, `django_content_type`.`model` FROM `django_content_type` WHERE (`django_content_type`.`model` = 'permission' AND `django_content_type`.`app_label` = 'auth'); args=('permission', 'auth')
(0.000) INSERT INTO `django_content_type` (`app_label`, `model`) VALUES ('auth', 'permission'); args=['auth', 'permission']
(0.000) INSERT INTO `django_content_type` (`app_label`, `model`) VALUES ('auth', 'permission'); args=['auth', 'permission']
(0.000) SELECT `django_content_type`.`id`, `django_content_type`.`app_label`, `django_content_type`.`model` FROM `django_content_type` WHERE (`django_content_type`.`model` = 'group' AND `django_content_type`.`app_label` = 'auth'); args=('group', 'auth')
(0.000) SELECT `django_content_type`.`id`, `django_content_type`.`app_label`, `django_content_type`.`model` FROM `django_content_type` WHERE (`django_content_type`.`model` = 'group' AND `django_content_type`.`app_label` = 'auth'); args=('group', 'auth')
(0.000) SELECT `django_content_type`.`id`, `django_content_type`.`app_label`, `django_content_type`.`model` FROM `django_content_type` WHERE (`django_content_type`.`model` = 'group' AND `django_content_type`.`app_label` = 'auth'); args=('group', 'auth')
(0.000) SELECT `django_content_type`.`id`, `django_content_type`.`app_label`, `django_content_type`.`model` FROM `django_content_type` WHERE (`django_content_type`.`model` = 'group' AND `django_content_type`.`app_label` = 'auth'); args=('group', 'auth')
(0.000) INSERT INTO `django_content_type` (`app_label`, `model`) VALUES ('auth', 'group'); args=['auth', 'group']
(0.000) INSERT INTO `django_content_type` (`app_label`, `model`) VALUES ('auth', 'group'); args=['auth', 'group']
(0.000) SELECT `django_content_type`.`id`, `django_content_type`.`app_label`, `django_content_type`.`model` FROM `django_content_type` WHERE (`django_content_type`.`model` = 'user' AND `django_content_type`.`app_label` = 'auth'); args=('user', 'auth')
(0.000) SELECT `django_content_type`.`id`, `django_content_type`.`app_label`, `django_content_type`.`model` FROM `django_content_type` WHERE (`django_content_type`.`model` = 'user' AND `django_content_type`.`app_label` = 'auth'); args=('user', 'auth')
(0.000) SELECT `django_content_type`.`id`, `django_content_type`.`app_label`, `django_content_type`.`model` FROM `django_content_type` WHERE (`django_content_type`.`model` = 'user' AND `django_content_type`.`app_label` = 'auth'); args=('user', 'auth')
(0.000) SELECT `django_content_type`.`id`, `django_content_type`.`app_label`, `django_content_type`.`model` FROM `django_content_type` WHERE (`django_content_type`.`model` = 'user' AND `django_content_type`.`app_label` = 'auth'); args=('user', 'auth')
(0.000) INSERT INTO `django_content_type` (`app_label`, `model`) VALUES ('auth', 'user'); args=['auth', 'user']
(0.000) INSERT INTO `django_content_type` (`app_label`, `model`) VALUES ('auth', 'user'); args=['auth', 'user']
(0.000) SELECT `auth_permission`.`content_type_id`, `auth_permission`.`codename` FROM `auth_permission` INNER JOIN `django_content_type` ON (`auth_permission`.`content_type_id` = `django_content_type`.`id`) WHERE `auth_permission`.`content_type_id` IN (2, 3, 4) ORDER BY `django_content_type`.`app_label` ASC, `django_content_type`.`model` ASC, `auth_permission`.`codename` ASC; args=(2, 3, 4)
(0.000) SELECT `auth_permission`.`content_type_id`, `auth_permission`.`codename` FROM `auth_permission` INNER JOIN `django_content_type` ON (`auth_permission`.`content_type_id` = `django_content_type`.`id`) WHERE `auth_permission`.`content_type_id` IN (2, 3, 4) ORDER BY `django_content_type`.`app_label` ASC, `django_content_type`.`model` ASC, `auth_permission`.`codename` ASC; args=(2, 3, 4)
(0.000) INSERT INTO `auth_permission` (`name`, `content_type_id`, `codename`) VALUES ('Can add permission', 2, 'add_permission'), ('Can change permission', 2, 'change_permission'), ('Can delete permission', 2, 'delete_permission'), ('Can add group', 3, 'add_group'), ('Can change group', 3, 'change_group'), ('Can delete group', 3, 'delete_group'), ('Can add user', 4, 'add_user'), ('Can change user', 4, 'change_user'), ('Can delete user', 4, 'delete_user'); args=('Can add permission', 2, 'add_permission', 'Can change permission', 2, 'change_permission', 'Can delete permission', 2, 'delete_permission', 'Can add group', 3, 'add_group', 'Can change group', 3, 'change_group', 'Can delete group', 3, 'delete_group', 'Can add user', 4, 'add_user', 'Can change user', 4, 'change_user', 'Can delete user', 4, 'delete_user')
(0.000) INSERT INTO `auth_permission` (`name`, `content_type_id`, `codename`) VALUES ('Can add permission', 2, 'add_permission'), ('Can change permission', 2, 'change_permission'), ('Can delete permission', 2, 'delete_permission'), ('Can add group', 3, 'add_group'), ('Can change group', 3, 'change_group'), ('Can delete group', 3, 'delete_group'), ('Can add user', 4, 'add_user'), ('Can change user', 4, 'change_user'), ('Can delete user', 4, 'delete_user'); args=('Can add permission', 2, 'add_permission', 'Can change permission', 2, 'change_permission', 'Can delete permission', 2, 'delete_permission', 'Can add group', 3, 'add_group', 'Can change group', 3, 'change_group', 'Can delete group', 3, 'delete_group', 'Can add user', 4, 'add_user', 'Can change user', 4, 'change_user', 'Can delete user', 4, 'delete_user')
(0.000) SELECT `django_content_type`.`id`, `django_content_type`.`app_label`, `django_content_type`.`model` FROM `django_content_type` WHERE `django_content_type`.`app_label` = 'auth'; args=('auth',)
(0.000) SELECT `django_content_type`.`id`, `django_content_type`.`app_label`, `django_content_type`.`model` FROM `django_content_type` WHERE `django_content_type`.`app_label` = 'auth'; args=('auth',)
(0.000) SELECT `django_content_type`.`id`, `django_content_type`.`app_label`, `django_content_type`.`model` FROM `django_content_type` WHERE (`django_content_type`.`model` = 'contenttype' AND `django_content_type`.`app_label` = 'contenttypes'); args=('contenttype', 'contenttypes')
(0.000) SELECT `django_content_type`.`id`, `django_content_type`.`app_label`, `django_content_type`.`model` FROM `django_content_type` WHERE (`django_content_type`.`model` = 'contenttype' AND `django_content_type`.`app_label` = 'contenttypes'); args=('contenttype', 'contenttypes')
(0.000) SELECT `django_content_type`.`id`, `django_content_type`.`app_label`, `django_content_type`.`model` FROM `django_content_type` WHERE (`django_content_type`.`model` = 'contenttype' AND `django_content_type`.`app_label` = 'contenttypes'); args=('contenttype', 'contenttypes')
(0.000) SELECT `django_content_type`.`id`, `django_content_type`.`app_label`, `django_content_type`.`model` FROM `django_content_type` WHERE (`django_content_type`.`model` = 'contenttype' AND `django_content_type`.`app_label` = 'contenttypes'); args=('contenttype', 'contenttypes')
(0.000) INSERT INTO `django_content_type` (`app_label`, `model`) VALUES ('contenttypes', 'contenttype'); args=['contenttypes', 'contenttype']
(0.000) INSERT INTO `django_content_type` (`app_label`, `model`) VALUES ('contenttypes', 'contenttype'); args=['contenttypes', 'contenttype']
(0.000) SELECT `auth_permission`.`content_type_id`, `auth_permission`.`codename` FROM `auth_permission` INNER JOIN `django_content_type` ON (`auth_permission`.`content_type_id` = `django_content_type`.`id`) WHERE `auth_permission`.`content_type_id` IN (5) ORDER BY `django_content_type`.`app_label` ASC, `django_content_type`.`model` ASC, `auth_permission`.`codename` ASC; args=(5,)
(0.000) SELECT `auth_permission`.`content_type_id`, `auth_permission`.`codename` FROM `auth_permission` INNER JOIN `django_content_type` ON (`auth_permission`.`content_type_id` = `django_content_type`.`id`) WHERE `auth_permission`.`content_type_id` IN (5) ORDER BY `django_content_type`.`app_label` ASC, `django_content_type`.`model` ASC, `auth_permission`.`codename` ASC; args=(5,)
(0.000) INSERT INTO `auth_permission` (`name`, `content_type_id`, `codename`) VALUES ('Can add content type', 5, 'add_contenttype'), ('Can change content type', 5, 'change_contenttype'), ('Can delete content type', 5, 'delete_contenttype'); args=('Can add content type', 5, 'add_contenttype', 'Can change content type', 5, 'change_contenttype', 'Can delete content type', 5, 'delete_contenttype')
(0.000) INSERT INTO `auth_permission` (`name`, `content_type_id`, `codename`) VALUES ('Can add content type', 5, 'add_contenttype'), ('Can change content type', 5, 'change_contenttype'), ('Can delete content type', 5, 'delete_contenttype'); args=('Can add content type', 5, 'add_contenttype', 'Can change content type', 5, 'change_contenttype', 'Can delete content type', 5, 'delete_contenttype')
(0.000) SELECT `django_content_type`.`id`, `django_content_type`.`app_label`, `django_content_type`.`model` FROM `django_content_type` WHERE `django_content_type`.`app_label` = 'contenttypes'; args=('contenttypes',)
(0.000) SELECT `django_content_type`.`id`, `django_content_type`.`app_label`, `django_content_type`.`model` FROM `django_content_type` WHERE `django_content_type`.`app_label` = 'contenttypes'; args=('contenttypes',)
(0.000) SELECT `django_content_type`.`id`, `django_content_type`.`app_label`, `django_content_type`.`model` FROM `django_content_type` WHERE (`django_content_type`.`model` = 'session' AND `django_content_type`.`app_label` = 'sessions'); args=('session', 'sessions')
(0.000) SELECT `django_content_type`.`id`, `django_content_type`.`app_label`, `django_content_type`.`model` FROM `django_content_type` WHERE (`django_content_type`.`model` = 'session' AND `django_content_type`.`app_label` = 'sessions'); args=('session', 'sessions')
(0.000) SELECT `django_content_type`.`id`, `django_content_type`.`app_label`, `django_content_type`.`model` FROM `django_content_type` WHERE (`django_content_type`.`model` = 'session' AND `django_content_type`.`app_label` = 'sessions'); args=('session', 'sessions')
(0.000) SELECT `django_content_type`.`id`, `django_content_type`.`app_label`, `django_content_type`.`model` FROM `django_content_type` WHERE (`django_content_type`.`model` = 'session' AND `django_content_type`.`app_label` = 'sessions'); args=('session', 'sessions')
(0.000) INSERT INTO `django_content_type` (`app_label`, `model`) VALUES ('sessions', 'session'); args=['sessions', 'session']
(0.000) INSERT INTO `django_content_type` (`app_label`, `model`) VALUES ('sessions', 'session'); args=['sessions', 'session']
(0.000) SELECT `auth_permission`.`content_type_id`, `auth_permission`.`codename` FROM `auth_permission` INNER JOIN `django_content_type` ON (`auth_permission`.`content_type_id` = `django_content_type`.`id`) WHERE `auth_permission`.`content_type_id` IN (6) ORDER BY `django_content_type`.`app_label` ASC, `django_content_type`.`model` ASC, `auth_permission`.`codename` ASC; args=(6,)
(0.000) SELECT `auth_permission`.`content_type_id`, `auth_permission`.`codename` FROM `auth_permission` INNER JOIN `django_content_type` ON (`auth_permission`.`content_type_id` = `django_content_type`.`id`) WHERE `auth_permission`.`content_type_id` IN (6) ORDER BY `django_content_type`.`app_label` ASC, `django_content_type`.`model` ASC, `auth_permission`.`codename` ASC; args=(6,)
(0.000) INSERT INTO `auth_permission` (`name`, `content_type_id`, `codename`) VALUES ('Can add session', 6, 'add_session'), ('Can change session', 6, 'change_session'), ('Can delete session', 6, 'delete_session'); args=('Can add session', 6, 'add_session', 'Can change session', 6, 'change_session', 'Can delete session', 6, 'delete_session')
(0.000) INSERT INTO `auth_permission` (`name`, `content_type_id`, `codename`) VALUES ('Can add session', 6, 'add_session'), ('Can change session', 6, 'change_session'), ('Can delete session', 6, 'delete_session'); args=('Can add session', 6, 'add_session', 'Can change session', 6, 'change_session', 'Can delete session', 6, 'delete_session')
(0.000) SELECT `django_content_type`.`id`, `django_content_type`.`app_label`, `django_content_type`.`model` FROM `django_content_type` WHERE `django_content_type`.`app_label` = 'sessions'; args=('sessions',)
(0.000) SELECT `django_content_type`.`id`, `django_content_type`.`app_label`, `django_content_type`.`model` FROM `django_content_type` WHERE `django_content_type`.`app_label` = 'sessions'; args=('sessions',)
(0.000) SELECT `django_content_type`.`id`, `django_content_type`.`app_label`, `django_content_type`.`model` FROM `django_content_type` WHERE (`django_content_type`.`model` = 'answer' AND `django_content_type`.`app_label` = 'qa'); args=('answer', 'qa')
(0.000) SELECT `django_content_type`.`id`, `django_content_type`.`app_label`, `django_content_type`.`model` FROM `django_content_type` WHERE (`django_content_type`.`model` = 'answer' AND `django_content_type`.`app_label` = 'qa'); args=('answer', 'qa')
(0.000) SELECT `django_content_type`.`id`, `django_content_type`.`app_label`, `django_content_type`.`model` FROM `django_content_type` WHERE (`django_content_type`.`model` = 'answer' AND `django_content_type`.`app_label` = 'qa'); args=('answer', 'qa')
(0.000) SELECT `django_content_type`.`id`, `django_content_type`.`app_label`, `django_content_type`.`model` FROM `django_content_type` WHERE (`django_content_type`.`model` = 'answer' AND `django_content_type`.`app_label` = 'qa'); args=('answer', 'qa')
(0.000) INSERT INTO `django_content_type` (`app_label`, `model`) VALUES ('qa', 'answer'); args=['qa', 'answer']
(0.000) INSERT INTO `django_content_type` (`app_label`, `model`) VALUES ('qa', 'answer'); args=['qa', 'answer']
(0.000) SELECT `django_content_type`.`id`, `django_content_type`.`app_label`, `django_content_type`.`model` FROM `django_content_type` WHERE (`django_content_type`.`model` = 'question' AND `django_content_type`.`app_label` = 'qa'); args=('question', 'qa')
(0.000) SELECT `django_content_type`.`id`, `django_content_type`.`app_label`, `django_content_type`.`model` FROM `django_content_type` WHERE (`django_content_type`.`model` = 'question' AND `django_content_type`.`app_label` = 'qa'); args=('question', 'qa')
(0.000) SELECT `django_content_type`.`id`, `django_content_type`.`app_label`, `django_content_type`.`model` FROM `django_content_type` WHERE (`django_content_type`.`model` = 'question' AND `django_content_type`.`app_label` = 'qa'); args=('question', 'qa')
(0.000) SELECT `django_content_type`.`id`, `django_content_type`.`app_label`, `django_content_type`.`model` FROM `django_content_type` WHERE (`django_content_type`.`model` = 'question' AND `django_content_type`.`app_label` = 'qa'); args=('question', 'qa')
(0.000) INSERT INTO `django_content_type` (`app_label`, `model`) VALUES ('qa', 'question'); args=['qa', 'question']
(0.000) INSERT INTO `django_content_type` (`app_label`, `model`) VALUES ('qa', 'question'); args=['qa', 'question']
(0.000) SELECT `auth_permission`.`content_type_id`, `auth_permission`.`codename` FROM `auth_permission` INNER JOIN `django_content_type` ON (`auth_permission`.`content_type_id` = `django_content_type`.`id`) WHERE `auth_permission`.`content_type_id` IN (8, 7) ORDER BY `django_content_type`.`app_label` ASC, `django_content_type`.`model` ASC, `auth_permission`.`codename` ASC; args=(8, 7)
(0.000) SELECT `auth_permission`.`content_type_id`, `auth_permission`.`codename` FROM `auth_permission` INNER JOIN `django_content_type` ON (`auth_permission`.`content_type_id` = `django_content_type`.`id`) WHERE `auth_permission`.`content_type_id` IN (8, 7) ORDER BY `django_content_type`.`app_label` ASC, `django_content_type`.`model` ASC, `auth_permission`.`codename` ASC; args=(8, 7)
(0.000) INSERT INTO `auth_permission` (`name`, `content_type_id`, `codename`) VALUES ('Can add answer', 7, 'add_answer'), ('Can change answer', 7, 'change_answer'), ('Can delete answer', 7, 'delete_answer'), ('Can add question', 8, 'add_question'), ('Can change question', 8, 'change_question'), ('Can delete question', 8, 'delete_question'); args=('Can add answer', 7, 'add_answer', 'Can change answer', 7, 'change_answer', 'Can delete answer', 7, 'delete_answer', 'Can add question', 8, 'add_question', 'Can change question', 8, 'change_question', 'Can delete question', 8, 'delete_question')
(0.000) INSERT INTO `auth_permission` (`name`, `content_type_id`, `codename`) VALUES ('Can add answer', 7, 'add_answer'), ('Can change answer', 7, 'change_answer'), ('Can delete answer', 7, 'delete_answer'), ('Can add question', 8, 'add_question'), ('Can change question', 8, 'change_question'), ('Can delete question', 8, 'delete_question'); args=('Can add answer', 7, 'add_answer', 'Can change answer', 7, 'change_answer', 'Can delete answer', 7, 'delete_answer', 'Can add question', 8, 'add_question', 'Can change question', 8, 'change_question', 'Can delete question', 8, 'delete_question')
(0.000) SELECT `django_content_type`.`id`, `django_content_type`.`app_label`, `django_content_type`.`model` FROM `django_content_type` WHERE `django_content_type`.`app_label` = 'qa'; args=('qa',)
(0.000) SELECT `django_content_type`.`id`, `django_content_type`.`app_label`, `django_content_type`.`model` FROM `django_content_type` WHERE `django_content_type`.`app_label` = 'qa'; args=('qa',)
ask_page
ask_page
(0.000) SELECT @@SQL_AUTO_IS_NULL; args=None
(0.000) SELECT @@SQL_AUTO_IS_NULL; args=None
(0.000) INSERT INTO `qa_question` (`title`, `text`, `added_at`, `rating`, `author_id`) VALUES ('x123', '2bo!2b?', '2019-07-11', 0, NULL); args=['x123', '2bo!2b?', '2019-07-11', 0, None]
(0.000) INSERT INTO `qa_question` (`title`, `text`, `added_at`, `rating`, `author_id`) VALUES ('x123', '2bo!2b?', '2019-07-11', 0, NULL); args=['x123', '2bo!2b?', '2019-07-11', 0, None]
Internal Server Error: /ask/
Traceback (most recent call last):
  File "/usr/local/lib/python3.4/dist-packages/django/db/backends/mysql/base.py", line 110, in execute
    return self.cursor.execute(query, args)
  File "/usr/local/lib/python3.4/dist-packages/MySQLdb/cursors.py", line 250, in execute
    self.errorhandler(self, exc, value)
  File "/usr/local/lib/python3.4/dist-packages/MySQLdb/connections.py", line 50, in defaulterrorhandler
    raise errorvalue
  File "/usr/local/lib/python3.4/dist-packages/MySQLdb/cursors.py", line 247, in execute
    res = self._query(query)
  File "/usr/local/lib/python3.4/dist-packages/MySQLdb/cursors.py", line 411, in _query
    rowcount = self._do_query(q)
  File "/usr/local/lib/python3.4/dist-packages/MySQLdb/cursors.py", line 374, in _do_query
    db.query(q)
  File "/usr/local/lib/python3.4/dist-packages/MySQLdb/connections.py", line 292, in query
    _mysql.connection.query(self, query)
_mysql_exceptions.OperationalError: (1048, "Column 'author_id' cannot be null")

During handling of the above exception, another exception occurred:

Traceback (most recent call last):
  File "/usr/local/lib/python3.4/dist-packages/django/core/handlers/exception.py", line 39, in inner
    response = get_response(request)
  File "/usr/local/lib/python3.4/dist-packages/django/core/handlers/base.py", line 187, in _get_response
    response = self.process_exception_by_middleware(e, request)
  File "/usr/local/lib/python3.4/dist-packages/django/core/handlers/base.py", line 185, in _get_response
    response = wrapped_callback(request, *callback_args, **callback_kwargs)
  File "/home/box/web/ask/qa/views.py", line 80, in ask_page
    question = form.save()
  File "/home/box/web/ask/qa/forms.py", line 14, in save
    question.save()
  File "/usr/local/lib/python3.4/dist-packages/django/db/models/base.py", line 796, in save
    force_update=force_update, update_fields=update_fields)
  File "/usr/local/lib/python3.4/dist-packages/django/db/models/base.py", line 824, in save_base
    updated = self._save_table(raw, cls, force_insert, force_update, using, update_fields)
  File "/usr/local/lib/python3.4/dist-packages/django/db/models/base.py", line 908, in _save_table
    result = self._do_insert(cls._base_manager, using, fields, update_pk, raw)
  File "/usr/local/lib/python3.4/dist-packages/django/db/models/base.py", line 947, in _do_insert
    using=using, raw=raw)
  File "/usr/local/lib/python3.4/dist-packages/django/db/models/manager.py", line 85, in manager_method
    return getattr(self.get_queryset(), name)(*args, **kwargs)
  File "/usr/local/lib/python3.4/dist-packages/django/db/models/query.py", line 1045, in _insert
    return query.get_compiler(using=using).execute_sql(return_id)
  File "/usr/local/lib/python3.4/dist-packages/django/db/models/sql/compiler.py", line 1054, in execute_sql
    cursor.execute(sql, params)
  File "/usr/local/lib/python3.4/dist-packages/django/db/backends/utils.py", line 79, in execute
    return super(CursorDebugWrapper, self).execute(sql, params)
  File "/usr/local/lib/python3.4/dist-packages/django/db/backends/utils.py", line 64, in execute
    return self.cursor.execute(sql, params)
  File "/usr/local/lib/python3.4/dist-packages/django/db/backends/mysql/base.py", line 115, in execute
    six.reraise(utils.IntegrityError, utils.IntegrityError(*tuple(e.args)), sys.exc_info()[2])
  File "/usr/local/lib/python3.4/dist-packages/django/utils/six.py", line 685, in reraise
    raise value.with_traceback(tb)
  File "/usr/local/lib/python3.4/dist-packages/django/db/backends/mysql/base.py", line 110, in execute
    return self.cursor.execute(query, args)
  File "/usr/local/lib/python3.4/dist-packages/MySQLdb/cursors.py", line 250, in execute
    self.errorhandler(self, exc, value)
  File "/usr/local/lib/python3.4/dist-packages/MySQLdb/connections.py", line 50, in defaulterrorhandler
    raise errorvalue
  File "/usr/local/lib/python3.4/dist-packages/MySQLdb/cursors.py", line 247, in execute
    res = self._query(query)
  File "/usr/local/lib/python3.4/dist-packages/MySQLdb/cursors.py", line 411, in _query
    rowcount = self._do_query(q)
  File "/usr/local/lib/python3.4/dist-packages/MySQLdb/cursors.py", line 374, in _do_query
    db.query(q)
  File "/usr/local/lib/python3.4/dist-packages/MySQLdb/connections.py", line 292, in query
    _mysql.connection.query(self, query)
django.db.utils.IntegrityError: (1048, "Column 'author_id' cannot be null")
Internal Server Error: /ask/
Traceback (most recent call last):
  File "/usr/local/lib/python3.4/dist-packages/django/db/backends/mysql/base.py", line 110, in execute
    return self.cursor.execute(query, args)
  File "/usr/local/lib/python3.4/dist-packages/MySQLdb/cursors.py", line 250, in execute
    self.errorhandler(self, exc, value)
  File "/usr/local/lib/python3.4/dist-packages/MySQLdb/connections.py", line 50, in defaulterrorhandler
    raise errorvalue
  File "/usr/local/lib/python3.4/dist-packages/MySQLdb/cursors.py", line 247, in execute
    res = self._query(query)
  File "/usr/local/lib/python3.4/dist-packages/MySQLdb/cursors.py", line 411, in _query
    rowcount = self._do_query(q)
  File "/usr/local/lib/python3.4/dist-packages/MySQLdb/cursors.py", line 374, in _do_query
    db.query(q)
  File "/usr/local/lib/python3.4/dist-packages/MySQLdb/connections.py", line 292, in query
    _mysql.connection.query(self, query)
_mysql_exceptions.OperationalError: (1048, "Column 'author_id' cannot be null")

During handling of the above exception, another exception occurred:

Traceback (most recent call last):
  File "/usr/local/lib/python3.4/dist-packages/django/core/handlers/exception.py", line 39, in inner
    response = get_response(request)
  File "/usr/local/lib/python3.4/dist-packages/django/core/handlers/base.py", line 187, in _get_response
    response = self.process_exception_by_middleware(e, request)
  File "/usr/local/lib/python3.4/dist-packages/django/core/handlers/base.py", line 185, in _get_response
    response = wrapped_callback(request, *callback_args, **callback_kwargs)
  File "/home/box/web/ask/qa/views.py", line 80, in ask_page
    question = form.save()
  File "/home/box/web/ask/qa/forms.py", line 14, in save
    question.save()
  File "/usr/local/lib/python3.4/dist-packages/django/db/models/base.py", line 796, in save
    force_update=force_update, update_fields=update_fields)
  File "/usr/local/lib/python3.4/dist-packages/django/db/models/base.py", line 824, in save_base
    updated = self._save_table(raw, cls, force_insert, force_update, using, update_fields)
  File "/usr/local/lib/python3.4/dist-packages/django/db/models/base.py", line 908, in _save_table
    result = self._do_insert(cls._base_manager, using, fields, update_pk, raw)
  File "/usr/local/lib/python3.4/dist-packages/django/db/models/base.py", line 947, in _do_insert
    using=using, raw=raw)
  File "/usr/local/lib/python3.4/dist-packages/django/db/models/manager.py", line 85, in manager_method
    return getattr(self.get_queryset(), name)(*args, **kwargs)
  File "/usr/local/lib/python3.4/dist-packages/django/db/models/query.py", line 1045, in _insert
    return query.get_compiler(using=using).execute_sql(return_id)
  File "/usr/local/lib/python3.4/dist-packages/django/db/models/sql/compiler.py", line 1054, in execute_sql
    cursor.execute(sql, params)
  File "/usr/local/lib/python3.4/dist-packages/django/db/backends/utils.py", line 79, in execute
    return super(CursorDebugWrapper, self).execute(sql, params)
  File "/usr/local/lib/python3.4/dist-packages/django/db/backends/utils.py", line 64, in execute
    return self.cursor.execute(sql, params)
  File "/usr/local/lib/python3.4/dist-packages/django/db/backends/mysql/base.py", line 115, in execute
    six.reraise(utils.IntegrityError, utils.IntegrityError(*tuple(e.args)), sys.exc_info()[2])
  File "/usr/local/lib/python3.4/dist-packages/django/utils/six.py", line 685, in reraise
    raise value.with_traceback(tb)
  File "/usr/local/lib/python3.4/dist-packages/django/db/backends/mysql/base.py", line 110, in execute
    return self.cursor.execute(query, args)
  File "/usr/local/lib/python3.4/dist-packages/MySQLdb/cursors.py", line 250, in execute
    self.errorhandler(self, exc, value)
  File "/usr/local/lib/python3.4/dist-packages/MySQLdb/connections.py", line 50, in defaulterrorhandler
    raise errorvalue
  File "/usr/local/lib/python3.4/dist-packages/MySQLdb/cursors.py", line 247, in execute
    res = self._query(query)
  File "/usr/local/lib/python3.4/dist-packages/MySQLdb/cursors.py", line 411, in _query
    rowcount = self._do_query(q)
  File "/usr/local/lib/python3.4/dist-packages/MySQLdb/cursors.py", line 374, in _do_query
    db.query(q)
  File "/usr/local/lib/python3.4/dist-packages/MySQLdb/connections.py", line 292, in query
    _mysql.connection.query(self, query)
django.db.utils.IntegrityError: (1048, "Column 'author_id' cannot be null")
Internal Server Error: /ask/
Traceback (most recent call last):
  File "/usr/local/lib/python3.4/dist-packages/django/db/backends/mysql/base.py", line 110, in execute
    return self.cursor.execute(query, args)
  File "/usr/local/lib/python3.4/dist-packages/MySQLdb/cursors.py", line 250, in execute
    self.errorhandler(self, exc, value)
  File "/usr/local/lib/python3.4/dist-packages/MySQLdb/connections.py", line 50, in defaulterrorhandler
    raise errorvalue
  File "/usr/local/lib/python3.4/dist-packages/MySQLdb/cursors.py", line 247, in execute
    res = self._query(query)
  File "/usr/local/lib/python3.4/dist-packages/MySQLdb/cursors.py", line 411, in _query
    rowcount = self._do_query(q)
  File "/usr/local/lib/python3.4/dist-packages/MySQLdb/cursors.py", line 374, in _do_query
    db.query(q)
  File "/usr/local/lib/python3.4/dist-packages/MySQLdb/connections.py", line 292, in query
    _mysql.connection.query(self, query)
_mysql_exceptions.OperationalError: (1048, "Column 'author_id' cannot be null")

During handling of the above exception, another exception occurred:

Traceback (most recent call last):
  File "/usr/local/lib/python3.4/dist-packages/django/core/handlers/exception.py", line 39, in inner
    response = get_response(request)
  File "/usr/local/lib/python3.4/dist-packages/django/core/handlers/base.py", line 187, in _get_response
    response = self.process_exception_by_middleware(e, request)
  File "/usr/local/lib/python3.4/dist-packages/django/core/handlers/base.py", line 185, in _get_response
    response = wrapped_callback(request, *callback_args, **callback_kwargs)
  File "/home/box/web/ask/qa/views.py", line 80, in ask_page
    question = form.save()
  File "/home/box/web/ask/qa/forms.py", line 14, in save
    question.save()
  File "/usr/local/lib/python3.4/dist-packages/django/db/models/base.py", line 796, in save
    force_update=force_update, update_fields=update_fields)
  File "/usr/local/lib/python3.4/dist-packages/django/db/models/base.py", line 824, in save_base
    updated = self._save_table(raw, cls, force_insert, force_update, using, update_fields)
  File "/usr/local/lib/python3.4/dist-packages/django/db/models/base.py", line 908, in _save_table
    result = self._do_insert(cls._base_manager, using, fields, update_pk, raw)
  File "/usr/local/lib/python3.4/dist-packages/django/db/models/base.py", line 947, in _do_insert
    using=using, raw=raw)
  File "/usr/local/lib/python3.4/dist-packages/django/db/models/manager.py", line 85, in manager_method
    return getattr(self.get_queryset(), name)(*args, **kwargs)
  File "/usr/local/lib/python3.4/dist-packages/django/db/models/query.py", line 1045, in _insert
    return query.get_compiler(using=using).execute_sql(return_id)
  File "/usr/local/lib/python3.4/dist-packages/django/db/models/sql/compiler.py", line 1054, in execute_sql
    cursor.execute(sql, params)
  File "/usr/local/lib/python3.4/dist-packages/django/db/backends/utils.py", line 79, in execute
    return super(CursorDebugWrapper, self).execute(sql, params)
  File "/usr/local/lib/python3.4/dist-packages/django/db/backends/utils.py", line 64, in execute
    return self.cursor.execute(sql, params)
  File "/usr/local/lib/python3.4/dist-packages/django/db/backends/mysql/base.py", line 115, in execute
    six.reraise(utils.IntegrityError, utils.IntegrityError(*tuple(e.args)), sys.exc_info()[2])
  File "/usr/local/lib/python3.4/dist-packages/django/utils/six.py", line 685, in reraise
    raise value.with_traceback(tb)
  File "/usr/local/lib/python3.4/dist-packages/django/db/backends/mysql/base.py", line 110, in execute
    return self.cursor.execute(query, args)
  File "/usr/local/lib/python3.4/dist-packages/MySQLdb/cursors.py", line 250, in execute
    self.errorhandler(self, exc, value)
  File "/usr/local/lib/python3.4/dist-packages/MySQLdb/connections.py", line 50, in defaulterrorhandler
    raise errorvalue
  File "/usr/local/lib/python3.4/dist-packages/MySQLdb/cursors.py", line 247, in execute
    res = self._query(query)
  File "/usr/local/lib/python3.4/dist-packages/MySQLdb/cursors.py", line 411, in _query
    rowcount = self._do_query(q)
  File "/usr/local/lib/python3.4/dist-packages/MySQLdb/cursors.py", line 374, in _do_query
    db.query(q)
  File "/usr/local/lib/python3.4/dist-packages/MySQLdb/connections.py", line 292, in query
    _mysql.connection.query(self, query)
django.db.utils.IntegrityError: (1048, "Column 'author_id' cannot be null")
(0.000) SELECT `qa_question`.`id`, `qa_question`.`title`, `qa_question`.`text`, `qa_question`.`added_at`, `qa_question`.`rating`, `qa_question`.`author_id` FROM `qa_question` LIMIT 21; args=()
(0.000) SELECT `qa_question`.`id`, `qa_question`.`title`, `qa_question`.`text`, `qa_question`.`added_at`, `qa_question`.`rating`, `qa_question`.`author_id` FROM `qa_question` LIMIT 21; args=()
(0.000) SELECT @@SQL_AUTO_IS_NULL; args=None
(0.000) SELECT @@SQL_AUTO_IS_NULL; args=None
(0.000) SELECT VERSION(); args=None
(0.000) SELECT VERSION(); args=None
(0.000) SHOW FULL TABLES; args=None
(0.000) SHOW FULL TABLES; args=None
(0.000) SELECT `django_migrations`.`app`, `django_migrations`.`name` FROM `django_migrations`; args=()
(0.000) SELECT `django_migrations`.`app`, `django_migrations`.`name` FROM `django_migrations`; args=()
(0.000) SELECT @@SQL_AUTO_IS_NULL; args=None
(0.000) SELECT @@SQL_AUTO_IS_NULL; args=None
(0.000) SELECT @@sql_mode; args=None
(0.000) SELECT @@sql_mode; args=None
(0.000) SELECT VERSION(); args=None
(0.000) SELECT VERSION(); args=None
(0.002) SHOW FULL TABLES; args=None
(0.002) SHOW FULL TABLES; args=None
(0.000) SELECT `django_migrations`.`app`, `django_migrations`.`name` FROM `django_migrations`; args=()
(0.000) SELECT `django_migrations`.`app`, `django_migrations`.`name` FROM `django_migrations`; args=()
(0.000) SHOW FULL TABLES; args=None
(0.000) SHOW FULL TABLES; args=None
(0.000) SELECT `django_migrations`.`app`, `django_migrations`.`name` FROM `django_migrations`; args=()
(0.000) SELECT `django_migrations`.`app`, `django_migrations`.`name` FROM `django_migrations`; args=()
(0.001) 
            SELECT kc.`constraint_name`, kc.`column_name`,
                kc.`referenced_table_name`, kc.`referenced_column_name`
            FROM information_schema.key_column_usage AS kc
            WHERE
                kc.table_schema = DATABASE() AND
                kc.table_name = 'qa_answer'
        ; args=['qa_answer']
(0.001) 
            SELECT kc.`constraint_name`, kc.`column_name`,
                kc.`referenced_table_name`, kc.`referenced_column_name`
            FROM information_schema.key_column_usage AS kc
            WHERE
                kc.table_schema = DATABASE() AND
                kc.table_name = 'qa_answer'
        ; args=['qa_answer']
(0.000) 
            SELECT c.constraint_name, c.constraint_type
            FROM information_schema.table_constraints AS c
            WHERE
                c.table_schema = DATABASE() AND
                c.table_name = 'qa_answer'
        ; args=['qa_answer']
(0.000) 
            SELECT c.constraint_name, c.constraint_type
            FROM information_schema.table_constraints AS c
            WHERE
                c.table_schema = DATABASE() AND
                c.table_name = 'qa_answer'
        ; args=['qa_answer']
(0.000) SHOW INDEX FROM `qa_answer`; args=None
(0.000) SHOW INDEX FROM `qa_answer`; args=None
ALTER TABLE `qa_answer` DROP FOREIGN KEY `qa_answer_author_id_fdca825d_fk_auth_user_id`; (params [])
ALTER TABLE `qa_answer` DROP FOREIGN KEY `qa_answer_author_id_fdca825d_fk_auth_user_id`; (params [])
(0.353) ALTER TABLE `qa_answer` DROP FOREIGN KEY `qa_answer_author_id_fdca825d_fk_auth_user_id`; args=[]
(0.353) ALTER TABLE `qa_answer` DROP FOREIGN KEY `qa_answer_author_id_fdca825d_fk_auth_user_id`; args=[]
ALTER TABLE `qa_answer` ADD CONSTRAINT `qa_answer_author_id_fdca825d_fk_auth_user_id` FOREIGN KEY (`author_id`) REFERENCES `auth_user` (`id`); (params [])
ALTER TABLE `qa_answer` ADD CONSTRAINT `qa_answer_author_id_fdca825d_fk_auth_user_id` FOREIGN KEY (`author_id`) REFERENCES `auth_user` (`id`); (params [])
(0.151) ALTER TABLE `qa_answer` ADD CONSTRAINT `qa_answer_author_id_fdca825d_fk_auth_user_id` FOREIGN KEY (`author_id`) REFERENCES `auth_user` (`id`); args=[]
(0.151) ALTER TABLE `qa_answer` ADD CONSTRAINT `qa_answer_author_id_fdca825d_fk_auth_user_id` FOREIGN KEY (`author_id`) REFERENCES `auth_user` (`id`); args=[]
(0.005) 
            SELECT kc.`constraint_name`, kc.`column_name`,
                kc.`referenced_table_name`, kc.`referenced_column_name`
            FROM information_schema.key_column_usage AS kc
            WHERE
                kc.table_schema = DATABASE() AND
                kc.table_name = 'qa_question'
        ; args=['qa_question']
(0.005) 
            SELECT kc.`constraint_name`, kc.`column_name`,
                kc.`referenced_table_name`, kc.`referenced_column_name`
            FROM information_schema.key_column_usage AS kc
            WHERE
                kc.table_schema = DATABASE() AND
                kc.table_name = 'qa_question'
        ; args=['qa_question']
(0.000) 
            SELECT c.constraint_name, c.constraint_type
            FROM information_schema.table_constraints AS c
            WHERE
                c.table_schema = DATABASE() AND
                c.table_name = 'qa_question'
        ; args=['qa_question']
(0.000) 
            SELECT c.constraint_name, c.constraint_type
            FROM information_schema.table_constraints AS c
            WHERE
                c.table_schema = DATABASE() AND
                c.table_name = 'qa_question'
        ; args=['qa_question']
(0.004) SHOW INDEX FROM `qa_question`; args=None
(0.004) SHOW INDEX FROM `qa_question`; args=None
ALTER TABLE `qa_question` DROP FOREIGN KEY `qa_question_author_id_3665c779_fk_auth_user_id`; (params [])
ALTER TABLE `qa_question` DROP FOREIGN KEY `qa_question_author_id_3665c779_fk_auth_user_id`; (params [])
(0.102) ALTER TABLE `qa_question` DROP FOREIGN KEY `qa_question_author_id_3665c779_fk_auth_user_id`; args=[]
(0.102) ALTER TABLE `qa_question` DROP FOREIGN KEY `qa_question_author_id_3665c779_fk_auth_user_id`; args=[]
ALTER TABLE `qa_question` ADD CONSTRAINT `qa_question_author_id_3665c779_fk_auth_user_id` FOREIGN KEY (`author_id`) REFERENCES `auth_user` (`id`); (params [])
ALTER TABLE `qa_question` ADD CONSTRAINT `qa_question_author_id_3665c779_fk_auth_user_id` FOREIGN KEY (`author_id`) REFERENCES `auth_user` (`id`); (params [])
(0.052) ALTER TABLE `qa_question` ADD CONSTRAINT `qa_question_author_id_3665c779_fk_auth_user_id` FOREIGN KEY (`author_id`) REFERENCES `auth_user` (`id`); args=[]
(0.052) ALTER TABLE `qa_question` ADD CONSTRAINT `qa_question_author_id_3665c779_fk_auth_user_id` FOREIGN KEY (`author_id`) REFERENCES `auth_user` (`id`); args=[]
(0.000) SHOW FULL TABLES; args=None
(0.000) SHOW FULL TABLES; args=None
(0.002) INSERT INTO `django_migrations` (`app`, `name`, `applied`) VALUES ('qa', '0006_auto_20190711_0754', '2019-07-11 07:54:33'); args=['qa', '0006_auto_20190711_0754', '2019-07-11 07:54:33']
(0.002) INSERT INTO `django_migrations` (`app`, `name`, `applied`) VALUES ('qa', '0006_auto_20190711_0754', '2019-07-11 07:54:33'); args=['qa', '0006_auto_20190711_0754', '2019-07-11 07:54:33']
(0.001) SHOW FULL TABLES; args=None
(0.001) SHOW FULL TABLES; args=None
(0.001) SELECT `django_migrations`.`app`, `django_migrations`.`name` FROM `django_migrations`; args=()
(0.001) SELECT `django_migrations`.`app`, `django_migrations`.`name` FROM `django_migrations`; args=()
(0.000) SELECT `django_content_type`.`id`, `django_content_type`.`app_label`, `django_content_type`.`model` FROM `django_content_type` WHERE (`django_content_type`.`model` = 'logentry' AND `django_content_type`.`app_label` = 'admin'); args=('logentry', 'admin')
(0.000) SELECT `django_content_type`.`id`, `django_content_type`.`app_label`, `django_content_type`.`model` FROM `django_content_type` WHERE (`django_content_type`.`model` = 'logentry' AND `django_content_type`.`app_label` = 'admin'); args=('logentry', 'admin')
(0.000) SELECT `auth_permission`.`content_type_id`, `auth_permission`.`codename` FROM `auth_permission` INNER JOIN `django_content_type` ON (`auth_permission`.`content_type_id` = `django_content_type`.`id`) WHERE `auth_permission`.`content_type_id` IN (1) ORDER BY `django_content_type`.`app_label` ASC, `django_content_type`.`model` ASC, `auth_permission`.`codename` ASC; args=(1,)
(0.000) SELECT `auth_permission`.`content_type_id`, `auth_permission`.`codename` FROM `auth_permission` INNER JOIN `django_content_type` ON (`auth_permission`.`content_type_id` = `django_content_type`.`id`) WHERE `auth_permission`.`content_type_id` IN (1) ORDER BY `django_content_type`.`app_label` ASC, `django_content_type`.`model` ASC, `auth_permission`.`codename` ASC; args=(1,)
(0.000) SELECT `django_content_type`.`id`, `django_content_type`.`app_label`, `django_content_type`.`model` FROM `django_content_type` WHERE `django_content_type`.`app_label` = 'admin'; args=('admin',)
(0.000) SELECT `django_content_type`.`id`, `django_content_type`.`app_label`, `django_content_type`.`model` FROM `django_content_type` WHERE `django_content_type`.`app_label` = 'admin'; args=('admin',)
(0.000) SELECT `django_content_type`.`id`, `django_content_type`.`app_label`, `django_content_type`.`model` FROM `django_content_type` WHERE (`django_content_type`.`model` = 'group' AND `django_content_type`.`app_label` = 'auth'); args=('group', 'auth')
(0.000) SELECT `django_content_type`.`id`, `django_content_type`.`app_label`, `django_content_type`.`model` FROM `django_content_type` WHERE (`django_content_type`.`model` = 'group' AND `django_content_type`.`app_label` = 'auth'); args=('group', 'auth')
(0.001) SELECT `django_content_type`.`id`, `django_content_type`.`app_label`, `django_content_type`.`model` FROM `django_content_type` WHERE (`django_content_type`.`model` = 'permission' AND `django_content_type`.`app_label` = 'auth'); args=('permission', 'auth')
(0.001) SELECT `django_content_type`.`id`, `django_content_type`.`app_label`, `django_content_type`.`model` FROM `django_content_type` WHERE (`django_content_type`.`model` = 'permission' AND `django_content_type`.`app_label` = 'auth'); args=('permission', 'auth')
(0.004) SELECT `django_content_type`.`id`, `django_content_type`.`app_label`, `django_content_type`.`model` FROM `django_content_type` WHERE (`django_content_type`.`model` = 'user' AND `django_content_type`.`app_label` = 'auth'); args=('user', 'auth')
(0.004) SELECT `django_content_type`.`id`, `django_content_type`.`app_label`, `django_content_type`.`model` FROM `django_content_type` WHERE (`django_content_type`.`model` = 'user' AND `django_content_type`.`app_label` = 'auth'); args=('user', 'auth')
(0.002) SELECT `auth_permission`.`content_type_id`, `auth_permission`.`codename` FROM `auth_permission` INNER JOIN `django_content_type` ON (`auth_permission`.`content_type_id` = `django_content_type`.`id`) WHERE `auth_permission`.`content_type_id` IN (2, 3, 4) ORDER BY `django_content_type`.`app_label` ASC, `django_content_type`.`model` ASC, `auth_permission`.`codename` ASC; args=(2, 3, 4)
(0.002) SELECT `auth_permission`.`content_type_id`, `auth_permission`.`codename` FROM `auth_permission` INNER JOIN `django_content_type` ON (`auth_permission`.`content_type_id` = `django_content_type`.`id`) WHERE `auth_permission`.`content_type_id` IN (2, 3, 4) ORDER BY `django_content_type`.`app_label` ASC, `django_content_type`.`model` ASC, `auth_permission`.`codename` ASC; args=(2, 3, 4)
(0.000) SELECT `django_content_type`.`id`, `django_content_type`.`app_label`, `django_content_type`.`model` FROM `django_content_type` WHERE `django_content_type`.`app_label` = 'auth'; args=('auth',)
(0.000) SELECT `django_content_type`.`id`, `django_content_type`.`app_label`, `django_content_type`.`model` FROM `django_content_type` WHERE `django_content_type`.`app_label` = 'auth'; args=('auth',)
(0.000) SELECT `django_content_type`.`id`, `django_content_type`.`app_label`, `django_content_type`.`model` FROM `django_content_type` WHERE (`django_content_type`.`model` = 'contenttype' AND `django_content_type`.`app_label` = 'contenttypes'); args=('contenttype', 'contenttypes')
(0.000) SELECT `django_content_type`.`id`, `django_content_type`.`app_label`, `django_content_type`.`model` FROM `django_content_type` WHERE (`django_content_type`.`model` = 'contenttype' AND `django_content_type`.`app_label` = 'contenttypes'); args=('contenttype', 'contenttypes')
(0.002) SELECT `auth_permission`.`content_type_id`, `auth_permission`.`codename` FROM `auth_permission` INNER JOIN `django_content_type` ON (`auth_permission`.`content_type_id` = `django_content_type`.`id`) WHERE `auth_permission`.`content_type_id` IN (5) ORDER BY `django_content_type`.`app_label` ASC, `django_content_type`.`model` ASC, `auth_permission`.`codename` ASC; args=(5,)
(0.002) SELECT `auth_permission`.`content_type_id`, `auth_permission`.`codename` FROM `auth_permission` INNER JOIN `django_content_type` ON (`auth_permission`.`content_type_id` = `django_content_type`.`id`) WHERE `auth_permission`.`content_type_id` IN (5) ORDER BY `django_content_type`.`app_label` ASC, `django_content_type`.`model` ASC, `auth_permission`.`codename` ASC; args=(5,)
(0.004) SELECT `django_content_type`.`id`, `django_content_type`.`app_label`, `django_content_type`.`model` FROM `django_content_type` WHERE `django_content_type`.`app_label` = 'contenttypes'; args=('contenttypes',)
(0.004) SELECT `django_content_type`.`id`, `django_content_type`.`app_label`, `django_content_type`.`model` FROM `django_content_type` WHERE `django_content_type`.`app_label` = 'contenttypes'; args=('contenttypes',)
(0.000) SELECT `django_content_type`.`id`, `django_content_type`.`app_label`, `django_content_type`.`model` FROM `django_content_type` WHERE (`django_content_type`.`model` = 'session' AND `django_content_type`.`app_label` = 'sessions'); args=('session', 'sessions')
(0.000) SELECT `django_content_type`.`id`, `django_content_type`.`app_label`, `django_content_type`.`model` FROM `django_content_type` WHERE (`django_content_type`.`model` = 'session' AND `django_content_type`.`app_label` = 'sessions'); args=('session', 'sessions')
(0.005) SELECT `auth_permission`.`content_type_id`, `auth_permission`.`codename` FROM `auth_permission` INNER JOIN `django_content_type` ON (`auth_permission`.`content_type_id` = `django_content_type`.`id`) WHERE `auth_permission`.`content_type_id` IN (6) ORDER BY `django_content_type`.`app_label` ASC, `django_content_type`.`model` ASC, `auth_permission`.`codename` ASC; args=(6,)
(0.005) SELECT `auth_permission`.`content_type_id`, `auth_permission`.`codename` FROM `auth_permission` INNER JOIN `django_content_type` ON (`auth_permission`.`content_type_id` = `django_content_type`.`id`) WHERE `auth_permission`.`content_type_id` IN (6) ORDER BY `django_content_type`.`app_label` ASC, `django_content_type`.`model` ASC, `auth_permission`.`codename` ASC; args=(6,)
(0.000) SELECT `django_content_type`.`id`, `django_content_type`.`app_label`, `django_content_type`.`model` FROM `django_content_type` WHERE `django_content_type`.`app_label` = 'sessions'; args=('sessions',)
(0.000) SELECT `django_content_type`.`id`, `django_content_type`.`app_label`, `django_content_type`.`model` FROM `django_content_type` WHERE `django_content_type`.`app_label` = 'sessions'; args=('sessions',)
(0.003) SELECT `django_content_type`.`id`, `django_content_type`.`app_label`, `django_content_type`.`model` FROM `django_content_type` WHERE (`django_content_type`.`model` = 'answer' AND `django_content_type`.`app_label` = 'qa'); args=('answer', 'qa')
(0.003) SELECT `django_content_type`.`id`, `django_content_type`.`app_label`, `django_content_type`.`model` FROM `django_content_type` WHERE (`django_content_type`.`model` = 'answer' AND `django_content_type`.`app_label` = 'qa'); args=('answer', 'qa')
(0.003) SELECT `django_content_type`.`id`, `django_content_type`.`app_label`, `django_content_type`.`model` FROM `django_content_type` WHERE (`django_content_type`.`model` = 'question' AND `django_content_type`.`app_label` = 'qa'); args=('question', 'qa')
(0.003) SELECT `django_content_type`.`id`, `django_content_type`.`app_label`, `django_content_type`.`model` FROM `django_content_type` WHERE (`django_content_type`.`model` = 'question' AND `django_content_type`.`app_label` = 'qa'); args=('question', 'qa')
(0.003) SELECT `auth_permission`.`content_type_id`, `auth_permission`.`codename` FROM `auth_permission` INNER JOIN `django_content_type` ON (`auth_permission`.`content_type_id` = `django_content_type`.`id`) WHERE `auth_permission`.`content_type_id` IN (8, 7) ORDER BY `django_content_type`.`app_label` ASC, `django_content_type`.`model` ASC, `auth_permission`.`codename` ASC; args=(8, 7)
(0.003) SELECT `auth_permission`.`content_type_id`, `auth_permission`.`codename` FROM `auth_permission` INNER JOIN `django_content_type` ON (`auth_permission`.`content_type_id` = `django_content_type`.`id`) WHERE `auth_permission`.`content_type_id` IN (8, 7) ORDER BY `django_content_type`.`app_label` ASC, `django_content_type`.`model` ASC, `auth_permission`.`codename` ASC; args=(8, 7)
(0.001) SELECT `django_content_type`.`id`, `django_content_type`.`app_label`, `django_content_type`.`model` FROM `django_content_type` WHERE `django_content_type`.`app_label` = 'qa'; args=('qa',)
(0.001) SELECT `django_content_type`.`id`, `django_content_type`.`app_label`, `django_content_type`.`model` FROM `django_content_type` WHERE `django_content_type`.`app_label` = 'qa'; args=('qa',)
ask_page
ask_page
(0.000) SELECT @@SQL_AUTO_IS_NULL; args=None
(0.000) SELECT @@SQL_AUTO_IS_NULL; args=None
(0.000) SELECT VERSION(); args=None
(0.000) SELECT VERSION(); args=None
(0.000) SELECT `auth_user`.`id`, `auth_user`.`password`, `auth_user`.`last_login`, `auth_user`.`is_superuser`, `auth_user`.`username`, `auth_user`.`first_name`, `auth_user`.`last_name`, `auth_user`.`email`, `auth_user`.`is_staff`, `auth_user`.`is_active`, `auth_user`.`date_joined` FROM `auth_user` WHERE `auth_user`.`username` = 'first_user'; args=('first_user',)
(0.000) SELECT `auth_user`.`id`, `auth_user`.`password`, `auth_user`.`last_login`, `auth_user`.`is_superuser`, `auth_user`.`username`, `auth_user`.`first_name`, `auth_user`.`last_name`, `auth_user`.`email`, `auth_user`.`is_staff`, `auth_user`.`is_active`, `auth_user`.`date_joined` FROM `auth_user` WHERE `auth_user`.`username` = 'first_user'; args=('first_user',)
(0.000) INSERT INTO `auth_user` (`password`, `last_login`, `is_superuser`, `username`, `first_name`, `last_name`, `email`, `is_staff`, `is_active`, `date_joined`) VALUES ('', NULL, 1, 'first_user', '', '', '', 1, 1, '2019-07-11 07:54:43'); args=['', None, True, 'first_user', '', '', '', True, True, '2019-07-11 07:54:43']
(0.000) INSERT INTO `auth_user` (`password`, `last_login`, `is_superuser`, `username`, `first_name`, `last_name`, `email`, `is_staff`, `is_active`, `date_joined`) VALUES ('', NULL, 1, 'first_user', '', '', '', 1, 1, '2019-07-11 07:54:43'); args=['', None, True, 'first_user', '', '', '', True, True, '2019-07-11 07:54:43']
(0.000) INSERT INTO `qa_question` (`title`, `text`, `added_at`, `rating`, `author_id`) VALUES ('x123', '2bo!2b?', '2019-07-11', 0, 1); args=['x123', '2bo!2b?', '2019-07-11', 0, 1]
(0.000) INSERT INTO `qa_question` (`title`, `text`, `added_at`, `rating`, `author_id`) VALUES ('x123', '2bo!2b?', '2019-07-11', 0, 1); args=['x123', '2bo!2b?', '2019-07-11', 0, 1]
question_page
(0.000) SELECT `qa_question`.`id`, `qa_question`.`title`, `qa_question`.`text`, `qa_question`.`added_at`, `qa_question`.`rating`, `qa_question`.`author_id` FROM `qa_question` WHERE `qa_question`.`id` = 1; args=(1,)
(0.000) SELECT `qa_question`.`id`, `qa_question`.`title`, `qa_question`.`text`, `qa_question`.`added_at`, `qa_question`.`rating`, `qa_question`.`author_id` FROM `qa_question` WHERE `qa_question`.`id` = 1; args=(1,)
(0.000) SELECT `qa_answer`.`id`, `qa_answer`.`text`, `qa_answer`.`added_at`, `qa_answer`.`question_id`, `qa_answer`.`author_id` FROM `qa_answer` WHERE `qa_answer`.`question_id` = 1; args=(1,)
(0.000) SELECT `qa_answer`.`id`, `qa_answer`.`text`, `qa_answer`.`added_at`, `qa_answer`.`question_id`, `qa_answer`.`author_id` FROM `qa_answer` WHERE `qa_answer`.`question_id` = 1; args=(1,)
question_page
Internal Server Error: /question/1/
Traceback (most recent call last):
  File "/usr/local/lib/python3.4/dist-packages/django/core/handlers/exception.py", line 39, in inner
    response = get_response(request)
  File "/usr/local/lib/python3.4/dist-packages/django/core/handlers/base.py", line 198, in _get_response
    "returned None instead." % (callback.__module__, view_name)
ValueError: The view qa.views.question_page didn't return an HttpResponse object. It returned None instead.
Internal Server Error: /question/1/
Traceback (most recent call last):
  File "/usr/local/lib/python3.4/dist-packages/django/core/handlers/exception.py", line 39, in inner
    response = get_response(request)
  File "/usr/local/lib/python3.4/dist-packages/django/core/handlers/base.py", line 198, in _get_response
    "returned None instead." % (callback.__module__, view_name)
ValueError: The view qa.views.question_page didn't return an HttpResponse object. It returned None instead.
Internal Server Error: /question/1/
Traceback (most recent call last):
  File "/usr/local/lib/python3.4/dist-packages/django/core/handlers/exception.py", line 39, in inner
    response = get_response(request)
  File "/usr/local/lib/python3.4/dist-packages/django/core/handlers/base.py", line 198, in _get_response
    "returned None instead." % (callback.__module__, view_name)
ValueError: The view qa.views.question_page didn't return an HttpResponse object. It returned None instead.
